jester: 27 classes
storing name: TSM_jester_RGB_resnet50_shift8_blockres_avg_segment8_e25

    Initializing TSN with base model: resnet50.
    TSN Configurations:
        input_modality:     RGB
        num_segments:       8
        new_length:         1
        consensus_module:   avg
        dropout_ratio:      0.8
        img_feature_dim:    256
            
=> base model: resnet50
Adding temporal shift...
=> n_segment per stage: [8, 8, 8, 8]
=> Processing stage with 3 blocks residual
=> Using fold div: 8
=> Using fold div: 8
=> Using fold div: 8
=> Processing stage with 4 blocks residual
=> Using fold div: 8
=> Using fold div: 8
=> Using fold div: 8
=> Using fold div: 8
=> Processing stage with 6 blocks residual
=> Using fold div: 8
=> Using fold div: 8
=> Using fold div: 8
=> Using fold div: 8
=> Using fold div: 8
=> Using fold div: 8
=> Processing stage with 3 blocks residual
=> Using fold div: 8
=> Using fold div: 8
=> Using fold div: 8
#################### NO FLIP!!!
=> fine-tuning from 'pretrained/TSM_kinetics_RGB_resnet50_shift8_blockres_avg_segment8_e50.pth'
#### Notice: keys that failed to load: set()
=> New dataset, do not load fc weights
video number:118562
video number:14787
group: first_conv_weight has 1 params, lr_mult: 1, decay_mult: 1
group: first_conv_bias has 0 params, lr_mult: 2, decay_mult: 0
group: normal_weight has 52 params, lr_mult: 1, decay_mult: 1
group: normal_bias has 0 params, lr_mult: 2, decay_mult: 0
group: BN scale/shift has 2 params, lr_mult: 1, decay_mult: 0
group: custom_ops has 0 params, lr_mult: 1, decay_mult: 1
group: lr5_weight has 1 params, lr_mult: 5, decay_mult: 1
group: lr10_bias has 1 params, lr_mult: 10, decay_mult: 0
Freezing BatchNorm2D except the first one.
Epoch: [0][0/3705], lr: 0.00100	Time 45.937 (45.937)	Data 5.389 (5.389)	Loss 3.2977 (3.2977)	Prec@1 0.000 (0.000)	Prec@5 9.375 (9.375)
Epoch: [0][20/3705], lr: 0.00100	Time 1.603 (3.744)	Data 0.000 (0.257)	Loss 3.3143 (3.2641)	Prec@1 6.250 (8.482)	Prec@5 15.625 (24.702)
Epoch: [0][40/3705], lr: 0.00100	Time 1.606 (2.706)	Data 0.000 (0.132)	Loss 3.1475 (3.2202)	Prec@1 12.500 (9.451)	Prec@5 37.500 (28.811)
Epoch: [0][60/3705], lr: 0.00100	Time 1.600 (2.346)	Data 0.000 (0.089)	Loss 2.9054 (3.1439)	Prec@1 21.875 (10.963)	Prec@5 43.750 (32.531)
Epoch: [0][80/3705], lr: 0.00100	Time 1.608 (2.164)	Data 0.000 (0.067)	Loss 2.3427 (3.0447)	Prec@1 31.250 (14.043)	Prec@5 68.750 (37.809)
Epoch: [0][100/3705], lr: 0.00100	Time 1.623 (2.055)	Data 0.000 (0.054)	Loss 2.5214 (2.9526)	Prec@1 31.250 (16.275)	Prec@5 62.500 (41.708)
Epoch: [0][120/3705], lr: 0.00100	Time 1.614 (1.983)	Data 0.000 (0.045)	Loss 2.4930 (2.8437)	Prec@1 25.000 (18.879)	Prec@5 53.125 (45.919)
Epoch: [0][140/3705], lr: 0.00100	Time 1.620 (1.931)	Data 0.000 (0.039)	Loss 2.5264 (2.7743)	Prec@1 31.250 (20.567)	Prec@5 65.625 (48.980)
Epoch: [0][160/3705], lr: 0.00100	Time 1.620 (1.891)	Data 0.000 (0.034)	Loss 1.9457 (2.6994)	Prec@1 40.625 (22.108)	Prec@5 81.250 (52.116)
Epoch: [0][180/3705], lr: 0.00100	Time 1.607 (1.861)	Data 0.000 (0.030)	Loss 2.1958 (2.6381)	Prec@1 37.500 (23.446)	Prec@5 65.625 (54.679)
Epoch: [0][200/3705], lr: 0.00100	Time 1.604 (1.836)	Data 0.000 (0.027)	Loss 2.0296 (2.5738)	Prec@1 31.250 (24.891)	Prec@5 71.875 (56.903)
Epoch: [0][220/3705], lr: 0.00100	Time 1.612 (1.816)	Data 0.000 (0.025)	Loss 1.8214 (2.5103)	Prec@1 53.125 (26.485)	Prec@5 68.750 (58.838)
Epoch: [0][240/3705], lr: 0.00100	Time 1.607 (1.800)	Data 0.000 (0.023)	Loss 1.5543 (2.4501)	Prec@1 59.375 (27.749)	Prec@5 87.500 (60.737)
Epoch: [0][260/3705], lr: 0.00100	Time 1.609 (1.785)	Data 0.000 (0.021)	Loss 1.7019 (2.3988)	Prec@1 46.875 (28.891)	Prec@5 81.250 (62.237)
Epoch: [0][280/3705], lr: 0.00100	Time 1.611 (1.773)	Data 0.000 (0.020)	Loss 1.8082 (2.3526)	Prec@1 37.500 (30.027)	Prec@5 78.125 (63.634)
Epoch: [0][300/3705], lr: 0.00100	Time 1.623 (1.762)	Data 0.000 (0.018)	Loss 1.7310 (2.3127)	Prec@1 53.125 (30.855)	Prec@5 71.875 (64.867)
Epoch: [0][320/3705], lr: 0.00100	Time 1.610 (1.753)	Data 0.000 (0.017)	Loss 1.8307 (2.2783)	Prec@1 46.875 (31.571)	Prec@5 81.250 (65.937)
Epoch: [0][340/3705], lr: 0.00100	Time 1.620 (1.745)	Data 0.000 (0.016)	Loss 1.7442 (2.2399)	Prec@1 53.125 (32.505)	Prec@5 78.125 (67.000)
Epoch: [0][360/3705], lr: 0.00100	Time 1.614 (1.738)	Data 0.000 (0.015)	Loss 1.6185 (2.2017)	Prec@1 46.875 (33.466)	Prec@5 78.125 (67.988)
Epoch: [0][380/3705], lr: 0.00100	Time 1.606 (1.732)	Data 0.000 (0.015)	Loss 1.1500 (2.1664)	Prec@1 62.500 (34.285)	Prec@5 93.750 (68.824)
Epoch: [0][400/3705], lr: 0.00100	Time 1.607 (1.726)	Data 0.000 (0.014)	Loss 1.1250 (2.1327)	Prec@1 59.375 (35.006)	Prec@5 100.000 (69.748)
Epoch: [0][420/3705], lr: 0.00100	Time 1.609 (1.720)	Data 0.000 (0.013)	Loss 1.6640 (2.1074)	Prec@1 50.000 (35.585)	Prec@5 71.875 (70.554)
Epoch: [0][440/3705], lr: 0.00100	Time 1.606 (1.715)	Data 0.000 (0.013)	Loss 1.9747 (2.0847)	Prec@1 43.750 (36.154)	Prec@5 75.000 (71.259)
Epoch: [0][460/3705], lr: 0.00100	Time 1.604 (1.711)	Data 0.000 (0.012)	Loss 2.0038 (2.0605)	Prec@1 46.875 (36.775)	Prec@5 71.875 (71.814)
Epoch: [0][480/3705], lr: 0.00100	Time 1.616 (1.707)	Data 0.000 (0.012)	Loss 1.6370 (2.0426)	Prec@1 43.750 (37.214)	Prec@5 93.750 (72.304)
Epoch: [0][500/3705], lr: 0.00100	Time 1.603 (1.703)	Data 0.000 (0.011)	Loss 1.4503 (2.0245)	Prec@1 43.750 (37.562)	Prec@5 90.625 (72.792)
Epoch: [0][520/3705], lr: 0.00100	Time 1.605 (1.699)	Data 0.000 (0.011)	Loss 1.7079 (2.0021)	Prec@1 43.750 (38.070)	Prec@5 81.250 (73.393)
Epoch: [0][540/3705], lr: 0.00100	Time 1.608 (1.696)	Data 0.001 (0.010)	Loss 1.4944 (1.9841)	Prec@1 50.000 (38.534)	Prec@5 84.375 (73.891)
Epoch: [0][560/3705], lr: 0.00100	Time 1.612 (1.693)	Data 0.000 (0.010)	Loss 1.4912 (1.9655)	Prec@1 53.125 (39.032)	Prec@5 81.250 (74.326)
Epoch: [0][580/3705], lr: 0.00100	Time 1.600 (1.690)	Data 0.000 (0.010)	Loss 1.4396 (1.9463)	Prec@1 46.875 (39.469)	Prec@5 93.750 (74.758)
Epoch: [0][600/3705], lr: 0.00100	Time 1.608 (1.688)	Data 0.000 (0.009)	Loss 1.5143 (1.9268)	Prec@1 50.000 (39.996)	Prec@5 90.625 (75.156)
Epoch: [0][620/3705], lr: 0.00100	Time 1.611 (1.685)	Data 0.000 (0.009)	Loss 1.5663 (1.9100)	Prec@1 53.125 (40.444)	Prec@5 81.250 (75.538)
Epoch: [0][640/3705], lr: 0.00100	Time 1.606 (1.683)	Data 0.000 (0.009)	Loss 1.7953 (1.8936)	Prec@1 43.750 (40.932)	Prec@5 84.375 (75.931)
Epoch: [0][660/3705], lr: 0.00100	Time 1.612 (1.681)	Data 0.000 (0.009)	Loss 1.0539 (1.8791)	Prec@1 56.250 (41.334)	Prec@5 96.875 (76.258)
Epoch: [0][680/3705], lr: 0.00100	Time 1.608 (1.679)	Data 0.000 (0.008)	Loss 1.1684 (1.8619)	Prec@1 62.500 (41.758)	Prec@5 90.625 (76.556)
Epoch: [0][700/3705], lr: 0.00100	Time 1.611 (1.677)	Data 0.000 (0.008)	Loss 1.1638 (1.8447)	Prec@1 59.375 (42.176)	Prec@5 93.750 (76.908)
Epoch: [0][720/3705], lr: 0.00100	Time 1.601 (1.675)	Data 0.000 (0.008)	Loss 1.6973 (1.8303)	Prec@1 37.500 (42.619)	Prec@5 90.625 (77.206)
Epoch: [0][740/3705], lr: 0.00100	Time 1.608 (1.673)	Data 0.000 (0.008)	Loss 1.4498 (1.8142)	Prec@1 56.250 (43.084)	Prec@5 87.500 (77.518)
Epoch: [0][760/3705], lr: 0.00100	Time 1.608 (1.672)	Data 0.000 (0.007)	Loss 1.3653 (1.8002)	Prec@1 62.500 (43.454)	Prec@5 81.250 (77.788)
Epoch: [0][780/3705], lr: 0.00100	Time 1.602 (1.670)	Data 0.000 (0.007)	Loss 1.4368 (1.7868)	Prec@1 59.375 (43.814)	Prec@5 84.375 (78.089)
Epoch: [0][800/3705], lr: 0.00100	Time 1.607 (1.669)	Data 0.000 (0.007)	Loss 1.5483 (1.7755)	Prec@1 46.875 (44.171)	Prec@5 71.875 (78.289)
Epoch: [0][820/3705], lr: 0.00100	Time 1.608 (1.668)	Data 0.000 (0.007)	Loss 1.4607 (1.7624)	Prec@1 43.750 (44.515)	Prec@5 90.625 (78.567)
Epoch: [0][840/3705], lr: 0.00100	Time 1.607 (1.666)	Data 0.000 (0.007)	Loss 1.2033 (1.7503)	Prec@1 56.250 (44.872)	Prec@5 96.875 (78.816)
Epoch: [0][860/3705], lr: 0.00100	Time 1.609 (1.665)	Data 0.000 (0.007)	Loss 0.9983 (1.7372)	Prec@1 68.750 (45.271)	Prec@5 87.500 (79.054)
Epoch: [0][880/3705], lr: 0.00100	Time 1.606 (1.664)	Data 0.000 (0.006)	Loss 1.6663 (1.7280)	Prec@1 50.000 (45.509)	Prec@5 87.500 (79.249)
Epoch: [0][900/3705], lr: 0.00100	Time 1.605 (1.662)	Data 0.001 (0.006)	Loss 1.1916 (1.7182)	Prec@1 65.625 (45.831)	Prec@5 78.125 (79.412)
Epoch: [0][920/3705], lr: 0.00100	Time 1.607 (1.661)	Data 0.000 (0.006)	Loss 0.9102 (1.7073)	Prec@1 65.625 (46.162)	Prec@5 96.875 (79.608)
Epoch: [0][940/3705], lr: 0.00100	Time 1.664 (1.660)	Data 0.000 (0.006)	Loss 1.2543 (1.6976)	Prec@1 46.875 (46.447)	Prec@5 87.500 (79.802)
Epoch: [0][960/3705], lr: 0.00100	Time 1.606 (1.659)	Data 0.000 (0.006)	Loss 1.3220 (1.6865)	Prec@1 56.250 (46.790)	Prec@5 84.375 (80.011)
Epoch: [0][980/3705], lr: 0.00100	Time 1.606 (1.658)	Data 0.000 (0.006)	Loss 1.3898 (1.6754)	Prec@1 53.125 (47.143)	Prec@5 93.750 (80.234)
Epoch: [0][1000/3705], lr: 0.00100	Time 1.608 (1.657)	Data 0.000 (0.006)	Loss 1.4245 (1.6673)	Prec@1 56.250 (47.443)	Prec@5 75.000 (80.357)
Epoch: [0][1020/3705], lr: 0.00100	Time 1.605 (1.656)	Data 0.001 (0.006)	Loss 1.1888 (1.6582)	Prec@1 62.500 (47.714)	Prec@5 90.625 (80.537)
Epoch: [0][1040/3705], lr: 0.00100	Time 1.607 (1.655)	Data 0.000 (0.006)	Loss 1.2602 (1.6485)	Prec@1 56.250 (47.995)	Prec@5 84.375 (80.689)
Epoch: [0][1060/3705], lr: 0.00100	Time 1.606 (1.655)	Data 0.000 (0.005)	Loss 0.9830 (1.6388)	Prec@1 68.750 (48.306)	Prec@5 87.500 (80.835)
Epoch: [0][1080/3705], lr: 0.00100	Time 1.611 (1.654)	Data 0.000 (0.005)	Loss 1.1299 (1.6310)	Prec@1 62.500 (48.552)	Prec@5 93.750 (80.981)
Epoch: [0][1100/3705], lr: 0.00100	Time 1.604 (1.653)	Data 0.000 (0.005)	Loss 1.3332 (1.6234)	Prec@1 62.500 (48.794)	Prec@5 90.625 (81.136)
Epoch: [0][1120/3705], lr: 0.00100	Time 1.607 (1.652)	Data 0.000 (0.005)	Loss 1.1132 (1.6134)	Prec@1 65.625 (49.097)	Prec@5 93.750 (81.311)
Epoch: [0][1140/3705], lr: 0.00100	Time 1.667 (1.652)	Data 0.000 (0.005)	Loss 1.6870 (1.6053)	Prec@1 46.875 (49.378)	Prec@5 84.375 (81.455)
Epoch: [0][1160/3705], lr: 0.00100	Time 1.616 (1.651)	Data 0.000 (0.005)	Loss 1.0528 (1.5966)	Prec@1 62.500 (49.674)	Prec@5 87.500 (81.595)
Epoch: [0][1180/3705], lr: 0.00100	Time 1.609 (1.650)	Data 0.000 (0.005)	Loss 0.9131 (1.5883)	Prec@1 78.125 (49.915)	Prec@5 93.750 (81.740)
Epoch: [0][1200/3705], lr: 0.00100	Time 1.607 (1.650)	Data 0.000 (0.005)	Loss 0.9304 (1.5789)	Prec@1 65.625 (50.177)	Prec@5 93.750 (81.900)
Epoch: [0][1220/3705], lr: 0.00100	Time 1.606 (1.649)	Data 0.000 (0.005)	Loss 1.0235 (1.5721)	Prec@1 75.000 (50.371)	Prec@5 90.625 (82.015)
Epoch: [0][1240/3705], lr: 0.00100	Time 1.602 (1.649)	Data 0.000 (0.005)	Loss 1.2167 (1.5642)	Prec@1 65.625 (50.567)	Prec@5 84.375 (82.172)
Epoch: [0][1260/3705], lr: 0.00100	Time 1.603 (1.648)	Data 0.000 (0.005)	Loss 1.3030 (1.5575)	Prec@1 59.375 (50.778)	Prec@5 90.625 (82.293)
Epoch: [0][1280/3705], lr: 0.00100	Time 1.609 (1.647)	Data 0.000 (0.005)	Loss 0.8234 (1.5503)	Prec@1 71.875 (51.008)	Prec@5 100.000 (82.436)
Epoch: [0][1300/3705], lr: 0.00100	Time 1.606 (1.647)	Data 0.000 (0.005)	Loss 1.0108 (1.5434)	Prec@1 62.500 (51.242)	Prec@5 96.875 (82.533)
Epoch: [0][1320/3705], lr: 0.00100	Time 1.609 (1.646)	Data 0.000 (0.004)	Loss 1.1530 (1.5360)	Prec@1 62.500 (51.441)	Prec@5 93.750 (82.665)
Epoch: [0][1340/3705], lr: 0.00100	Time 1.602 (1.646)	Data 0.000 (0.004)	Loss 1.3833 (1.5295)	Prec@1 62.500 (51.666)	Prec@5 84.375 (82.744)
Epoch: [0][1360/3705], lr: 0.00100	Time 1.606 (1.645)	Data 0.000 (0.004)	Loss 0.7989 (1.5231)	Prec@1 71.875 (51.839)	Prec@5 100.000 (82.860)
Epoch: [0][1380/3705], lr: 0.00100	Time 1.599 (1.645)	Data 0.000 (0.004)	Loss 1.3805 (1.5162)	Prec@1 53.125 (52.025)	Prec@5 84.375 (82.968)
Epoch: [0][1400/3705], lr: 0.00100	Time 1.603 (1.644)	Data 0.000 (0.004)	Loss 1.0331 (1.5103)	Prec@1 68.750 (52.224)	Prec@5 90.625 (83.072)
Epoch: [0][1420/3705], lr: 0.00100	Time 1.606 (1.644)	Data 0.000 (0.004)	Loss 0.7245 (1.5040)	Prec@1 78.125 (52.410)	Prec@5 96.875 (83.194)
Epoch: [0][1440/3705], lr: 0.00100	Time 1.607 (1.643)	Data 0.000 (0.004)	Loss 0.8659 (1.4998)	Prec@1 68.750 (52.542)	Prec@5 93.750 (83.265)
Epoch: [0][1460/3705], lr: 0.00100	Time 1.625 (1.643)	Data 0.000 (0.004)	Loss 0.8066 (1.4934)	Prec@1 68.750 (52.723)	Prec@5 96.875 (83.380)
Epoch: [0][1480/3705], lr: 0.00100	Time 1.603 (1.642)	Data 0.000 (0.004)	Loss 1.1791 (1.4895)	Prec@1 56.250 (52.853)	Prec@5 90.625 (83.453)
Epoch: [0][1500/3705], lr: 0.00100	Time 1.621 (1.642)	Data 0.000 (0.004)	Loss 0.8205 (1.4828)	Prec@1 75.000 (53.094)	Prec@5 93.750 (83.548)
Epoch: [0][1520/3705], lr: 0.00100	Time 1.610 (1.641)	Data 0.000 (0.004)	Loss 0.7200 (1.4779)	Prec@1 68.750 (53.240)	Prec@5 100.000 (83.637)
Epoch: [0][1540/3705], lr: 0.00100	Time 1.616 (1.641)	Data 0.000 (0.004)	Loss 0.7206 (1.4726)	Prec@1 78.125 (53.415)	Prec@5 96.875 (83.734)
Epoch: [0][1560/3705], lr: 0.00100	Time 1.605 (1.641)	Data 0.000 (0.004)	Loss 0.5620 (1.4669)	Prec@1 87.500 (53.615)	Prec@5 100.000 (83.816)
Epoch: [0][1580/3705], lr: 0.00100	Time 1.613 (1.640)	Data 0.000 (0.004)	Loss 1.1267 (1.4623)	Prec@1 59.375 (53.756)	Prec@5 93.750 (83.891)
Epoch: [0][1600/3705], lr: 0.00100	Time 1.611 (1.640)	Data 0.000 (0.004)	Loss 0.8867 (1.4569)	Prec@1 75.000 (53.917)	Prec@5 90.625 (83.983)
Epoch: [0][1620/3705], lr: 0.00100	Time 1.608 (1.639)	Data 0.000 (0.004)	Loss 0.7694 (1.4520)	Prec@1 75.000 (54.072)	Prec@5 93.750 (84.051)
Epoch: [0][1640/3705], lr: 0.00100	Time 1.603 (1.639)	Data 0.000 (0.004)	Loss 1.1006 (1.4475)	Prec@1 59.375 (54.199)	Prec@5 90.625 (84.122)
Epoch: [0][1660/3705], lr: 0.00100	Time 1.603 (1.639)	Data 0.000 (0.004)	Loss 1.3226 (1.4426)	Prec@1 65.625 (54.369)	Prec@5 84.375 (84.183)
Epoch: [0][1680/3705], lr: 0.00100	Time 1.607 (1.638)	Data 0.000 (0.004)	Loss 1.0443 (1.4387)	Prec@1 59.375 (54.499)	Prec@5 93.750 (84.234)
Epoch: [0][1700/3705], lr: 0.00100	Time 1.658 (1.638)	Data 0.000 (0.004)	Loss 1.0310 (1.4345)	Prec@1 71.875 (54.626)	Prec@5 87.500 (84.307)
Epoch: [0][1720/3705], lr: 0.00100	Time 1.613 (1.638)	Data 0.000 (0.003)	Loss 0.8805 (1.4292)	Prec@1 68.750 (54.790)	Prec@5 93.750 (84.397)
Epoch: [0][1740/3705], lr: 0.00100	Time 1.600 (1.638)	Data 0.000 (0.003)	Loss 0.7187 (1.4239)	Prec@1 71.875 (54.963)	Prec@5 93.750 (84.468)
Epoch: [0][1760/3705], lr: 0.00100	Time 1.608 (1.637)	Data 0.001 (0.003)	Loss 1.3572 (1.4186)	Prec@1 56.250 (55.125)	Prec@5 87.500 (84.542)
Epoch: [0][1780/3705], lr: 0.00100	Time 1.603 (1.637)	Data 0.000 (0.003)	Loss 1.0433 (1.4137)	Prec@1 78.125 (55.290)	Prec@5 93.750 (84.629)
Epoch: [0][1800/3705], lr: 0.00100	Time 1.604 (1.637)	Data 0.000 (0.003)	Loss 0.5668 (1.4084)	Prec@1 84.375 (55.466)	Prec@5 96.875 (84.689)
Epoch: [0][1820/3705], lr: 0.00100	Time 1.601 (1.636)	Data 0.000 (0.003)	Loss 1.3529 (1.4037)	Prec@1 59.375 (55.620)	Prec@5 78.125 (84.734)
Epoch: [0][1840/3705], lr: 0.00100	Time 1.612 (1.636)	Data 0.000 (0.003)	Loss 0.7467 (1.3994)	Prec@1 75.000 (55.761)	Prec@5 93.750 (84.794)
Epoch: [0][1860/3705], lr: 0.00100	Time 1.607 (1.636)	Data 0.000 (0.003)	Loss 0.7214 (1.3955)	Prec@1 78.125 (55.887)	Prec@5 100.000 (84.845)
Epoch: [0][1880/3705], lr: 0.00100	Time 1.605 (1.635)	Data 0.001 (0.003)	Loss 1.2511 (1.3914)	Prec@1 62.500 (56.024)	Prec@5 84.375 (84.910)
Epoch: [0][1900/3705], lr: 0.00100	Time 1.607 (1.635)	Data 0.000 (0.003)	Loss 1.0852 (1.3881)	Prec@1 56.250 (56.135)	Prec@5 96.875 (84.955)
Epoch: [0][1920/3705], lr: 0.00100	Time 1.601 (1.635)	Data 0.000 (0.003)	Loss 0.8934 (1.3850)	Prec@1 78.125 (56.247)	Prec@5 87.500 (85.008)
Epoch: [0][1940/3705], lr: 0.00100	Time 1.609 (1.634)	Data 0.000 (0.003)	Loss 1.1084 (1.3816)	Prec@1 65.625 (56.359)	Prec@5 87.500 (85.042)
Epoch: [0][1960/3705], lr: 0.00100	Time 1.615 (1.634)	Data 0.000 (0.003)	Loss 1.0012 (1.3782)	Prec@1 62.500 (56.451)	Prec@5 100.000 (85.094)
Epoch: [0][1980/3705], lr: 0.00100	Time 1.609 (1.634)	Data 0.000 (0.003)	Loss 1.0840 (1.3741)	Prec@1 68.750 (56.583)	Prec@5 84.375 (85.148)
Epoch: [0][2000/3705], lr: 0.00100	Time 1.613 (1.634)	Data 0.000 (0.003)	Loss 1.0449 (1.3702)	Prec@1 68.750 (56.695)	Prec@5 87.500 (85.221)
Epoch: [0][2020/3705], lr: 0.00100	Time 1.603 (1.634)	Data 0.000 (0.003)	Loss 0.6248 (1.3665)	Prec@1 84.375 (56.819)	Prec@5 96.875 (85.263)
Epoch: [0][2040/3705], lr: 0.00100	Time 1.606 (1.633)	Data 0.000 (0.003)	Loss 1.0088 (1.3627)	Prec@1 68.750 (56.959)	Prec@5 90.625 (85.312)
Epoch: [0][2060/3705], lr: 0.00100	Time 1.686 (1.633)	Data 0.000 (0.003)	Loss 0.8056 (1.3588)	Prec@1 71.875 (57.082)	Prec@5 84.375 (85.367)
Epoch: [0][2080/3705], lr: 0.00100	Time 1.608 (1.633)	Data 0.000 (0.003)	Loss 0.8702 (1.3545)	Prec@1 68.750 (57.223)	Prec@5 93.750 (85.422)
Epoch: [0][2100/3705], lr: 0.00100	Time 1.605 (1.633)	Data 0.000 (0.003)	Loss 0.9100 (1.3517)	Prec@1 68.750 (57.334)	Prec@5 93.750 (85.473)
Epoch: [0][2120/3705], lr: 0.00100	Time 1.608 (1.633)	Data 0.000 (0.003)	Loss 0.9301 (1.3479)	Prec@1 75.000 (57.455)	Prec@5 90.625 (85.521)
Epoch: [0][2140/3705], lr: 0.00100	Time 1.602 (1.633)	Data 0.000 (0.003)	Loss 1.8087 (1.3445)	Prec@1 43.750 (57.567)	Prec@5 81.250 (85.567)
Epoch: [0][2160/3705], lr: 0.00100	Time 1.611 (1.632)	Data 0.000 (0.003)	Loss 1.1045 (1.3408)	Prec@1 68.750 (57.686)	Prec@5 81.250 (85.623)
Epoch: [0][2180/3705], lr: 0.00100	Time 1.607 (1.632)	Data 0.000 (0.003)	Loss 1.0163 (1.3378)	Prec@1 59.375 (57.773)	Prec@5 90.625 (85.660)
Epoch: [0][2200/3705], lr: 0.00100	Time 1.607 (1.632)	Data 0.000 (0.003)	Loss 0.9064 (1.3350)	Prec@1 81.250 (57.887)	Prec@5 93.750 (85.697)
Epoch: [0][2220/3705], lr: 0.00100	Time 1.607 (1.632)	Data 0.000 (0.003)	Loss 0.4406 (1.3306)	Prec@1 90.625 (58.027)	Prec@5 100.000 (85.754)
Epoch: [0][2240/3705], lr: 0.00100	Time 1.597 (1.632)	Data 0.000 (0.003)	Loss 1.2964 (1.3274)	Prec@1 56.250 (58.133)	Prec@5 81.250 (85.795)
Epoch: [0][2260/3705], lr: 0.00100	Time 1.611 (1.632)	Data 0.000 (0.003)	Loss 0.4758 (1.3236)	Prec@1 84.375 (58.247)	Prec@5 96.875 (85.854)
Epoch: [0][2280/3705], lr: 0.00100	Time 1.606 (1.632)	Data 0.000 (0.003)	Loss 0.7984 (1.3203)	Prec@1 81.250 (58.367)	Prec@5 87.500 (85.900)
Epoch: [0][2300/3705], lr: 0.00100	Time 1.609 (1.631)	Data 0.000 (0.003)	Loss 0.9855 (1.3169)	Prec@1 78.125 (58.491)	Prec@5 87.500 (85.946)
Epoch: [0][2320/3705], lr: 0.00100	Time 1.612 (1.631)	Data 0.000 (0.003)	Loss 0.7059 (1.3132)	Prec@1 81.250 (58.609)	Prec@5 93.750 (85.995)
Epoch: [0][2340/3705], lr: 0.00100	Time 1.607 (1.631)	Data 0.000 (0.003)	Loss 1.5005 (1.3099)	Prec@1 62.500 (58.725)	Prec@5 87.500 (86.028)
Epoch: [0][2360/3705], lr: 0.00100	Time 1.606 (1.631)	Data 0.000 (0.003)	Loss 0.8391 (1.3070)	Prec@1 81.250 (58.806)	Prec@5 93.750 (86.084)
Epoch: [0][2380/3705], lr: 0.00100	Time 1.607 (1.631)	Data 0.000 (0.003)	Loss 0.4616 (1.3041)	Prec@1 87.500 (58.912)	Prec@5 93.750 (86.113)
Epoch: [0][2400/3705], lr: 0.00100	Time 1.610 (1.631)	Data 0.000 (0.003)	Loss 1.0209 (1.3016)	Prec@1 62.500 (58.998)	Prec@5 84.375 (86.140)
Epoch: [0][2420/3705], lr: 0.00100	Time 1.689 (1.630)	Data 0.000 (0.003)	Loss 0.6961 (1.2985)	Prec@1 75.000 (59.107)	Prec@5 96.875 (86.187)
Epoch: [0][2440/3705], lr: 0.00100	Time 1.609 (1.630)	Data 0.000 (0.003)	Loss 0.6735 (1.2954)	Prec@1 78.125 (59.211)	Prec@5 93.750 (86.216)
Epoch: [0][2460/3705], lr: 0.00100	Time 1.597 (1.630)	Data 0.000 (0.003)	Loss 0.9736 (1.2920)	Prec@1 81.250 (59.331)	Prec@5 90.625 (86.263)
Epoch: [0][2480/3705], lr: 0.00100	Time 1.606 (1.630)	Data 0.000 (0.003)	Loss 0.7006 (1.2891)	Prec@1 75.000 (59.424)	Prec@5 100.000 (86.302)
Epoch: [0][2500/3705], lr: 0.00100	Time 1.605 (1.630)	Data 0.000 (0.003)	Loss 1.2255 (1.2865)	Prec@1 65.625 (59.496)	Prec@5 81.250 (86.348)
Epoch: [0][2520/3705], lr: 0.00100	Time 1.612 (1.630)	Data 0.000 (0.002)	Loss 0.6931 (1.2841)	Prec@1 81.250 (59.581)	Prec@5 90.625 (86.379)
Epoch: [0][2540/3705], lr: 0.00100	Time 1.603 (1.630)	Data 0.000 (0.002)	Loss 0.7047 (1.2807)	Prec@1 75.000 (59.682)	Prec@5 90.625 (86.418)
Epoch: [0][2560/3705], lr: 0.00100	Time 1.640 (1.629)	Data 0.000 (0.002)	Loss 1.5407 (1.2778)	Prec@1 59.375 (59.770)	Prec@5 84.375 (86.459)
Epoch: [0][2580/3705], lr: 0.00100	Time 1.603 (1.629)	Data 0.000 (0.002)	Loss 0.9013 (1.2754)	Prec@1 71.875 (59.844)	Prec@5 93.750 (86.484)
Epoch: [0][2600/3705], lr: 0.00100	Time 1.608 (1.629)	Data 0.000 (0.002)	Loss 0.5916 (1.2729)	Prec@1 78.125 (59.920)	Prec@5 96.875 (86.514)
Epoch: [0][2620/3705], lr: 0.00100	Time 1.607 (1.629)	Data 0.000 (0.002)	Loss 0.8324 (1.2696)	Prec@1 78.125 (60.026)	Prec@5 87.500 (86.563)
Epoch: [0][2640/3705], lr: 0.00100	Time 1.597 (1.629)	Data 0.000 (0.002)	Loss 1.0221 (1.2674)	Prec@1 78.125 (60.097)	Prec@5 84.375 (86.595)
Epoch: [0][2660/3705], lr: 0.00100	Time 1.615 (1.629)	Data 0.000 (0.002)	Loss 1.2574 (1.2650)	Prec@1 59.375 (60.181)	Prec@5 90.625 (86.619)
Epoch: [0][2680/3705], lr: 0.00100	Time 1.606 (1.629)	Data 0.000 (0.002)	Loss 0.7823 (1.2627)	Prec@1 78.125 (60.255)	Prec@5 100.000 (86.665)
Epoch: [0][2700/3705], lr: 0.00100	Time 1.607 (1.629)	Data 0.000 (0.002)	Loss 0.8592 (1.2602)	Prec@1 68.750 (60.338)	Prec@5 96.875 (86.704)
Epoch: [0][2720/3705], lr: 0.00100	Time 1.607 (1.629)	Data 0.000 (0.002)	Loss 1.1353 (1.2582)	Prec@1 62.500 (60.391)	Prec@5 84.375 (86.722)
Epoch: [0][2740/3705], lr: 0.00100	Time 1.659 (1.629)	Data 0.000 (0.002)	Loss 0.5135 (1.2552)	Prec@1 78.125 (60.492)	Prec@5 100.000 (86.767)
Epoch: [0][2760/3705], lr: 0.00100	Time 1.606 (1.628)	Data 0.000 (0.002)	Loss 1.0212 (1.2523)	Prec@1 68.750 (60.589)	Prec@5 90.625 (86.816)
Epoch: [0][2780/3705], lr: 0.00100	Time 1.610 (1.628)	Data 0.001 (0.002)	Loss 0.7915 (1.2490)	Prec@1 71.875 (60.692)	Prec@5 93.750 (86.857)
Epoch: [0][2800/3705], lr: 0.00100	Time 1.609 (1.628)	Data 0.000 (0.002)	Loss 1.0234 (1.2460)	Prec@1 68.750 (60.783)	Prec@5 96.875 (86.902)
Epoch: [0][2820/3705], lr: 0.00100	Time 1.605 (1.628)	Data 0.000 (0.002)	Loss 1.2041 (1.2433)	Prec@1 68.750 (60.887)	Prec@5 90.625 (86.933)
Epoch: [0][2840/3705], lr: 0.00100	Time 1.609 (1.628)	Data 0.000 (0.002)	Loss 1.1135 (1.2413)	Prec@1 65.625 (60.968)	Prec@5 81.250 (86.961)
Epoch: [0][2860/3705], lr: 0.00100	Time 1.659 (1.628)	Data 0.000 (0.002)	Loss 0.8124 (1.2387)	Prec@1 65.625 (61.049)	Prec@5 96.875 (86.992)
Epoch: [0][2880/3705], lr: 0.00100	Time 1.599 (1.628)	Data 0.000 (0.002)	Loss 0.9096 (1.2357)	Prec@1 65.625 (61.152)	Prec@5 100.000 (87.036)
Epoch: [0][2900/3705], lr: 0.00100	Time 1.607 (1.628)	Data 0.000 (0.002)	Loss 0.7734 (1.2336)	Prec@1 81.250 (61.219)	Prec@5 96.875 (87.065)
Epoch: [0][2920/3705], lr: 0.00100	Time 1.609 (1.628)	Data 0.000 (0.002)	Loss 0.9112 (1.2309)	Prec@1 71.875 (61.305)	Prec@5 90.625 (87.104)
Epoch: [0][2940/3705], lr: 0.00100	Time 1.600 (1.628)	Data 0.000 (0.002)	Loss 1.0234 (1.2286)	Prec@1 65.625 (61.380)	Prec@5 87.500 (87.136)
Epoch: [0][2960/3705], lr: 0.00100	Time 1.625 (1.628)	Data 0.000 (0.002)	Loss 1.1663 (1.2266)	Prec@1 71.875 (61.440)	Prec@5 90.625 (87.155)
Epoch: [0][2980/3705], lr: 0.00100	Time 1.600 (1.628)	Data 0.000 (0.002)	Loss 1.1462 (1.2249)	Prec@1 68.750 (61.505)	Prec@5 93.750 (87.176)
Epoch: [0][3000/3705], lr: 0.00100	Time 1.625 (1.628)	Data 0.000 (0.002)	Loss 0.8082 (1.2228)	Prec@1 71.875 (61.584)	Prec@5 93.750 (87.195)
Epoch: [0][3020/3705], lr: 0.00100	Time 1.614 (1.628)	Data 0.000 (0.002)	Loss 0.7428 (1.2209)	Prec@1 78.125 (61.637)	Prec@5 93.750 (87.221)
Epoch: [0][3040/3705], lr: 0.00100	Time 1.609 (1.628)	Data 0.000 (0.002)	Loss 1.2249 (1.2188)	Prec@1 65.625 (61.716)	Prec@5 84.375 (87.249)
Epoch: [0][3060/3705], lr: 0.00100	Time 1.602 (1.628)	Data 0.000 (0.002)	Loss 1.0905 (1.2166)	Prec@1 59.375 (61.784)	Prec@5 90.625 (87.281)
Epoch: [0][3080/3705], lr: 0.00100	Time 1.616 (1.628)	Data 0.000 (0.002)	Loss 0.6810 (1.2140)	Prec@1 78.125 (61.858)	Prec@5 96.875 (87.311)
Epoch: [0][3100/3705], lr: 0.00100	Time 1.663 (1.627)	Data 0.000 (0.002)	Loss 0.8965 (1.2123)	Prec@1 65.625 (61.909)	Prec@5 87.500 (87.338)
Epoch: [0][3120/3705], lr: 0.00100	Time 1.682 (1.627)	Data 0.000 (0.002)	Loss 0.9976 (1.2105)	Prec@1 68.750 (61.961)	Prec@5 96.875 (87.360)
Epoch: [0][3140/3705], lr: 0.00100	Time 1.609 (1.627)	Data 0.000 (0.002)	Loss 1.3436 (1.2086)	Prec@1 59.375 (62.031)	Prec@5 87.500 (87.378)
Epoch: [0][3160/3705], lr: 0.00100	Time 1.621 (1.627)	Data 0.000 (0.002)	Loss 0.8940 (1.2066)	Prec@1 71.875 (62.087)	Prec@5 93.750 (87.406)
Epoch: [0][3180/3705], lr: 0.00100	Time 1.609 (1.627)	Data 0.000 (0.002)	Loss 1.3910 (1.2053)	Prec@1 56.250 (62.130)	Prec@5 78.125 (87.419)
Epoch: [0][3200/3705], lr: 0.00100	Time 1.609 (1.627)	Data 0.000 (0.002)	Loss 0.8338 (1.2032)	Prec@1 71.875 (62.195)	Prec@5 90.625 (87.450)
Epoch: [0][3220/3705], lr: 0.00100	Time 1.669 (1.627)	Data 0.000 (0.002)	Loss 0.8404 (1.2014)	Prec@1 68.750 (62.241)	Prec@5 93.750 (87.487)
Epoch: [0][3240/3705], lr: 0.00100	Time 1.609 (1.627)	Data 0.000 (0.002)	Loss 1.0915 (1.1998)	Prec@1 68.750 (62.287)	Prec@5 90.625 (87.512)
Epoch: [0][3260/3705], lr: 0.00100	Time 1.606 (1.627)	Data 0.001 (0.002)	Loss 0.8824 (1.1977)	Prec@1 68.750 (62.338)	Prec@5 90.625 (87.544)
Epoch: [0][3280/3705], lr: 0.00100	Time 1.608 (1.627)	Data 0.000 (0.002)	Loss 0.4605 (1.1957)	Prec@1 84.375 (62.406)	Prec@5 100.000 (87.568)
Epoch: [0][3300/3705], lr: 0.00100	Time 1.605 (1.627)	Data 0.000 (0.002)	Loss 0.7411 (1.1934)	Prec@1 71.875 (62.474)	Prec@5 96.875 (87.597)
Epoch: [0][3320/3705], lr: 0.00100	Time 1.621 (1.627)	Data 0.000 (0.002)	Loss 1.1727 (1.1909)	Prec@1 62.500 (62.551)	Prec@5 84.375 (87.624)
Epoch: [0][3340/3705], lr: 0.00100	Time 1.599 (1.627)	Data 0.000 (0.002)	Loss 1.3239 (1.1888)	Prec@1 56.250 (62.605)	Prec@5 81.250 (87.650)
Epoch: [0][3360/3705], lr: 0.00100	Time 1.610 (1.627)	Data 0.000 (0.002)	Loss 1.0533 (1.1872)	Prec@1 68.750 (62.654)	Prec@5 84.375 (87.669)
Epoch: [0][3380/3705], lr: 0.00100	Time 1.600 (1.627)	Data 0.000 (0.002)	Loss 0.6744 (1.1846)	Prec@1 75.000 (62.738)	Prec@5 96.875 (87.700)
Epoch: [0][3400/3705], lr: 0.00100	Time 1.605 (1.627)	Data 0.000 (0.002)	Loss 0.6685 (1.1824)	Prec@1 81.250 (62.814)	Prec@5 93.750 (87.727)
Epoch: [0][3420/3705], lr: 0.00100	Time 1.602 (1.627)	Data 0.000 (0.002)	Loss 0.6434 (1.1807)	Prec@1 78.125 (62.875)	Prec@5 96.875 (87.754)
Epoch: [0][3440/3705], lr: 0.00100	Time 1.618 (1.627)	Data 0.000 (0.002)	Loss 1.2984 (1.1790)	Prec@1 59.375 (62.935)	Prec@5 87.500 (87.773)
Epoch: [0][3460/3705], lr: 0.00100	Time 1.606 (1.626)	Data 0.000 (0.002)	Loss 1.1734 (1.1768)	Prec@1 68.750 (63.002)	Prec@5 84.375 (87.796)
Epoch: [0][3480/3705], lr: 0.00100	Time 1.603 (1.626)	Data 0.000 (0.002)	Loss 1.2554 (1.1755)	Prec@1 65.625 (63.049)	Prec@5 90.625 (87.822)
Epoch: [0][3500/3705], lr: 0.00100	Time 1.675 (1.626)	Data 0.000 (0.002)	Loss 0.6952 (1.1743)	Prec@1 84.375 (63.103)	Prec@5 90.625 (87.832)
Epoch: [0][3520/3705], lr: 0.00100	Time 1.666 (1.626)	Data 0.000 (0.002)	Loss 0.8900 (1.1727)	Prec@1 75.000 (63.151)	Prec@5 87.500 (87.861)
Epoch: [0][3540/3705], lr: 0.00100	Time 1.608 (1.626)	Data 0.000 (0.002)	Loss 0.6326 (1.1709)	Prec@1 78.125 (63.211)	Prec@5 93.750 (87.881)
Epoch: [0][3560/3705], lr: 0.00100	Time 1.606 (1.626)	Data 0.000 (0.002)	Loss 0.8997 (1.1692)	Prec@1 68.750 (63.270)	Prec@5 93.750 (87.908)
Epoch: [0][3580/3705], lr: 0.00100	Time 1.606 (1.626)	Data 0.000 (0.002)	Loss 1.1385 (1.1674)	Prec@1 62.500 (63.320)	Prec@5 90.625 (87.926)
Epoch: [0][3600/3705], lr: 0.00100	Time 1.610 (1.626)	Data 0.001 (0.002)	Loss 0.8615 (1.1654)	Prec@1 68.750 (63.392)	Prec@5 93.750 (87.949)
Epoch: [0][3620/3705], lr: 0.00100	Time 1.611 (1.626)	Data 0.000 (0.002)	Loss 0.8425 (1.1637)	Prec@1 81.250 (63.452)	Prec@5 84.375 (87.965)
Epoch: [0][3640/3705], lr: 0.00100	Time 1.685 (1.626)	Data 0.000 (0.002)	Loss 1.0755 (1.1624)	Prec@1 65.625 (63.505)	Prec@5 90.625 (87.987)
Epoch: [0][3660/3705], lr: 0.00100	Time 1.611 (1.626)	Data 0.000 (0.002)	Loss 0.5858 (1.1607)	Prec@1 81.250 (63.562)	Prec@5 100.000 (88.012)
Epoch: [0][3680/3705], lr: 0.00100	Time 1.677 (1.626)	Data 0.000 (0.002)	Loss 1.0236 (1.1593)	Prec@1 65.625 (63.609)	Prec@5 90.625 (88.035)
Epoch: [0][3700/3705], lr: 0.00100	Time 1.607 (1.626)	Data 0.000 (0.002)	Loss 1.3963 (1.1578)	Prec@1 65.625 (63.651)	Prec@5 78.125 (88.055)
Test: [0/463]	Time 11.031 (11.031)	Loss 0.4534 (0.4534)	Prec@1 84.375 (84.375)	Prec@5 96.875 (96.875)
Test: [20/463]	Time 0.482 (0.990)	Loss 0.4290 (0.4547)	Prec@1 93.750 (83.929)	Prec@5 100.000 (99.107)
Test: [40/463]	Time 0.481 (0.784)	Loss 0.6061 (0.4240)	Prec@1 81.250 (86.052)	Prec@5 96.875 (99.009)
Test: [60/463]	Time 0.478 (0.703)	Loss 0.4731 (0.4291)	Prec@1 84.375 (86.066)	Prec@5 100.000 (98.975)
Test: [80/463]	Time 0.483 (0.659)	Loss 0.3903 (0.4295)	Prec@1 87.500 (85.532)	Prec@5 96.875 (98.997)
Test: [100/463]	Time 0.480 (0.624)	Loss 0.8203 (0.4216)	Prec@1 81.250 (85.860)	Prec@5 90.625 (98.948)
Test: [120/463]	Time 0.482 (0.603)	Loss 0.1790 (0.4123)	Prec@1 93.750 (86.415)	Prec@5 100.000 (98.864)
Test: [140/463]	Time 0.479 (0.590)	Loss 0.1602 (0.4053)	Prec@1 93.750 (86.503)	Prec@5 100.000 (98.892)
Test: [160/463]	Time 0.482 (0.582)	Loss 0.3438 (0.3956)	Prec@1 87.500 (86.762)	Prec@5 100.000 (98.952)
Test: [180/463]	Time 0.480 (0.571)	Loss 0.4875 (0.3940)	Prec@1 81.250 (86.758)	Prec@5 100.000 (98.930)
Test: [200/463]	Time 0.480 (0.567)	Loss 0.2999 (0.3992)	Prec@1 90.625 (86.583)	Prec@5 96.875 (98.850)
Test: [220/463]	Time 0.510 (0.566)	Loss 0.5345 (0.4010)	Prec@1 81.250 (86.397)	Prec@5 96.875 (98.826)
Test: [240/463]	Time 0.492 (0.559)	Loss 0.2328 (0.4055)	Prec@1 90.625 (86.190)	Prec@5 100.000 (98.794)
Test: [260/463]	Time 0.483 (0.553)	Loss 0.1577 (0.4076)	Prec@1 93.750 (86.123)	Prec@5 100.000 (98.803)
Test: [280/463]	Time 0.479 (0.548)	Loss 0.4199 (0.4087)	Prec@1 84.375 (86.099)	Prec@5 100.000 (98.788)
Test: [300/463]	Time 0.480 (0.544)	Loss 0.3546 (0.4103)	Prec@1 90.625 (86.161)	Prec@5 100.000 (98.837)
Test: [320/463]	Time 0.480 (0.540)	Loss 0.2378 (0.4101)	Prec@1 93.750 (86.157)	Prec@5 100.000 (98.822)
Test: [340/463]	Time 0.483 (0.537)	Loss 0.2937 (0.4083)	Prec@1 87.500 (86.208)	Prec@5 100.000 (98.854)
Test: [360/463]	Time 0.485 (0.534)	Loss 0.4319 (0.4111)	Prec@1 81.250 (86.106)	Prec@5 100.000 (98.805)
Test: [380/463]	Time 0.481 (0.531)	Loss 0.4124 (0.4091)	Prec@1 90.625 (86.138)	Prec@5 100.000 (98.811)
Test: [400/463]	Time 0.474 (0.529)	Loss 0.1403 (0.4084)	Prec@1 93.750 (86.206)	Prec@5 100.000 (98.831)
Test: [420/463]	Time 0.507 (0.527)	Loss 0.3260 (0.4087)	Prec@1 87.500 (86.127)	Prec@5 100.000 (98.864)
Test: [440/463]	Time 0.484 (0.525)	Loss 0.6272 (0.4093)	Prec@1 81.250 (85.998)	Prec@5 100.000 (98.873)
Test: [460/463]	Time 0.480 (0.523)	Loss 0.6414 (0.4107)	Prec@1 71.875 (85.975)	Prec@5 100.000 (98.861)
Testing Results: Prec@1 85.954 Prec@5 98.850 Loss 0.41135
Best Prec@1: 85.954

Freezing BatchNorm2D except the first one.
Epoch: [1][0/3705], lr: 0.00100	Time 10.342 (10.342)	Data 7.669 (7.669)	Loss 0.8236 (0.8236)	Prec@1 68.750 (68.750)	Prec@5 96.875 (96.875)
Epoch: [1][20/3705], lr: 0.00100	Time 1.609 (2.038)	Data 0.000 (0.365)	Loss 0.8539 (0.9693)	Prec@1 71.875 (70.685)	Prec@5 93.750 (90.327)
Epoch: [1][40/3705], lr: 0.00100	Time 1.607 (1.829)	Data 0.000 (0.187)	Loss 0.4970 (0.8675)	Prec@1 81.250 (73.552)	Prec@5 93.750 (91.311)
Epoch: [1][60/3705], lr: 0.00100	Time 1.618 (1.765)	Data 0.000 (0.126)	Loss 0.7058 (0.8504)	Prec@1 78.125 (73.668)	Prec@5 90.625 (91.598)
Epoch: [1][80/3705], lr: 0.00100	Time 1.607 (1.729)	Data 0.000 (0.095)	Loss 0.7423 (0.8433)	Prec@1 75.000 (73.611)	Prec@5 90.625 (91.975)
Epoch: [1][100/3705], lr: 0.00100	Time 1.665 (1.707)	Data 0.000 (0.076)	Loss 0.9333 (0.8545)	Prec@1 68.750 (73.205)	Prec@5 87.500 (91.491)
Epoch: [1][120/3705], lr: 0.00100	Time 1.605 (1.692)	Data 0.000 (0.064)	Loss 0.6476 (0.8456)	Prec@1 81.250 (73.683)	Prec@5 87.500 (91.684)
Epoch: [1][140/3705], lr: 0.00100	Time 1.610 (1.682)	Data 0.000 (0.055)	Loss 1.0787 (0.8544)	Prec@1 68.750 (73.404)	Prec@5 93.750 (91.445)
Epoch: [1][160/3705], lr: 0.00100	Time 1.605 (1.675)	Data 0.000 (0.048)	Loss 1.1056 (0.8600)	Prec@1 68.750 (73.467)	Prec@5 90.625 (91.343)
Epoch: [1][180/3705], lr: 0.00100	Time 1.607 (1.669)	Data 0.000 (0.043)	Loss 1.0920 (0.8641)	Prec@1 62.500 (73.550)	Prec@5 93.750 (91.436)
Epoch: [1][200/3705], lr: 0.00100	Time 1.680 (1.665)	Data 0.000 (0.038)	Loss 1.0196 (0.8611)	Prec@1 71.875 (73.616)	Prec@5 87.500 (91.433)
Epoch: [1][220/3705], lr: 0.00100	Time 1.612 (1.661)	Data 0.000 (0.035)	Loss 0.9335 (0.8649)	Prec@1 71.875 (73.628)	Prec@5 87.500 (91.275)
Epoch: [1][240/3705], lr: 0.00100	Time 1.607 (1.657)	Data 0.000 (0.032)	Loss 0.4694 (0.8657)	Prec@1 87.500 (73.457)	Prec@5 100.000 (91.338)
Epoch: [1][260/3705], lr: 0.00100	Time 1.600 (1.655)	Data 0.000 (0.030)	Loss 0.9241 (0.8604)	Prec@1 68.750 (73.671)	Prec@5 96.875 (91.439)
Epoch: [1][280/3705], lr: 0.00100	Time 1.609 (1.652)	Data 0.000 (0.028)	Loss 0.7607 (0.8563)	Prec@1 78.125 (73.732)	Prec@5 90.625 (91.470)
Epoch: [1][300/3705], lr: 0.00100	Time 1.600 (1.651)	Data 0.000 (0.026)	Loss 0.9723 (0.8482)	Prec@1 71.875 (74.024)	Prec@5 90.625 (91.570)
Epoch: [1][320/3705], lr: 0.00100	Time 1.608 (1.649)	Data 0.000 (0.024)	Loss 0.6934 (0.8479)	Prec@1 71.875 (73.988)	Prec@5 100.000 (91.569)
Epoch: [1][340/3705], lr: 0.00100	Time 1.609 (1.647)	Data 0.000 (0.023)	Loss 0.4567 (0.8486)	Prec@1 87.500 (73.854)	Prec@5 96.875 (91.624)
Epoch: [1][360/3705], lr: 0.00100	Time 1.617 (1.647)	Data 0.000 (0.021)	Loss 0.6452 (0.8446)	Prec@1 71.875 (74.039)	Prec@5 93.750 (91.733)
Epoch: [1][380/3705], lr: 0.00100	Time 1.678 (1.645)	Data 0.000 (0.020)	Loss 0.5770 (0.8388)	Prec@1 81.250 (74.180)	Prec@5 96.875 (91.765)
Epoch: [1][400/3705], lr: 0.00100	Time 1.614 (1.644)	Data 0.000 (0.019)	Loss 1.1174 (0.8347)	Prec@1 62.500 (74.330)	Prec@5 90.625 (91.802)
Epoch: [1][420/3705], lr: 0.00100	Time 1.612 (1.642)	Data 0.000 (0.018)	Loss 0.5543 (0.8339)	Prec@1 87.500 (74.295)	Prec@5 93.750 (91.865)
Epoch: [1][440/3705], lr: 0.00100	Time 1.602 (1.641)	Data 0.000 (0.018)	Loss 0.5426 (0.8294)	Prec@1 84.375 (74.433)	Prec@5 93.750 (91.950)
Epoch: [1][460/3705], lr: 0.00100	Time 1.605 (1.639)	Data 0.000 (0.017)	Loss 0.6888 (0.8262)	Prec@1 78.125 (74.505)	Prec@5 96.875 (92.015)
Epoch: [1][480/3705], lr: 0.00100	Time 1.623 (1.639)	Data 0.000 (0.016)	Loss 1.1257 (0.8303)	Prec@1 56.250 (74.370)	Prec@5 87.500 (91.989)
Epoch: [1][500/3705], lr: 0.00100	Time 1.614 (1.638)	Data 0.000 (0.016)	Loss 0.8876 (0.8351)	Prec@1 68.750 (74.152)	Prec@5 93.750 (91.904)
Epoch: [1][520/3705], lr: 0.00100	Time 1.608 (1.637)	Data 0.000 (0.015)	Loss 0.9855 (0.8357)	Prec@1 71.875 (74.106)	Prec@5 87.500 (91.891)
Epoch: [1][540/3705], lr: 0.00100	Time 1.608 (1.636)	Data 0.000 (0.014)	Loss 0.9630 (0.8366)	Prec@1 71.875 (74.128)	Prec@5 90.625 (91.907)
Epoch: [1][560/3705], lr: 0.00100	Time 1.609 (1.636)	Data 0.000 (0.014)	Loss 0.5425 (0.8380)	Prec@1 93.750 (74.109)	Prec@5 96.875 (91.912)
Epoch: [1][580/3705], lr: 0.00100	Time 1.607 (1.635)	Data 0.000 (0.013)	Loss 0.9698 (0.8358)	Prec@1 68.750 (74.177)	Prec@5 93.750 (91.954)
Epoch: [1][600/3705], lr: 0.00100	Time 1.622 (1.635)	Data 0.000 (0.013)	Loss 0.9331 (0.8335)	Prec@1 68.750 (74.189)	Prec@5 87.500 (91.951)
Epoch: [1][620/3705], lr: 0.00100	Time 1.604 (1.634)	Data 0.000 (0.013)	Loss 0.7722 (0.8311)	Prec@1 81.250 (74.301)	Prec@5 93.750 (92.004)
Epoch: [1][640/3705], lr: 0.00100	Time 1.608 (1.634)	Data 0.000 (0.012)	Loss 0.7139 (0.8295)	Prec@1 75.000 (74.361)	Prec@5 93.750 (92.024)
Epoch: [1][660/3705], lr: 0.00100	Time 1.608 (1.633)	Data 0.000 (0.012)	Loss 0.6218 (0.8287)	Prec@1 78.125 (74.348)	Prec@5 93.750 (91.991)
Epoch: [1][680/3705], lr: 0.00100	Time 1.606 (1.633)	Data 0.000 (0.011)	Loss 0.4642 (0.8257)	Prec@1 87.500 (74.436)	Prec@5 96.875 (91.997)
Epoch: [1][700/3705], lr: 0.00100	Time 1.601 (1.633)	Data 0.000 (0.011)	Loss 0.9651 (0.8248)	Prec@1 71.875 (74.465)	Prec@5 90.625 (92.034)
Epoch: [1][720/3705], lr: 0.00100	Time 1.609 (1.632)	Data 0.000 (0.011)	Loss 0.8895 (0.8256)	Prec@1 68.750 (74.428)	Prec@5 90.625 (92.021)
Epoch: [1][740/3705], lr: 0.00100	Time 1.610 (1.631)	Data 0.000 (0.011)	Loss 0.6305 (0.8239)	Prec@1 81.250 (74.511)	Prec@5 96.875 (92.038)
Epoch: [1][760/3705], lr: 0.00100	Time 1.606 (1.631)	Data 0.000 (0.010)	Loss 1.0442 (0.8222)	Prec@1 68.750 (74.589)	Prec@5 84.375 (92.062)
Epoch: [1][780/3705], lr: 0.00100	Time 1.612 (1.630)	Data 0.000 (0.010)	Loss 1.1043 (0.8232)	Prec@1 71.875 (74.572)	Prec@5 90.625 (92.045)
Epoch: [1][800/3705], lr: 0.00100	Time 1.608 (1.630)	Data 0.000 (0.010)	Loss 0.6804 (0.8220)	Prec@1 81.250 (74.610)	Prec@5 90.625 (92.080)
Epoch: [1][820/3705], lr: 0.00100	Time 1.606 (1.630)	Data 0.000 (0.010)	Loss 1.4540 (0.8230)	Prec@1 50.000 (74.593)	Prec@5 84.375 (92.052)
Epoch: [1][840/3705], lr: 0.00100	Time 1.611 (1.629)	Data 0.000 (0.009)	Loss 0.8238 (0.8230)	Prec@1 78.125 (74.591)	Prec@5 93.750 (92.074)
Epoch: [1][860/3705], lr: 0.00100	Time 1.670 (1.629)	Data 0.000 (0.009)	Loss 1.0007 (0.8220)	Prec@1 71.875 (74.644)	Prec@5 84.375 (92.095)
Epoch: [1][880/3705], lr: 0.00100	Time 1.607 (1.629)	Data 0.000 (0.009)	Loss 0.7870 (0.8217)	Prec@1 78.125 (74.663)	Prec@5 87.500 (92.069)
Epoch: [1][900/3705], lr: 0.00100	Time 1.599 (1.628)	Data 0.000 (0.009)	Loss 0.6765 (0.8223)	Prec@1 78.125 (74.681)	Prec@5 93.750 (92.061)
Epoch: [1][920/3705], lr: 0.00100	Time 1.604 (1.628)	Data 0.000 (0.009)	Loss 0.3954 (0.8223)	Prec@1 90.625 (74.674)	Prec@5 100.000 (92.067)
Epoch: [1][940/3705], lr: 0.00100	Time 1.613 (1.628)	Data 0.000 (0.008)	Loss 0.6519 (0.8211)	Prec@1 68.750 (74.681)	Prec@5 100.000 (92.096)
Epoch: [1][960/3705], lr: 0.00100	Time 1.612 (1.628)	Data 0.000 (0.008)	Loss 0.4584 (0.8204)	Prec@1 87.500 (74.724)	Prec@5 96.875 (92.101)
Epoch: [1][980/3705], lr: 0.00100	Time 1.608 (1.627)	Data 0.000 (0.008)	Loss 0.4508 (0.8186)	Prec@1 87.500 (74.771)	Prec@5 100.000 (92.106)
Epoch: [1][1000/3705], lr: 0.00100	Time 1.608 (1.627)	Data 0.000 (0.008)	Loss 1.0519 (0.8187)	Prec@1 71.875 (74.775)	Prec@5 87.500 (92.089)
Epoch: [1][1020/3705], lr: 0.00100	Time 1.606 (1.627)	Data 0.000 (0.008)	Loss 0.5984 (0.8184)	Prec@1 84.375 (74.777)	Prec@5 96.875 (92.091)
Epoch: [1][1040/3705], lr: 0.00100	Time 1.599 (1.626)	Data 0.000 (0.008)	Loss 0.8446 (0.8193)	Prec@1 75.000 (74.715)	Prec@5 90.625 (92.084)
Epoch: [1][1060/3705], lr: 0.00100	Time 1.606 (1.626)	Data 0.000 (0.007)	Loss 0.6976 (0.8185)	Prec@1 75.000 (74.741)	Prec@5 93.750 (92.115)
Epoch: [1][1080/3705], lr: 0.00100	Time 1.604 (1.626)	Data 0.000 (0.007)	Loss 0.6150 (0.8185)	Prec@1 78.125 (74.728)	Prec@5 96.875 (92.128)
Epoch: [1][1100/3705], lr: 0.00100	Time 1.604 (1.625)	Data 0.000 (0.007)	Loss 0.3253 (0.8183)	Prec@1 90.625 (74.747)	Prec@5 96.875 (92.107)
Epoch: [1][1120/3705], lr: 0.00100	Time 1.607 (1.625)	Data 0.000 (0.007)	Loss 0.5553 (0.8185)	Prec@1 75.000 (74.732)	Prec@5 93.750 (92.086)
Epoch: [1][1140/3705], lr: 0.00100	Time 1.604 (1.625)	Data 0.000 (0.007)	Loss 0.8255 (0.8201)	Prec@1 81.250 (74.688)	Prec@5 90.625 (92.068)
Epoch: [1][1160/3705], lr: 0.00100	Time 1.608 (1.625)	Data 0.000 (0.007)	Loss 0.8265 (0.8201)	Prec@1 71.875 (74.680)	Prec@5 93.750 (92.068)
Epoch: [1][1180/3705], lr: 0.00100	Time 1.610 (1.624)	Data 0.000 (0.007)	Loss 0.6577 (0.8199)	Prec@1 84.375 (74.693)	Prec@5 93.750 (92.064)
Epoch: [1][1200/3705], lr: 0.00100	Time 1.599 (1.624)	Data 0.000 (0.007)	Loss 1.0760 (0.8202)	Prec@1 68.750 (74.690)	Prec@5 84.375 (92.053)
Epoch: [1][1220/3705], lr: 0.00100	Time 1.602 (1.624)	Data 0.000 (0.007)	Loss 0.6193 (0.8193)	Prec@1 75.000 (74.690)	Prec@5 93.750 (92.058)
Epoch: [1][1240/3705], lr: 0.00100	Time 1.609 (1.624)	Data 0.000 (0.006)	Loss 0.5103 (0.8183)	Prec@1 81.250 (74.726)	Prec@5 96.875 (92.075)
Epoch: [1][1260/3705], lr: 0.00100	Time 1.609 (1.623)	Data 0.000 (0.006)	Loss 1.1315 (0.8192)	Prec@1 68.750 (74.703)	Prec@5 84.375 (92.080)
Epoch: [1][1280/3705], lr: 0.00100	Time 1.622 (1.623)	Data 0.000 (0.006)	Loss 0.6406 (0.8194)	Prec@1 81.250 (74.710)	Prec@5 87.500 (92.072)
Epoch: [1][1300/3705], lr: 0.00100	Time 1.655 (1.623)	Data 0.000 (0.006)	Loss 0.9227 (0.8187)	Prec@1 71.875 (74.717)	Prec@5 87.500 (92.061)
Epoch: [1][1320/3705], lr: 0.00100	Time 1.602 (1.623)	Data 0.000 (0.006)	Loss 0.9478 (0.8191)	Prec@1 65.625 (74.683)	Prec@5 90.625 (92.054)
Epoch: [1][1340/3705], lr: 0.00100	Time 1.674 (1.623)	Data 0.000 (0.006)	Loss 0.3774 (0.8183)	Prec@1 90.625 (74.718)	Prec@5 100.000 (92.067)
Epoch: [1][1360/3705], lr: 0.00100	Time 1.602 (1.623)	Data 0.000 (0.006)	Loss 0.4233 (0.8179)	Prec@1 87.500 (74.754)	Prec@5 96.875 (92.065)
Epoch: [1][1380/3705], lr: 0.00100	Time 1.607 (1.623)	Data 0.000 (0.006)	Loss 0.6448 (0.8188)	Prec@1 78.125 (74.744)	Prec@5 93.750 (92.062)
Epoch: [1][1400/3705], lr: 0.00100	Time 1.657 (1.623)	Data 0.000 (0.006)	Loss 0.9456 (0.8192)	Prec@1 71.875 (74.735)	Prec@5 87.500 (92.044)
Epoch: [1][1420/3705], lr: 0.00100	Time 1.620 (1.623)	Data 0.000 (0.006)	Loss 1.2495 (0.8188)	Prec@1 62.500 (74.769)	Prec@5 93.750 (92.039)
Epoch: [1][1440/3705], lr: 0.00100	Time 1.603 (1.623)	Data 0.000 (0.006)	Loss 0.5007 (0.8188)	Prec@1 87.500 (74.766)	Prec@5 96.875 (92.048)
Epoch: [1][1460/3705], lr: 0.00100	Time 1.606 (1.623)	Data 0.000 (0.005)	Loss 0.8923 (0.8182)	Prec@1 71.875 (74.780)	Prec@5 93.750 (92.062)
Epoch: [1][1480/3705], lr: 0.00100	Time 1.606 (1.623)	Data 0.000 (0.005)	Loss 0.6415 (0.8191)	Prec@1 71.875 (74.755)	Prec@5 93.750 (92.037)
Epoch: [1][1500/3705], lr: 0.00100	Time 1.609 (1.623)	Data 0.000 (0.005)	Loss 0.8070 (0.8189)	Prec@1 71.875 (74.769)	Prec@5 96.875 (92.034)
Epoch: [1][1520/3705], lr: 0.00100	Time 1.604 (1.623)	Data 0.000 (0.005)	Loss 1.1946 (0.8187)	Prec@1 62.500 (74.786)	Prec@5 81.250 (92.032)
Epoch: [1][1540/3705], lr: 0.00100	Time 1.658 (1.623)	Data 0.000 (0.005)	Loss 0.9991 (0.8187)	Prec@1 75.000 (74.793)	Prec@5 87.500 (92.032)
Epoch: [1][1560/3705], lr: 0.00100	Time 1.678 (1.623)	Data 0.000 (0.005)	Loss 1.0697 (0.8182)	Prec@1 71.875 (74.828)	Prec@5 87.500 (92.034)
Epoch: [1][1580/3705], lr: 0.00100	Time 1.606 (1.623)	Data 0.000 (0.005)	Loss 0.8174 (0.8189)	Prec@1 75.000 (74.814)	Prec@5 93.750 (92.024)
Epoch: [1][1600/3705], lr: 0.00100	Time 1.662 (1.623)	Data 0.000 (0.005)	Loss 0.6453 (0.8183)	Prec@1 78.125 (74.822)	Prec@5 96.875 (92.054)
Epoch: [1][1620/3705], lr: 0.00100	Time 1.611 (1.623)	Data 0.000 (0.005)	Loss 0.9878 (0.8180)	Prec@1 75.000 (74.834)	Prec@5 87.500 (92.046)
Epoch: [1][1640/3705], lr: 0.00100	Time 1.623 (1.623)	Data 0.000 (0.005)	Loss 1.0021 (0.8183)	Prec@1 68.750 (74.829)	Prec@5 90.625 (92.040)
Epoch: [1][1660/3705], lr: 0.00100	Time 1.612 (1.623)	Data 0.000 (0.005)	Loss 0.7838 (0.8188)	Prec@1 75.000 (74.819)	Prec@5 93.750 (92.047)
Epoch: [1][1680/3705], lr: 0.00100	Time 1.654 (1.623)	Data 0.000 (0.005)	Loss 1.3309 (0.8178)	Prec@1 68.750 (74.851)	Prec@5 78.125 (92.055)
Epoch: [1][1700/3705], lr: 0.00100	Time 1.609 (1.623)	Data 0.000 (0.005)	Loss 0.6866 (0.8176)	Prec@1 81.250 (74.862)	Prec@5 90.625 (92.038)
Epoch: [1][1720/3705], lr: 0.00100	Time 1.621 (1.623)	Data 0.000 (0.005)	Loss 0.6594 (0.8172)	Prec@1 75.000 (74.891)	Prec@5 93.750 (92.023)
Epoch: [1][1740/3705], lr: 0.00100	Time 1.670 (1.623)	Data 0.000 (0.005)	Loss 0.9611 (0.8169)	Prec@1 65.625 (74.907)	Prec@5 84.375 (92.039)
Epoch: [1][1760/3705], lr: 0.00100	Time 1.602 (1.624)	Data 0.000 (0.005)	Loss 0.5038 (0.8168)	Prec@1 81.250 (74.906)	Prec@5 93.750 (92.023)
Epoch: [1][1780/3705], lr: 0.00100	Time 1.601 (1.624)	Data 0.000 (0.005)	Loss 0.7084 (0.8154)	Prec@1 81.250 (74.953)	Prec@5 90.625 (92.039)
Epoch: [1][1800/3705], lr: 0.00100	Time 1.607 (1.623)	Data 0.000 (0.004)	Loss 0.9064 (0.8154)	Prec@1 75.000 (74.936)	Prec@5 93.750 (92.050)
Epoch: [1][1820/3705], lr: 0.00100	Time 1.661 (1.623)	Data 0.000 (0.004)	Loss 0.5946 (0.8135)	Prec@1 84.375 (74.995)	Prec@5 96.875 (92.073)
Epoch: [1][1840/3705], lr: 0.00100	Time 1.606 (1.623)	Data 0.000 (0.004)	Loss 1.0749 (0.8130)	Prec@1 68.750 (74.995)	Prec@5 87.500 (92.083)
