somethingv2: 174 classes
storing name: TSM_somethingv2_RGB_resnet50_shift8_blockres_avg_segment8_e25

    Initializing TSN with base model: resnet50.
    TSN Configurations:
        input_modality:     RGB
        num_segments:       8
        new_length:         1
        consensus_module:   avg
        dropout_ratio:      0.8
        img_feature_dim:    256
            
=> base model: resnet50
Adding temporal shift...
=> n_segment per stage: [8, 8, 8, 8]
=> Processing stage with 3 blocks residual
=> Using fold div: 8
=> Using fold div: 8
=> Using fold div: 8
=> Processing stage with 4 blocks residual
=> Using fold div: 8
=> Using fold div: 8
=> Using fold div: 8
=> Using fold div: 8
=> Processing stage with 6 blocks residual
=> Using fold div: 8
=> Using fold div: 8
=> Using fold div: 8
=> Using fold div: 8
=> Using fold div: 8
=> Using fold div: 8
=> Processing stage with 3 blocks residual
=> Using fold div: 8
=> Using fold div: 8
=> Using fold div: 8
#################### NO FLIP!!!
=> fine-tuning from 'pretrained/TSM_kinetics_RGB_resnet50_shift8_blockres_avg_segment8_e50.pth'
#### Notice: keys that failed to load: set()
=> New dataset, do not load fc weights
video number:168913
video number:24777
group: first_conv_weight has 1 params, lr_mult: 1, decay_mult: 1
group: first_conv_bias has 0 params, lr_mult: 2, decay_mult: 0
group: normal_weight has 52 params, lr_mult: 1, decay_mult: 1
group: normal_bias has 0 params, lr_mult: 2, decay_mult: 0
group: BN scale/shift has 2 params, lr_mult: 1, decay_mult: 0
group: custom_ops has 0 params, lr_mult: 1, decay_mult: 1
group: lr5_weight has 1 params, lr_mult: 5, decay_mult: 1
group: lr10_bias has 1 params, lr_mult: 10, decay_mult: 0
Freezing BatchNorm2D except the first one.
Epoch: [0][0/5278], lr: 0.00100	Time 44.600 (44.600)	Data 5.296 (5.296)	Loss 5.1569 (5.1569)	Prec@1 0.000 (0.000)	Prec@5 9.375 (9.375)
Epoch: [0][20/5278], lr: 0.00100	Time 1.568 (3.663)	Data 0.000 (0.252)	Loss 5.0893 (5.1161)	Prec@1 0.000 (1.339)	Prec@5 6.250 (5.208)
Epoch: [0][40/5278], lr: 0.00100	Time 1.579 (2.648)	Data 0.000 (0.129)	Loss 4.8055 (5.0608)	Prec@1 15.625 (1.753)	Prec@5 18.750 (6.326)
Epoch: [0][60/5278], lr: 0.00100	Time 1.576 (2.303)	Data 0.001 (0.087)	Loss 5.0083 (5.0168)	Prec@1 3.125 (1.793)	Prec@5 6.250 (7.531)
Epoch: [0][80/5278], lr: 0.00100	Time 1.652 (2.131)	Data 0.000 (0.066)	Loss 4.7939 (4.9978)	Prec@1 9.375 (1.852)	Prec@5 12.500 (9.105)
Epoch: [0][100/5278], lr: 0.00100	Time 1.657 (2.027)	Data 0.000 (0.053)	Loss 4.7095 (4.9730)	Prec@1 3.125 (2.073)	Prec@5 15.625 (10.241)
Epoch: [0][120/5278], lr: 0.00100	Time 1.647 (1.958)	Data 0.000 (0.044)	Loss 4.7382 (4.9576)	Prec@1 9.375 (2.144)	Prec@5 21.875 (10.486)
Epoch: [0][140/5278], lr: 0.00100	Time 1.590 (1.905)	Data 0.000 (0.038)	Loss 4.8827 (4.9367)	Prec@1 3.125 (2.305)	Prec@5 12.500 (11.325)
Epoch: [0][160/5278], lr: 0.00100	Time 1.578 (1.869)	Data 0.000 (0.033)	Loss 4.7377 (4.9090)	Prec@1 6.250 (2.873)	Prec@5 15.625 (12.054)
Epoch: [0][180/5278], lr: 0.00100	Time 1.658 (1.839)	Data 0.000 (0.030)	Loss 4.7023 (4.8775)	Prec@1 3.125 (3.194)	Prec@5 15.625 (12.932)
Epoch: [0][200/5278], lr: 0.00100	Time 1.657 (1.816)	Data 0.000 (0.027)	Loss 4.6692 (4.8506)	Prec@1 6.250 (3.545)	Prec@5 18.750 (13.682)
Epoch: [0][220/5278], lr: 0.00100	Time 1.587 (1.797)	Data 0.000 (0.024)	Loss 4.6486 (4.8177)	Prec@1 3.125 (3.917)	Prec@5 21.875 (14.564)
Epoch: [0][240/5278], lr: 0.00100	Time 1.607 (1.781)	Data 0.000 (0.022)	Loss 4.4638 (4.8004)	Prec@1 15.625 (4.110)	Prec@5 34.375 (15.029)
Epoch: [0][260/5278], lr: 0.00100	Time 1.672 (1.768)	Data 0.000 (0.021)	Loss 4.5754 (4.7790)	Prec@1 9.375 (4.394)	Prec@5 25.000 (15.601)
Epoch: [0][280/5278], lr: 0.00100	Time 1.662 (1.756)	Data 0.000 (0.019)	Loss 4.5234 (4.7600)	Prec@1 6.250 (4.560)	Prec@5 15.625 (16.025)
Epoch: [0][300/5278], lr: 0.00100	Time 1.590 (1.746)	Data 0.000 (0.018)	Loss 4.3704 (4.7328)	Prec@1 6.250 (4.765)	Prec@5 21.875 (16.622)
Epoch: [0][320/5278], lr: 0.00100	Time 1.643 (1.738)	Data 0.001 (0.017)	Loss 4.0712 (4.7138)	Prec@1 12.500 (5.053)	Prec@5 40.625 (17.212)
Epoch: [0][340/5278], lr: 0.00100	Time 1.592 (1.730)	Data 0.001 (0.016)	Loss 4.4314 (4.6965)	Prec@1 12.500 (5.214)	Prec@5 25.000 (17.595)
Epoch: [0][360/5278], lr: 0.00100	Time 1.594 (1.723)	Data 0.000 (0.015)	Loss 4.3319 (4.6801)	Prec@1 3.125 (5.384)	Prec@5 18.750 (17.902)
Epoch: [0][380/5278], lr: 0.00100	Time 1.594 (1.717)	Data 0.001 (0.014)	Loss 4.1604 (4.6651)	Prec@1 6.250 (5.479)	Prec@5 37.500 (18.315)
Epoch: [0][400/5278], lr: 0.00100	Time 1.583 (1.711)	Data 0.000 (0.014)	Loss 4.3965 (4.6497)	Prec@1 12.500 (5.603)	Prec@5 25.000 (18.734)
Epoch: [0][420/5278], lr: 0.00100	Time 1.587 (1.706)	Data 0.000 (0.013)	Loss 4.1017 (4.6295)	Prec@1 15.625 (5.819)	Prec@5 40.625 (19.114)
Epoch: [0][440/5278], lr: 0.00100	Time 1.580 (1.701)	Data 0.000 (0.012)	Loss 4.5675 (4.6156)	Prec@1 3.125 (5.917)	Prec@5 18.750 (19.487)
Epoch: [0][460/5278], lr: 0.00100	Time 1.588 (1.697)	Data 0.000 (0.012)	Loss 4.3634 (4.5986)	Prec@1 6.250 (6.053)	Prec@5 28.125 (19.923)
Epoch: [0][480/5278], lr: 0.00100	Time 1.595 (1.694)	Data 0.000 (0.011)	Loss 4.1706 (4.5780)	Prec@1 12.500 (6.218)	Prec@5 37.500 (20.504)
Epoch: [0][500/5278], lr: 0.00100	Time 1.595 (1.690)	Data 0.000 (0.011)	Loss 3.8443 (4.5605)	Prec@1 12.500 (6.418)	Prec@5 46.875 (20.939)
Epoch: [0][520/5278], lr: 0.00100	Time 1.583 (1.686)	Data 0.000 (0.011)	Loss 4.0250 (4.5450)	Prec@1 9.375 (6.610)	Prec@5 37.500 (21.401)
Epoch: [0][540/5278], lr: 0.00100	Time 1.579 (1.683)	Data 0.000 (0.010)	Loss 4.1203 (4.5314)	Prec@1 12.500 (6.764)	Prec@5 34.375 (21.788)
Epoch: [0][560/5278], lr: 0.00100	Time 1.652 (1.681)	Data 0.000 (0.010)	Loss 4.3782 (4.5213)	Prec@1 6.250 (6.879)	Prec@5 34.375 (22.042)
Epoch: [0][580/5278], lr: 0.00100	Time 1.659 (1.678)	Data 0.000 (0.009)	Loss 4.5567 (4.5091)	Prec@1 9.375 (7.014)	Prec@5 21.875 (22.343)
Epoch: [0][600/5278], lr: 0.00100	Time 1.582 (1.675)	Data 0.000 (0.009)	Loss 4.0307 (4.4927)	Prec@1 6.250 (7.186)	Prec@5 40.625 (22.743)
Epoch: [0][620/5278], lr: 0.00100	Time 1.641 (1.673)	Data 0.001 (0.009)	Loss 3.9715 (4.4829)	Prec@1 18.750 (7.282)	Prec@5 43.750 (23.012)
Epoch: [0][640/5278], lr: 0.00100	Time 1.592 (1.671)	Data 0.000 (0.009)	Loss 3.9488 (4.4699)	Prec@1 9.375 (7.420)	Prec@5 40.625 (23.347)
Epoch: [0][660/5278], lr: 0.00100	Time 1.592 (1.668)	Data 0.000 (0.008)	Loss 4.0615 (4.4551)	Prec@1 15.625 (7.654)	Prec@5 37.500 (23.709)
Epoch: [0][680/5278], lr: 0.00100	Time 1.588 (1.667)	Data 0.000 (0.008)	Loss 3.9836 (4.4440)	Prec@1 12.500 (7.773)	Prec@5 40.625 (23.945)
Epoch: [0][700/5278], lr: 0.00100	Time 1.595 (1.665)	Data 0.000 (0.008)	Loss 3.6145 (4.4325)	Prec@1 21.875 (7.944)	Prec@5 46.875 (24.211)
Epoch: [0][720/5278], lr: 0.00100	Time 1.590 (1.663)	Data 0.000 (0.008)	Loss 3.8930 (4.4215)	Prec@1 15.625 (8.096)	Prec@5 37.500 (24.528)
Epoch: [0][740/5278], lr: 0.00100	Time 1.578 (1.661)	Data 0.000 (0.007)	Loss 3.7766 (4.4093)	Prec@1 25.000 (8.207)	Prec@5 37.500 (24.869)
Epoch: [0][760/5278], lr: 0.00100	Time 1.591 (1.659)	Data 0.000 (0.007)	Loss 4.0090 (4.4009)	Prec@1 6.250 (8.295)	Prec@5 34.375 (25.062)
Epoch: [0][780/5278], lr: 0.00100	Time 1.664 (1.658)	Data 0.000 (0.007)	Loss 4.1798 (4.3932)	Prec@1 15.625 (8.383)	Prec@5 37.500 (25.268)
Epoch: [0][800/5278], lr: 0.00100	Time 1.594 (1.656)	Data 0.000 (0.007)	Loss 3.5784 (4.3828)	Prec@1 9.375 (8.497)	Prec@5 43.750 (25.527)
Epoch: [0][820/5278], lr: 0.00100	Time 1.598 (1.655)	Data 0.000 (0.007)	Loss 3.6179 (4.3724)	Prec@1 12.500 (8.576)	Prec@5 53.125 (25.757)
Epoch: [0][840/5278], lr: 0.00100	Time 1.587 (1.654)	Data 0.000 (0.007)	Loss 4.1003 (4.3624)	Prec@1 9.375 (8.676)	Prec@5 34.375 (26.026)
Epoch: [0][860/5278], lr: 0.00100	Time 1.590 (1.653)	Data 0.000 (0.007)	Loss 3.9130 (4.3526)	Prec@1 25.000 (8.820)	Prec@5 43.750 (26.267)
Epoch: [0][880/5278], lr: 0.00100	Time 1.593 (1.651)	Data 0.000 (0.006)	Loss 3.4275 (4.3438)	Prec@1 31.250 (8.921)	Prec@5 56.250 (26.511)
Epoch: [0][900/5278], lr: 0.00100	Time 1.589 (1.650)	Data 0.000 (0.006)	Loss 3.9993 (4.3358)	Prec@1 12.500 (8.945)	Prec@5 34.375 (26.693)
Epoch: [0][920/5278], lr: 0.00100	Time 1.591 (1.649)	Data 0.000 (0.006)	Loss 4.0185 (4.3273)	Prec@1 18.750 (9.049)	Prec@5 37.500 (26.948)
Epoch: [0][940/5278], lr: 0.00100	Time 1.591 (1.648)	Data 0.000 (0.006)	Loss 3.6326 (4.3168)	Prec@1 15.625 (9.149)	Prec@5 46.875 (27.212)
Epoch: [0][960/5278], lr: 0.00100	Time 1.657 (1.647)	Data 0.000 (0.006)	Loss 3.7680 (4.3100)	Prec@1 15.625 (9.229)	Prec@5 43.750 (27.367)
Epoch: [0][980/5278], lr: 0.00100	Time 1.586 (1.646)	Data 0.000 (0.006)	Loss 3.6312 (4.2993)	Prec@1 15.625 (9.299)	Prec@5 37.500 (27.638)
Epoch: [0][1000/5278], lr: 0.00100	Time 1.574 (1.646)	Data 0.001 (0.006)	Loss 4.0108 (4.2905)	Prec@1 15.625 (9.369)	Prec@5 31.250 (27.857)
Epoch: [0][1020/5278], lr: 0.00100	Time 1.580 (1.645)	Data 0.000 (0.006)	Loss 4.0550 (4.2801)	Prec@1 12.500 (9.504)	Prec@5 31.250 (28.116)
Epoch: [0][1040/5278], lr: 0.00100	Time 1.590 (1.644)	Data 0.000 (0.005)	Loss 3.9258 (4.2725)	Prec@1 6.250 (9.540)	Prec@5 28.125 (28.332)
Epoch: [0][1060/5278], lr: 0.00100	Time 1.577 (1.643)	Data 0.000 (0.005)	Loss 3.7983 (4.2623)	Prec@1 18.750 (9.640)	Prec@5 40.625 (28.626)
Epoch: [0][1080/5278], lr: 0.00100	Time 1.578 (1.642)	Data 0.000 (0.005)	Loss 3.5771 (4.2560)	Prec@1 28.125 (9.719)	Prec@5 46.875 (28.796)
Epoch: [0][1100/5278], lr: 0.00100	Time 1.583 (1.641)	Data 0.000 (0.005)	Loss 3.7631 (4.2487)	Prec@1 9.375 (9.806)	Prec@5 46.875 (28.996)
Epoch: [0][1120/5278], lr: 0.00100	Time 1.594 (1.641)	Data 0.000 (0.005)	Loss 3.8416 (4.2404)	Prec@1 15.625 (9.935)	Prec@5 37.500 (29.207)
Epoch: [0][1140/5278], lr: 0.00100	Time 1.587 (1.640)	Data 0.000 (0.005)	Loss 3.7044 (4.2321)	Prec@1 18.750 (9.994)	Prec@5 46.875 (29.412)
Epoch: [0][1160/5278], lr: 0.00100	Time 1.591 (1.639)	Data 0.000 (0.005)	Loss 4.2570 (4.2253)	Prec@1 3.125 (10.053)	Prec@5 31.250 (29.570)
Epoch: [0][1180/5278], lr: 0.00100	Time 1.583 (1.638)	Data 0.000 (0.005)	Loss 3.5243 (4.2176)	Prec@1 18.750 (10.166)	Prec@5 43.750 (29.752)
Epoch: [0][1200/5278], lr: 0.00100	Time 1.588 (1.638)	Data 0.000 (0.005)	Loss 3.6228 (4.2104)	Prec@1 6.250 (10.247)	Prec@5 43.750 (29.936)
Epoch: [0][1220/5278], lr: 0.00100	Time 1.592 (1.637)	Data 0.000 (0.005)	Loss 3.8091 (4.2021)	Prec@1 15.625 (10.337)	Prec@5 43.750 (30.147)
Epoch: [0][1240/5278], lr: 0.00100	Time 1.584 (1.636)	Data 0.000 (0.005)	Loss 3.9516 (4.1956)	Prec@1 12.500 (10.435)	Prec@5 34.375 (30.356)
Epoch: [0][1260/5278], lr: 0.00100	Time 1.579 (1.636)	Data 0.000 (0.005)	Loss 3.9163 (4.1877)	Prec@1 15.625 (10.540)	Prec@5 34.375 (30.539)
Epoch: [0][1280/5278], lr: 0.00100	Time 1.651 (1.635)	Data 0.000 (0.004)	Loss 4.1073 (4.1816)	Prec@1 6.250 (10.585)	Prec@5 28.125 (30.694)
Epoch: [0][1300/5278], lr: 0.00100	Time 1.591 (1.635)	Data 0.000 (0.004)	Loss 3.9631 (4.1742)	Prec@1 15.625 (10.699)	Prec@5 43.750 (30.875)
Epoch: [0][1320/5278], lr: 0.00100	Time 1.585 (1.634)	Data 0.000 (0.004)	Loss 3.8560 (4.1660)	Prec@1 15.625 (10.816)	Prec@5 37.500 (31.056)
Epoch: [0][1340/5278], lr: 0.00100	Time 1.591 (1.634)	Data 0.000 (0.004)	Loss 3.3060 (4.1604)	Prec@1 28.125 (10.920)	Prec@5 56.250 (31.206)
Epoch: [0][1360/5278], lr: 0.00100	Time 1.645 (1.633)	Data 0.001 (0.004)	Loss 3.5119 (4.1530)	Prec@1 18.750 (10.994)	Prec@5 46.875 (31.385)
Epoch: [0][1380/5278], lr: 0.00100	Time 1.588 (1.633)	Data 0.000 (0.004)	Loss 3.6001 (4.1464)	Prec@1 18.750 (11.093)	Prec@5 50.000 (31.555)
Epoch: [0][1400/5278], lr: 0.00100	Time 1.586 (1.632)	Data 0.000 (0.004)	Loss 4.2671 (4.1396)	Prec@1 12.500 (11.202)	Prec@5 31.250 (31.725)
Epoch: [0][1420/5278], lr: 0.00100	Time 1.585 (1.632)	Data 0.000 (0.004)	Loss 3.7138 (4.1329)	Prec@1 31.250 (11.282)	Prec@5 43.750 (31.899)
Epoch: [0][1440/5278], lr: 0.00100	Time 1.605 (1.631)	Data 0.000 (0.004)	Loss 3.7833 (4.1261)	Prec@1 15.625 (11.351)	Prec@5 43.750 (32.061)
Epoch: [0][1460/5278], lr: 0.00100	Time 1.597 (1.631)	Data 0.000 (0.004)	Loss 3.3837 (4.1187)	Prec@1 25.000 (11.433)	Prec@5 50.000 (32.242)
Epoch: [0][1480/5278], lr: 0.00100	Time 1.610 (1.630)	Data 0.000 (0.004)	Loss 3.1892 (4.1115)	Prec@1 18.750 (11.519)	Prec@5 50.000 (32.444)
Epoch: [0][1500/5278], lr: 0.00100	Time 1.594 (1.630)	Data 0.001 (0.004)	Loss 3.6361 (4.1061)	Prec@1 18.750 (11.603)	Prec@5 37.500 (32.564)
Epoch: [0][1520/5278], lr: 0.00100	Time 1.652 (1.630)	Data 0.000 (0.004)	Loss 3.7111 (4.0998)	Prec@1 28.125 (11.713)	Prec@5 46.875 (32.707)
Epoch: [0][1540/5278], lr: 0.00100	Time 1.599 (1.629)	Data 0.000 (0.004)	Loss 3.1908 (4.0951)	Prec@1 31.250 (11.766)	Prec@5 50.000 (32.866)
Epoch: [0][1560/5278], lr: 0.00100	Time 1.579 (1.629)	Data 0.000 (0.004)	Loss 3.5034 (4.0892)	Prec@1 12.500 (11.849)	Prec@5 46.875 (33.006)
Epoch: [0][1580/5278], lr: 0.00100	Time 1.649 (1.628)	Data 0.000 (0.004)	Loss 3.5579 (4.0834)	Prec@1 15.625 (11.925)	Prec@5 50.000 (33.134)
Epoch: [0][1600/5278], lr: 0.00100	Time 1.579 (1.628)	Data 0.000 (0.004)	Loss 3.5309 (4.0781)	Prec@1 18.750 (12.004)	Prec@5 40.625 (33.272)
Epoch: [0][1620/5278], lr: 0.00100	Time 1.579 (1.628)	Data 0.000 (0.004)	Loss 3.5419 (4.0715)	Prec@1 15.625 (12.091)	Prec@5 50.000 (33.454)
Epoch: [0][1640/5278], lr: 0.00100	Time 1.593 (1.627)	Data 0.000 (0.004)	Loss 3.7726 (4.0674)	Prec@1 12.500 (12.161)	Prec@5 50.000 (33.556)
Epoch: [0][1660/5278], lr: 0.00100	Time 1.579 (1.627)	Data 0.000 (0.004)	Loss 3.7839 (4.0627)	Prec@1 12.500 (12.218)	Prec@5 34.375 (33.662)
Epoch: [0][1680/5278], lr: 0.00100	Time 1.591 (1.627)	Data 0.000 (0.003)	Loss 3.0104 (4.0560)	Prec@1 34.375 (12.312)	Prec@5 46.875 (33.821)
Epoch: [0][1700/5278], lr: 0.00100	Time 1.591 (1.627)	Data 0.000 (0.003)	Loss 3.8529 (4.0509)	Prec@1 9.375 (12.364)	Prec@5 43.750 (33.930)
Epoch: [0][1720/5278], lr: 0.00100	Time 1.603 (1.626)	Data 0.000 (0.003)	Loss 3.4129 (4.0434)	Prec@1 15.625 (12.475)	Prec@5 50.000 (34.108)
Epoch: [0][1740/5278], lr: 0.00100	Time 1.650 (1.626)	Data 0.001 (0.003)	Loss 3.4213 (4.0397)	Prec@1 28.125 (12.539)	Prec@5 53.125 (34.204)
Epoch: [0][1760/5278], lr: 0.00100	Time 1.579 (1.626)	Data 0.000 (0.003)	Loss 3.2435 (4.0347)	Prec@1 34.375 (12.594)	Prec@5 50.000 (34.313)
Epoch: [0][1780/5278], lr: 0.00100	Time 1.580 (1.626)	Data 0.000 (0.003)	Loss 3.4071 (4.0284)	Prec@1 15.625 (12.697)	Prec@5 53.125 (34.470)
Epoch: [0][1800/5278], lr: 0.00100	Time 1.594 (1.625)	Data 0.000 (0.003)	Loss 4.2637 (4.0223)	Prec@1 3.125 (12.795)	Prec@5 25.000 (34.611)
Epoch: [0][1820/5278], lr: 0.00100	Time 1.587 (1.625)	Data 0.000 (0.003)	Loss 4.2182 (4.0177)	Prec@1 6.250 (12.850)	Prec@5 21.875 (34.723)
Epoch: [0][1840/5278], lr: 0.00100	Time 1.578 (1.625)	Data 0.000 (0.003)	Loss 3.4909 (4.0123)	Prec@1 25.000 (12.909)	Prec@5 37.500 (34.864)
Epoch: [0][1860/5278], lr: 0.00100	Time 1.597 (1.625)	Data 0.001 (0.003)	Loss 3.5030 (4.0053)	Prec@1 15.625 (13.021)	Prec@5 37.500 (35.030)
Epoch: [0][1880/5278], lr: 0.00100	Time 1.578 (1.625)	Data 0.001 (0.003)	Loss 3.5378 (4.0007)	Prec@1 18.750 (13.090)	Prec@5 46.875 (35.148)
Epoch: [0][1900/5278], lr: 0.00100	Time 1.616 (1.625)	Data 0.000 (0.003)	Loss 3.5121 (3.9959)	Prec@1 15.625 (13.138)	Prec@5 56.250 (35.282)
Epoch: [0][1920/5278], lr: 0.00100	Time 1.582 (1.624)	Data 0.000 (0.003)	Loss 3.5168 (3.9922)	Prec@1 21.875 (13.183)	Prec@5 43.750 (35.395)
Epoch: [0][1940/5278], lr: 0.00100	Time 1.592 (1.624)	Data 0.000 (0.003)	Loss 3.3289 (3.9875)	Prec@1 21.875 (13.250)	Prec@5 56.250 (35.497)
Epoch: [0][1960/5278], lr: 0.00100	Time 1.579 (1.624)	Data 0.000 (0.003)	Loss 3.6700 (3.9829)	Prec@1 12.500 (13.337)	Prec@5 53.125 (35.608)
Epoch: [0][1980/5278], lr: 0.00100	Time 1.580 (1.624)	Data 0.000 (0.003)	Loss 3.0887 (3.9779)	Prec@1 21.875 (13.412)	Prec@5 50.000 (35.725)
Epoch: [0][2000/5278], lr: 0.00100	Time 1.659 (1.624)	Data 0.000 (0.003)	Loss 3.0519 (3.9741)	Prec@1 34.375 (13.489)	Prec@5 56.250 (35.815)
Epoch: [0][2020/5278], lr: 0.00100	Time 1.594 (1.624)	Data 0.000 (0.003)	Loss 3.3159 (3.9692)	Prec@1 18.750 (13.536)	Prec@5 56.250 (35.918)
Epoch: [0][2040/5278], lr: 0.00100	Time 1.592 (1.623)	Data 0.000 (0.003)	Loss 3.6578 (3.9649)	Prec@1 18.750 (13.564)	Prec@5 43.750 (36.013)
Epoch: [0][2060/5278], lr: 0.00100	Time 1.591 (1.623)	Data 0.000 (0.003)	Loss 3.5374 (3.9609)	Prec@1 18.750 (13.617)	Prec@5 46.875 (36.096)
Epoch: [0][2080/5278], lr: 0.00100	Time 1.592 (1.623)	Data 0.000 (0.003)	Loss 3.2312 (3.9559)	Prec@1 21.875 (13.701)	Prec@5 59.375 (36.201)
Epoch: [0][2100/5278], lr: 0.00100	Time 1.614 (1.623)	Data 0.000 (0.003)	Loss 3.6497 (3.9511)	Prec@1 6.250 (13.760)	Prec@5 46.875 (36.309)
Epoch: [0][2120/5278], lr: 0.00100	Time 1.587 (1.623)	Data 0.000 (0.003)	Loss 3.3352 (3.9466)	Prec@1 21.875 (13.853)	Prec@5 53.125 (36.419)
Epoch: [0][2140/5278], lr: 0.00100	Time 1.595 (1.623)	Data 0.000 (0.003)	Loss 3.2999 (3.9412)	Prec@1 15.625 (13.929)	Prec@5 56.250 (36.544)
Epoch: [0][2160/5278], lr: 0.00100	Time 1.602 (1.623)	Data 0.000 (0.003)	Loss 3.7658 (3.9374)	Prec@1 18.750 (13.979)	Prec@5 43.750 (36.648)
Epoch: [0][2180/5278], lr: 0.00100	Time 1.640 (1.622)	Data 0.000 (0.003)	Loss 3.5220 (3.9324)	Prec@1 21.875 (14.050)	Prec@5 43.750 (36.753)
Epoch: [0][2200/5278], lr: 0.00100	Time 1.584 (1.622)	Data 0.000 (0.003)	Loss 3.7373 (3.9279)	Prec@1 28.125 (14.136)	Prec@5 50.000 (36.877)
Epoch: [0][2220/5278], lr: 0.00100	Time 1.580 (1.622)	Data 0.000 (0.003)	Loss 3.1129 (3.9232)	Prec@1 21.875 (14.198)	Prec@5 53.125 (36.998)
Epoch: [0][2240/5278], lr: 0.00100	Time 1.592 (1.622)	Data 0.000 (0.003)	Loss 3.1445 (3.9183)	Prec@1 31.250 (14.260)	Prec@5 56.250 (37.114)
Epoch: [0][2260/5278], lr: 0.00100	Time 1.596 (1.622)	Data 0.000 (0.003)	Loss 2.8504 (3.9136)	Prec@1 28.125 (14.315)	Prec@5 62.500 (37.226)
Epoch: [0][2280/5278], lr: 0.00100	Time 1.581 (1.622)	Data 0.000 (0.003)	Loss 3.1573 (3.9088)	Prec@1 21.875 (14.387)	Prec@5 56.250 (37.338)
Epoch: [0][2300/5278], lr: 0.00100	Time 1.588 (1.622)	Data 0.000 (0.003)	Loss 3.4802 (3.9041)	Prec@1 21.875 (14.467)	Prec@5 50.000 (37.443)
Epoch: [0][2320/5278], lr: 0.00100	Time 1.580 (1.622)	Data 0.000 (0.003)	Loss 2.9770 (3.8994)	Prec@1 25.000 (14.538)	Prec@5 56.250 (37.561)
Epoch: [0][2340/5278], lr: 0.00100	Time 1.588 (1.622)	Data 0.000 (0.003)	Loss 3.1149 (3.8947)	Prec@1 12.500 (14.577)	Prec@5 43.750 (37.660)
Epoch: [0][2360/5278], lr: 0.00100	Time 1.583 (1.622)	Data 0.000 (0.003)	Loss 3.3916 (3.8906)	Prec@1 18.750 (14.631)	Prec@5 50.000 (37.744)
Epoch: [0][2380/5278], lr: 0.00100	Time 1.591 (1.622)	Data 0.000 (0.003)	Loss 3.6988 (3.8866)	Prec@1 25.000 (14.694)	Prec@5 40.625 (37.841)
Epoch: [0][2400/5278], lr: 0.00100	Time 1.578 (1.621)	Data 0.000 (0.003)	Loss 3.2506 (3.8832)	Prec@1 21.875 (14.740)	Prec@5 53.125 (37.918)
Epoch: [0][2420/5278], lr: 0.00100	Time 1.640 (1.621)	Data 0.000 (0.003)	Loss 3.9314 (3.8791)	Prec@1 21.875 (14.794)	Prec@5 37.500 (38.007)
Epoch: [0][2440/5278], lr: 0.00100	Time 1.640 (1.621)	Data 0.000 (0.002)	Loss 3.4367 (3.8750)	Prec@1 28.125 (14.845)	Prec@5 53.125 (38.111)
Epoch: [0][2460/5278], lr: 0.00100	Time 1.585 (1.621)	Data 0.001 (0.002)	Loss 3.2459 (3.8707)	Prec@1 12.500 (14.902)	Prec@5 56.250 (38.223)
Epoch: [0][2480/5278], lr: 0.00100	Time 1.595 (1.621)	Data 0.001 (0.002)	Loss 3.7921 (3.8671)	Prec@1 12.500 (14.954)	Prec@5 34.375 (38.310)
Epoch: [0][2500/5278], lr: 0.00100	Time 1.586 (1.621)	Data 0.000 (0.002)	Loss 3.5854 (3.8631)	Prec@1 21.875 (15.018)	Prec@5 43.750 (38.407)
Epoch: [0][2520/5278], lr: 0.00100	Time 1.595 (1.621)	Data 0.000 (0.002)	Loss 3.9186 (3.8593)	Prec@1 18.750 (15.077)	Prec@5 34.375 (38.490)
Epoch: [0][2540/5278], lr: 0.00100	Time 1.584 (1.620)	Data 0.000 (0.002)	Loss 3.0037 (3.8550)	Prec@1 31.250 (15.138)	Prec@5 59.375 (38.609)
Epoch: [0][2560/5278], lr: 0.00100	Time 1.589 (1.620)	Data 0.000 (0.002)	Loss 3.2545 (3.8509)	Prec@1 18.750 (15.183)	Prec@5 46.875 (38.696)
Epoch: [0][2580/5278], lr: 0.00100	Time 1.586 (1.620)	Data 0.000 (0.002)	Loss 3.0803 (3.8462)	Prec@1 25.000 (15.248)	Prec@5 53.125 (38.808)
Epoch: [0][2600/5278], lr: 0.00100	Time 1.591 (1.620)	Data 0.001 (0.002)	Loss 3.5089 (3.8414)	Prec@1 21.875 (15.326)	Prec@5 50.000 (38.936)
Epoch: [0][2620/5278], lr: 0.00100	Time 1.591 (1.620)	Data 0.000 (0.002)	Loss 3.2326 (3.8381)	Prec@1 18.750 (15.369)	Prec@5 59.375 (39.007)
Epoch: [0][2640/5278], lr: 0.00100	Time 1.587 (1.620)	Data 0.000 (0.002)	Loss 3.5385 (3.8343)	Prec@1 25.000 (15.431)	Prec@5 50.000 (39.082)
Epoch: [0][2660/5278], lr: 0.00100	Time 1.591 (1.620)	Data 0.000 (0.002)	Loss 3.5841 (3.8299)	Prec@1 18.750 (15.506)	Prec@5 46.875 (39.186)
Epoch: [0][2680/5278], lr: 0.00100	Time 1.591 (1.619)	Data 0.000 (0.002)	Loss 3.5313 (3.8263)	Prec@1 25.000 (15.559)	Prec@5 46.875 (39.272)
Epoch: [0][2700/5278], lr: 0.00100	Time 1.573 (1.619)	Data 0.000 (0.002)	Loss 3.2964 (3.8226)	Prec@1 25.000 (15.615)	Prec@5 46.875 (39.367)
Epoch: [0][2720/5278], lr: 0.00100	Time 1.583 (1.619)	Data 0.000 (0.002)	Loss 3.0940 (3.8188)	Prec@1 21.875 (15.678)	Prec@5 50.000 (39.458)
Epoch: [0][2740/5278], lr: 0.00100	Time 1.583 (1.619)	Data 0.000 (0.002)	Loss 3.0928 (3.8152)	Prec@1 31.250 (15.750)	Prec@5 62.500 (39.537)
Epoch: [0][2760/5278], lr: 0.00100	Time 1.595 (1.619)	Data 0.000 (0.002)	Loss 3.4305 (3.8114)	Prec@1 25.000 (15.815)	Prec@5 53.125 (39.620)
Epoch: [0][2780/5278], lr: 0.00100	Time 1.590 (1.619)	Data 0.000 (0.002)	Loss 3.2898 (3.8069)	Prec@1 37.500 (15.899)	Prec@5 53.125 (39.719)
Epoch: [0][2800/5278], lr: 0.00100	Time 1.592 (1.619)	Data 0.000 (0.002)	Loss 2.8611 (3.8025)	Prec@1 21.875 (15.964)	Prec@5 59.375 (39.828)
Epoch: [0][2820/5278], lr: 0.00100	Time 1.600 (1.619)	Data 0.000 (0.002)	Loss 2.9113 (3.7985)	Prec@1 21.875 (16.042)	Prec@5 68.750 (39.920)
Epoch: [0][2840/5278], lr: 0.00100	Time 1.583 (1.619)	Data 0.000 (0.002)	Loss 3.6620 (3.7949)	Prec@1 21.875 (16.121)	Prec@5 40.625 (40.002)
Epoch: [0][2860/5278], lr: 0.00100	Time 1.597 (1.619)	Data 0.000 (0.002)	Loss 3.7152 (3.7918)	Prec@1 6.250 (16.179)	Prec@5 37.500 (40.080)
Epoch: [0][2880/5278], lr: 0.00100	Time 1.639 (1.618)	Data 0.000 (0.002)	Loss 3.2892 (3.7885)	Prec@1 31.250 (16.218)	Prec@5 46.875 (40.160)
Epoch: [0][2900/5278], lr: 0.00100	Time 1.667 (1.618)	Data 0.000 (0.002)	Loss 3.5926 (3.7855)	Prec@1 21.875 (16.280)	Prec@5 50.000 (40.246)
Epoch: [0][2920/5278], lr: 0.00100	Time 1.582 (1.618)	Data 0.000 (0.002)	Loss 3.1921 (3.7808)	Prec@1 21.875 (16.347)	Prec@5 59.375 (40.359)
Epoch: [0][2940/5278], lr: 0.00100	Time 1.616 (1.618)	Data 0.000 (0.002)	Loss 3.9599 (3.7774)	Prec@1 15.625 (16.395)	Prec@5 37.500 (40.435)
Epoch: [0][2960/5278], lr: 0.00100	Time 1.589 (1.618)	Data 0.000 (0.002)	Loss 3.1246 (3.7734)	Prec@1 31.250 (16.462)	Prec@5 56.250 (40.542)
Epoch: [0][2980/5278], lr: 0.00100	Time 1.624 (1.618)	Data 0.000 (0.002)	Loss 2.6473 (3.7707)	Prec@1 31.250 (16.494)	Prec@5 65.625 (40.607)
Epoch: [0][3000/5278], lr: 0.00100	Time 1.588 (1.618)	Data 0.001 (0.002)	Loss 3.2407 (3.7667)	Prec@1 31.250 (16.576)	Prec@5 53.125 (40.696)
Epoch: [0][3020/5278], lr: 0.00100	Time 1.611 (1.618)	Data 0.000 (0.002)	Loss 3.0554 (3.7635)	Prec@1 18.750 (16.616)	Prec@5 59.375 (40.768)
Epoch: [0][3040/5278], lr: 0.00100	Time 1.597 (1.618)	Data 0.000 (0.002)	Loss 4.0461 (3.7602)	Prec@1 12.500 (16.676)	Prec@5 43.750 (40.838)
Epoch: [0][3060/5278], lr: 0.00100	Time 1.594 (1.617)	Data 0.000 (0.002)	Loss 3.4190 (3.7566)	Prec@1 21.875 (16.735)	Prec@5 50.000 (40.900)
Epoch: [0][3080/5278], lr: 0.00100	Time 1.592 (1.617)	Data 0.000 (0.002)	Loss 2.9414 (3.7532)	Prec@1 28.125 (16.795)	Prec@5 59.375 (40.975)
Epoch: [0][3100/5278], lr: 0.00100	Time 1.586 (1.617)	Data 0.000 (0.002)	Loss 3.5717 (3.7500)	Prec@1 25.000 (16.847)	Prec@5 37.500 (41.040)
Epoch: [0][3120/5278], lr: 0.00100	Time 1.653 (1.617)	Data 0.000 (0.002)	Loss 3.0644 (3.7469)	Prec@1 31.250 (16.901)	Prec@5 43.750 (41.101)
Epoch: [0][3140/5278], lr: 0.00100	Time 1.582 (1.617)	Data 0.000 (0.002)	Loss 2.7664 (3.7427)	Prec@1 37.500 (16.980)	Prec@5 62.500 (41.192)
Epoch: [0][3160/5278], lr: 0.00100	Time 1.635 (1.617)	Data 0.000 (0.002)	Loss 3.0377 (3.7394)	Prec@1 31.250 (17.040)	Prec@5 56.250 (41.273)
Epoch: [0][3180/5278], lr: 0.00100	Time 1.584 (1.617)	Data 0.001 (0.002)	Loss 3.3374 (3.7368)	Prec@1 21.875 (17.091)	Prec@5 53.125 (41.328)
Epoch: [0][3200/5278], lr: 0.00100	Time 1.594 (1.617)	Data 0.000 (0.002)	Loss 3.2909 (3.7328)	Prec@1 21.875 (17.164)	Prec@5 59.375 (41.424)
Epoch: [0][3220/5278], lr: 0.00100	Time 1.672 (1.617)	Data 0.000 (0.002)	Loss 3.1962 (3.7294)	Prec@1 18.750 (17.208)	Prec@5 56.250 (41.498)
Epoch: [0][3240/5278], lr: 0.00100	Time 1.665 (1.617)	Data 0.001 (0.002)	Loss 3.2728 (3.7262)	Prec@1 25.000 (17.257)	Prec@5 37.500 (41.564)
Epoch: [0][3260/5278], lr: 0.00100	Time 1.587 (1.616)	Data 0.000 (0.002)	Loss 2.9132 (3.7232)	Prec@1 25.000 (17.304)	Prec@5 59.375 (41.631)
Epoch: [0][3280/5278], lr: 0.00100	Time 1.588 (1.616)	Data 0.000 (0.002)	Loss 3.4291 (3.7209)	Prec@1 21.875 (17.350)	Prec@5 53.125 (41.692)
Epoch: [0][3300/5278], lr: 0.00100	Time 1.592 (1.616)	Data 0.000 (0.002)	Loss 3.1533 (3.7173)	Prec@1 21.875 (17.394)	Prec@5 50.000 (41.774)
Epoch: [0][3320/5278], lr: 0.00100	Time 1.591 (1.616)	Data 0.000 (0.002)	Loss 3.0626 (3.7139)	Prec@1 25.000 (17.451)	Prec@5 56.250 (41.860)
Epoch: [0][3340/5278], lr: 0.00100	Time 1.600 (1.616)	Data 0.000 (0.002)	Loss 3.2088 (3.7106)	Prec@1 21.875 (17.489)	Prec@5 59.375 (41.928)
Epoch: [0][3360/5278], lr: 0.00100	Time 1.594 (1.616)	Data 0.000 (0.002)	Loss 3.0127 (3.7069)	Prec@1 34.375 (17.534)	Prec@5 59.375 (42.013)
Epoch: [0][3380/5278], lr: 0.00100	Time 1.583 (1.616)	Data 0.000 (0.002)	Loss 2.9456 (3.7046)	Prec@1 21.875 (17.577)	Prec@5 68.750 (42.072)
Epoch: [0][3400/5278], lr: 0.00100	Time 1.657 (1.616)	Data 0.000 (0.002)	Loss 3.5961 (3.7022)	Prec@1 18.750 (17.611)	Prec@5 37.500 (42.123)
Epoch: [0][3420/5278], lr: 0.00100	Time 1.675 (1.616)	Data 0.000 (0.002)	Loss 3.0561 (3.6990)	Prec@1 28.125 (17.676)	Prec@5 53.125 (42.204)
Epoch: [0][3440/5278], lr: 0.00100	Time 1.591 (1.616)	Data 0.000 (0.002)	Loss 3.6906 (3.6963)	Prec@1 3.125 (17.707)	Prec@5 37.500 (42.283)
Epoch: [0][3460/5278], lr: 0.00100	Time 1.596 (1.615)	Data 0.000 (0.002)	Loss 3.1837 (3.6942)	Prec@1 31.250 (17.744)	Prec@5 62.500 (42.341)
Epoch: [0][3480/5278], lr: 0.00100	Time 1.581 (1.615)	Data 0.000 (0.002)	Loss 3.4899 (3.6910)	Prec@1 15.625 (17.785)	Prec@5 50.000 (42.415)
Epoch: [0][3500/5278], lr: 0.00100	Time 1.582 (1.615)	Data 0.000 (0.002)	Loss 2.7681 (3.6885)	Prec@1 37.500 (17.827)	Prec@5 62.500 (42.468)
Epoch: [0][3520/5278], lr: 0.00100	Time 1.650 (1.615)	Data 0.000 (0.002)	Loss 3.5975 (3.6863)	Prec@1 18.750 (17.862)	Prec@5 53.125 (42.526)
Epoch: [0][3540/5278], lr: 0.00100	Time 1.577 (1.615)	Data 0.000 (0.002)	Loss 2.8998 (3.6827)	Prec@1 28.125 (17.938)	Prec@5 56.250 (42.603)
Epoch: [0][3560/5278], lr: 0.00100	Time 1.590 (1.615)	Data 0.000 (0.002)	Loss 3.4232 (3.6797)	Prec@1 21.875 (17.993)	Prec@5 46.875 (42.675)
Epoch: [0][3580/5278], lr: 0.00100	Time 1.585 (1.615)	Data 0.000 (0.002)	Loss 3.0963 (3.6764)	Prec@1 28.125 (18.048)	Prec@5 50.000 (42.751)
Epoch: [0][3600/5278], lr: 0.00100	Time 1.589 (1.615)	Data 0.000 (0.002)	Loss 3.3912 (3.6741)	Prec@1 28.125 (18.085)	Prec@5 53.125 (42.808)
Epoch: [0][3620/5278], lr: 0.00100	Time 1.598 (1.615)	Data 0.000 (0.002)	Loss 3.2334 (3.6705)	Prec@1 15.625 (18.140)	Prec@5 53.125 (42.891)
Epoch: [0][3640/5278], lr: 0.00100	Time 1.581 (1.615)	Data 0.000 (0.002)	Loss 2.8614 (3.6679)	Prec@1 25.000 (18.184)	Prec@5 62.500 (42.956)
Epoch: [0][3660/5278], lr: 0.00100	Time 1.597 (1.615)	Data 0.000 (0.002)	Loss 3.1489 (3.6646)	Prec@1 28.125 (18.224)	Prec@5 62.500 (43.034)
Epoch: [0][3680/5278], lr: 0.00100	Time 1.649 (1.615)	Data 0.001 (0.002)	Loss 3.2901 (3.6620)	Prec@1 28.125 (18.272)	Prec@5 50.000 (43.091)
Epoch: [0][3700/5278], lr: 0.00100	Time 1.578 (1.615)	Data 0.000 (0.002)	Loss 3.1576 (3.6590)	Prec@1 21.875 (18.334)	Prec@5 59.375 (43.163)
Epoch: [0][3720/5278], lr: 0.00100	Time 1.591 (1.615)	Data 0.001 (0.002)	Loss 3.6755 (3.6568)	Prec@1 21.875 (18.368)	Prec@5 40.625 (43.219)
Epoch: [0][3740/5278], lr: 0.00100	Time 1.578 (1.615)	Data 0.000 (0.002)	Loss 3.4677 (3.6542)	Prec@1 21.875 (18.408)	Prec@5 56.250 (43.286)
Epoch: [0][3760/5278], lr: 0.00100	Time 1.653 (1.615)	Data 0.000 (0.002)	Loss 2.7831 (3.6510)	Prec@1 31.250 (18.454)	Prec@5 68.750 (43.357)
Epoch: [0][3780/5278], lr: 0.00100	Time 1.593 (1.615)	Data 0.000 (0.002)	Loss 3.6929 (3.6484)	Prec@1 12.500 (18.501)	Prec@5 43.750 (43.411)
Epoch: [0][3800/5278], lr: 0.00100	Time 1.589 (1.614)	Data 0.001 (0.002)	Loss 3.1725 (3.6453)	Prec@1 21.875 (18.558)	Prec@5 59.375 (43.487)
Epoch: [0][3820/5278], lr: 0.00100	Time 1.655 (1.614)	Data 0.000 (0.002)	Loss 3.3217 (3.6416)	Prec@1 15.625 (18.622)	Prec@5 53.125 (43.565)
Epoch: [0][3840/5278], lr: 0.00100	Time 1.600 (1.614)	Data 0.000 (0.002)	Loss 3.3715 (3.6394)	Prec@1 18.750 (18.645)	Prec@5 53.125 (43.613)
Epoch: [0][3860/5278], lr: 0.00100	Time 1.665 (1.614)	Data 0.000 (0.002)	Loss 2.7732 (3.6369)	Prec@1 34.375 (18.692)	Prec@5 71.875 (43.665)
Epoch: [0][3880/5278], lr: 0.00100	Time 1.590 (1.614)	Data 0.000 (0.002)	Loss 3.4262 (3.6342)	Prec@1 21.875 (18.739)	Prec@5 56.250 (43.725)
Epoch: [0][3900/5278], lr: 0.00100	Time 1.645 (1.614)	Data 0.000 (0.002)	Loss 2.8073 (3.6316)	Prec@1 25.000 (18.784)	Prec@5 62.500 (43.784)
Epoch: [0][3920/5278], lr: 0.00100	Time 1.625 (1.614)	Data 0.000 (0.002)	Loss 2.8116 (3.6282)	Prec@1 31.250 (18.830)	Prec@5 68.750 (43.854)
Epoch: [0][3940/5278], lr: 0.00100	Time 1.638 (1.614)	Data 0.000 (0.002)	Loss 2.9120 (3.6258)	Prec@1 37.500 (18.871)	Prec@5 62.500 (43.914)
Epoch: [0][3960/5278], lr: 0.00100	Time 1.573 (1.614)	Data 0.000 (0.002)	Loss 2.7256 (3.6225)	Prec@1 40.625 (18.919)	Prec@5 68.750 (43.988)
Epoch: [0][3980/5278], lr: 0.00100	Time 1.592 (1.614)	Data 0.000 (0.002)	Loss 2.7877 (3.6210)	Prec@1 37.500 (18.943)	Prec@5 62.500 (44.025)
Epoch: [0][4000/5278], lr: 0.00100	Time 1.659 (1.614)	Data 0.001 (0.002)	Loss 3.7454 (3.6189)	Prec@1 15.625 (18.980)	Prec@5 43.750 (44.069)
Epoch: [0][4020/5278], lr: 0.00100	Time 1.594 (1.614)	Data 0.001 (0.002)	Loss 3.0584 (3.6172)	Prec@1 21.875 (19.011)	Prec@5 62.500 (44.103)
Epoch: [0][4040/5278], lr: 0.00100	Time 1.595 (1.614)	Data 0.000 (0.002)	Loss 2.8691 (3.6149)	Prec@1 31.250 (19.047)	Prec@5 62.500 (44.154)
Epoch: [0][4060/5278], lr: 0.00100	Time 1.652 (1.614)	Data 0.000 (0.002)	Loss 3.1082 (3.6119)	Prec@1 18.750 (19.094)	Prec@5 56.250 (44.221)
Epoch: [0][4080/5278], lr: 0.00100	Time 1.596 (1.614)	Data 0.000 (0.002)	Loss 3.1872 (3.6093)	Prec@1 28.125 (19.147)	Prec@5 56.250 (44.278)
Epoch: [0][4100/5278], lr: 0.00100	Time 1.597 (1.614)	Data 0.000 (0.002)	Loss 3.4112 (3.6061)	Prec@1 18.750 (19.197)	Prec@5 43.750 (44.355)
Epoch: [0][4120/5278], lr: 0.00100	Time 1.605 (1.614)	Data 0.000 (0.002)	Loss 3.4030 (3.6041)	Prec@1 21.875 (19.232)	Prec@5 46.875 (44.402)
Epoch: [0][4140/5278], lr: 0.00100	Time 1.666 (1.614)	Data 0.000 (0.002)	Loss 3.0418 (3.6014)	Prec@1 25.000 (19.277)	Prec@5 59.375 (44.459)
Epoch: [0][4160/5278], lr: 0.00100	Time 1.647 (1.613)	Data 0.000 (0.002)	Loss 3.0995 (3.5989)	Prec@1 25.000 (19.324)	Prec@5 53.125 (44.517)
Epoch: [0][4180/5278], lr: 0.00100	Time 1.660 (1.613)	Data 0.000 (0.002)	Loss 2.7219 (3.5957)	Prec@1 31.250 (19.379)	Prec@5 62.500 (44.588)
Epoch: [0][4200/5278], lr: 0.00100	Time 1.582 (1.613)	Data 0.000 (0.002)	Loss 2.5666 (3.5932)	Prec@1 37.500 (19.421)	Prec@5 62.500 (44.647)
Epoch: [0][4220/5278], lr: 0.00100	Time 1.669 (1.613)	Data 0.000 (0.002)	Loss 3.2467 (3.5903)	Prec@1 25.000 (19.478)	Prec@5 56.250 (44.715)
Epoch: [0][4240/5278], lr: 0.00100	Time 1.595 (1.613)	Data 0.000 (0.002)	Loss 2.7125 (3.5875)	Prec@1 37.500 (19.529)	Prec@5 65.625 (44.773)
Epoch: [0][4260/5278], lr: 0.00100	Time 1.602 (1.613)	Data 0.000 (0.002)	Loss 2.9471 (3.5847)	Prec@1 34.375 (19.568)	Prec@5 59.375 (44.828)
Epoch: [0][4280/5278], lr: 0.00100	Time 1.591 (1.613)	Data 0.000 (0.002)	Loss 3.4281 (3.5815)	Prec@1 25.000 (19.622)	Prec@5 50.000 (44.900)
Epoch: [0][4300/5278], lr: 0.00100	Time 1.664 (1.613)	Data 0.000 (0.002)	Loss 2.7813 (3.5790)	Prec@1 18.750 (19.657)	Prec@5 65.625 (44.953)
Epoch: [0][4320/5278], lr: 0.00100	Time 1.590 (1.613)	Data 0.000 (0.002)	Loss 2.9678 (3.5769)	Prec@1 28.125 (19.696)	Prec@5 59.375 (45.003)
Epoch: [0][4340/5278], lr: 0.00100	Time 1.584 (1.613)	Data 0.000 (0.002)	Loss 2.9594 (3.5748)	Prec@1 21.875 (19.735)	Prec@5 56.250 (45.041)
Epoch: [0][4360/5278], lr: 0.00100	Time 1.578 (1.613)	Data 0.000 (0.002)	Loss 3.2521 (3.5722)	Prec@1 15.625 (19.775)	Prec@5 59.375 (45.101)
Epoch: [0][4380/5278], lr: 0.00100	Time 1.597 (1.613)	Data 0.000 (0.002)	Loss 3.4332 (3.5702)	Prec@1 37.500 (19.816)	Prec@5 53.125 (45.161)
Epoch: [0][4400/5278], lr: 0.00100	Time 1.602 (1.613)	Data 0.000 (0.002)	Loss 3.1246 (3.5672)	Prec@1 37.500 (19.866)	Prec@5 65.625 (45.230)
Epoch: [0][4420/5278], lr: 0.00100	Time 1.660 (1.613)	Data 0.000 (0.002)	Loss 3.0395 (3.5645)	Prec@1 34.375 (19.916)	Prec@5 59.375 (45.297)
Epoch: [0][4440/5278], lr: 0.00100	Time 1.597 (1.613)	Data 0.000 (0.002)	Loss 2.9386 (3.5624)	Prec@1 18.750 (19.957)	Prec@5 56.250 (45.344)
Epoch: [0][4460/5278], lr: 0.00100	Time 1.596 (1.613)	Data 0.000 (0.002)	Loss 3.1798 (3.5603)	Prec@1 28.125 (19.994)	Prec@5 56.250 (45.389)
Epoch: [0][4480/5278], lr: 0.00100	Time 1.588 (1.613)	Data 0.001 (0.002)	Loss 3.2083 (3.5581)	Prec@1 15.625 (20.026)	Prec@5 56.250 (45.443)
Epoch: [0][4500/5278], lr: 0.00100	Time 1.591 (1.613)	Data 0.000 (0.002)	Loss 3.7011 (3.5563)	Prec@1 15.625 (20.052)	Prec@5 37.500 (45.484)
Epoch: [0][4520/5278], lr: 0.00100	Time 1.576 (1.613)	Data 0.000 (0.001)	Loss 2.2188 (3.5535)	Prec@1 46.875 (20.098)	Prec@5 68.750 (45.535)
Epoch: [0][4540/5278], lr: 0.00100	Time 1.642 (1.613)	Data 0.000 (0.001)	Loss 2.7052 (3.5511)	Prec@1 34.375 (20.133)	Prec@5 65.625 (45.594)
Epoch: [0][4560/5278], lr: 0.00100	Time 1.671 (1.613)	Data 0.000 (0.001)	Loss 2.6370 (3.5486)	Prec@1 31.250 (20.176)	Prec@5 68.750 (45.649)
Epoch: [0][4580/5278], lr: 0.00100	Time 1.599 (1.613)	Data 0.000 (0.001)	Loss 3.0551 (3.5462)	Prec@1 25.000 (20.215)	Prec@5 59.375 (45.707)
Epoch: [0][4600/5278], lr: 0.00100	Time 1.579 (1.613)	Data 0.001 (0.001)	Loss 2.6543 (3.5432)	Prec@1 31.250 (20.263)	Prec@5 71.875 (45.777)
Epoch: [0][4620/5278], lr: 0.00100	Time 1.597 (1.613)	Data 0.000 (0.001)	Loss 2.9758 (3.5407)	Prec@1 25.000 (20.297)	Prec@5 59.375 (45.834)
Epoch: [0][4640/5278], lr: 0.00100	Time 1.650 (1.613)	Data 0.001 (0.001)	Loss 2.9958 (3.5387)	Prec@1 28.125 (20.330)	Prec@5 53.125 (45.872)
Epoch: [0][4660/5278], lr: 0.00100	Time 1.661 (1.613)	Data 0.000 (0.001)	Loss 2.7682 (3.5369)	Prec@1 40.625 (20.360)	Prec@5 62.500 (45.920)
Epoch: [0][4680/5278], lr: 0.00100	Time 1.579 (1.613)	Data 0.000 (0.001)	Loss 3.2303 (3.5353)	Prec@1 21.875 (20.388)	Prec@5 50.000 (45.962)
Epoch: [0][4700/5278], lr: 0.00100	Time 1.647 (1.613)	Data 0.000 (0.001)	Loss 3.0218 (3.5324)	Prec@1 28.125 (20.438)	Prec@5 50.000 (46.017)
Epoch: [0][4720/5278], lr: 0.00100	Time 1.585 (1.613)	Data 0.000 (0.001)	Loss 2.8967 (3.5305)	Prec@1 31.250 (20.458)	Prec@5 62.500 (46.066)
Epoch: [0][4740/5278], lr: 0.00100	Time 1.647 (1.613)	Data 0.000 (0.001)	Loss 2.7700 (3.5274)	Prec@1 43.750 (20.516)	Prec@5 71.875 (46.141)
Epoch: [0][4760/5278], lr: 0.00100	Time 1.591 (1.613)	Data 0.000 (0.001)	Loss 3.1146 (3.5251)	Prec@1 25.000 (20.556)	Prec@5 50.000 (46.200)
Epoch: [0][4780/5278], lr: 0.00100	Time 1.589 (1.613)	Data 0.000 (0.001)	Loss 3.7281 (3.5226)	Prec@1 9.375 (20.602)	Prec@5 40.625 (46.256)
Epoch: [0][4800/5278], lr: 0.00100	Time 1.666 (1.613)	Data 0.000 (0.001)	Loss 3.2673 (3.5210)	Prec@1 28.125 (20.625)	Prec@5 43.750 (46.288)
Epoch: [0][4820/5278], lr: 0.00100	Time 1.579 (1.613)	Data 0.000 (0.001)	Loss 3.5776 (3.5191)	Prec@1 18.750 (20.650)	Prec@5 43.750 (46.332)
Epoch: [0][4840/5278], lr: 0.00100	Time 1.667 (1.613)	Data 0.000 (0.001)	Loss 3.0071 (3.5170)	Prec@1 25.000 (20.697)	Prec@5 56.250 (46.397)
Epoch: [0][4860/5278], lr: 0.00100	Time 1.593 (1.613)	Data 0.001 (0.001)	Loss 3.0420 (3.5152)	Prec@1 37.500 (20.729)	Prec@5 59.375 (46.435)
Epoch: [0][4880/5278], lr: 0.00100	Time 1.571 (1.613)	Data 0.000 (0.001)	Loss 2.6846 (3.5131)	Prec@1 43.750 (20.764)	Prec@5 65.625 (46.485)
Epoch: [0][4900/5278], lr: 0.00100	Time 1.611 (1.613)	Data 0.000 (0.001)	Loss 3.2962 (3.5112)	Prec@1 31.250 (20.802)	Prec@5 56.250 (46.543)
Epoch: [0][4920/5278], lr: 0.00100	Time 1.656 (1.613)	Data 0.000 (0.001)	Loss 2.6323 (3.5087)	Prec@1 34.375 (20.843)	Prec@5 65.625 (46.603)
Epoch: [0][4940/5278], lr: 0.00100	Time 1.643 (1.613)	Data 0.000 (0.001)	Loss 2.8692 (3.5064)	Prec@1 31.250 (20.886)	Prec@5 62.500 (46.651)
Epoch: [0][4960/5278], lr: 0.00100	Time 1.584 (1.613)	Data 0.000 (0.001)	Loss 2.6611 (3.5048)	Prec@1 37.500 (20.905)	Prec@5 65.625 (46.678)
Epoch: [0][4980/5278], lr: 0.00100	Time 1.663 (1.613)	Data 0.000 (0.001)	Loss 2.4676 (3.5029)	Prec@1 31.250 (20.938)	Prec@5 78.125 (46.719)
Epoch: [0][5000/5278], lr: 0.00100	Time 1.658 (1.613)	Data 0.000 (0.001)	Loss 3.1261 (3.5003)	Prec@1 28.125 (20.984)	Prec@5 65.625 (46.780)
Epoch: [0][5020/5278], lr: 0.00100	Time 1.680 (1.613)	Data 0.000 (0.001)	Loss 3.4999 (3.4987)	Prec@1 18.750 (21.015)	Prec@5 56.250 (46.827)
Epoch: [0][5040/5278], lr: 0.00100	Time 1.584 (1.613)	Data 0.000 (0.001)	Loss 3.1432 (3.4969)	Prec@1 31.250 (21.044)	Prec@5 59.375 (46.864)
Epoch: [0][5060/5278], lr: 0.00100	Time 1.580 (1.613)	Data 0.000 (0.001)	Loss 3.6391 (3.4944)	Prec@1 25.000 (21.093)	Prec@5 43.750 (46.923)
Epoch: [0][5080/5278], lr: 0.00100	Time 1.601 (1.613)	Data 0.000 (0.001)	Loss 3.2088 (3.4925)	Prec@1 31.250 (21.128)	Prec@5 46.875 (46.967)
Epoch: [0][5100/5278], lr: 0.00100	Time 1.602 (1.613)	Data 0.000 (0.001)	Loss 2.7266 (3.4900)	Prec@1 40.625 (21.181)	Prec@5 62.500 (47.022)
Epoch: [0][5120/5278], lr: 0.00100	Time 1.578 (1.613)	Data 0.000 (0.001)	Loss 3.4601 (3.4881)	Prec@1 21.875 (21.207)	Prec@5 50.000 (47.067)
Epoch: [0][5140/5278], lr: 0.00100	Time 1.588 (1.613)	Data 0.000 (0.001)	Loss 2.6989 (3.4858)	Prec@1 37.500 (21.246)	Prec@5 75.000 (47.122)
Epoch: [0][5160/5278], lr: 0.00100	Time 1.573 (1.613)	Data 0.000 (0.001)	Loss 2.7138 (3.4833)	Prec@1 28.125 (21.289)	Prec@5 71.875 (47.181)
Epoch: [0][5180/5278], lr: 0.00100	Time 1.680 (1.613)	Data 0.000 (0.001)	Loss 2.8917 (3.4807)	Prec@1 34.375 (21.332)	Prec@5 65.625 (47.244)
Epoch: [0][5200/5278], lr: 0.00100	Time 1.591 (1.613)	Data 0.000 (0.001)	Loss 2.5866 (3.4786)	Prec@1 50.000 (21.370)	Prec@5 68.750 (47.285)
Epoch: [0][5220/5278], lr: 0.00100	Time 1.590 (1.613)	Data 0.000 (0.001)	Loss 2.5549 (3.4764)	Prec@1 43.750 (21.407)	Prec@5 65.625 (47.335)
Epoch: [0][5240/5278], lr: 0.00100	Time 1.617 (1.613)	Data 0.001 (0.001)	Loss 3.5442 (3.4747)	Prec@1 18.750 (21.440)	Prec@5 56.250 (47.384)
Epoch: [0][5260/5278], lr: 0.00100	Time 1.599 (1.613)	Data 0.000 (0.001)	Loss 2.7688 (3.4721)	Prec@1 31.250 (21.475)	Prec@5 59.375 (47.452)
Test: [0/775]	Time 6.555 (6.555)	Loss 2.7250 (2.7250)	Prec@1 37.500 (37.500)	Prec@5 68.750 (68.750)
Test: [20/775]	Time 0.477 (0.784)	Loss 2.6769 (2.7356)	Prec@1 31.250 (33.929)	Prec@5 68.750 (66.369)
Test: [40/775]	Time 0.490 (0.640)	Loss 3.2827 (2.7270)	Prec@1 18.750 (33.689)	Prec@5 53.125 (65.396)
Test: [60/775]	Time 0.490 (0.591)	Loss 3.0117 (2.7120)	Prec@1 21.875 (33.914)	Prec@5 59.375 (65.727)
Test: [80/775]	Time 0.483 (0.566)	Loss 2.7023 (2.7410)	Prec@1 37.500 (34.336)	Prec@5 71.875 (65.316)
Test: [100/775]	Time 0.462 (0.551)	Loss 2.4650 (2.7549)	Prec@1 28.125 (33.911)	Prec@5 71.875 (64.480)
Test: [120/775]	Time 0.487 (0.541)	Loss 3.5427 (2.7696)	Prec@1 9.375 (33.497)	Prec@5 46.875 (63.998)
Test: [140/775]	Time 0.490 (0.533)	Loss 2.7244 (2.7799)	Prec@1 37.500 (33.333)	Prec@5 68.750 (63.741)
Test: [160/775]	Time 0.482 (0.527)	Loss 3.3447 (2.7759)	Prec@1 15.625 (33.249)	Prec@5 50.000 (63.723)
Test: [180/775]	Time 0.492 (0.523)	Loss 3.0675 (2.7781)	Prec@1 34.375 (33.391)	Prec@5 56.250 (63.605)
Test: [200/775]	Time 0.486 (0.519)	Loss 2.9495 (2.7873)	Prec@1 40.625 (33.085)	Prec@5 59.375 (63.417)
Test: [220/775]	Time 0.486 (0.516)	Loss 2.5989 (2.7920)	Prec@1 46.875 (33.003)	Prec@5 59.375 (63.363)
Test: [240/775]	Time 0.493 (0.514)	Loss 3.0409 (2.7902)	Prec@1 28.125 (32.819)	Prec@5 56.250 (63.447)
Test: [260/775]	Time 0.487 (0.512)	Loss 3.4851 (2.7917)	Prec@1 12.500 (32.854)	Prec@5 50.000 (63.446)
Test: [280/775]	Time 0.489 (0.511)	Loss 2.7976 (2.7840)	Prec@1 40.625 (33.018)	Prec@5 62.500 (63.568)
Test: [300/775]	Time 0.488 (0.509)	Loss 2.4573 (2.7823)	Prec@1 31.250 (33.036)	Prec@5 71.875 (63.549)
Test: [320/775]	Time 0.468 (0.507)	Loss 2.8670 (2.7774)	Prec@1 25.000 (33.168)	Prec@5 71.875 (63.697)
Test: [340/775]	Time 0.493 (0.506)	Loss 2.8575 (2.7756)	Prec@1 15.625 (33.156)	Prec@5 65.625 (63.682)
Test: [360/775]	Time 0.487 (0.505)	Loss 2.9379 (2.7695)	Prec@1 37.500 (33.224)	Prec@5 62.500 (63.842)
Test: [380/775]	Time 0.483 (0.505)	Loss 2.7518 (2.7742)	Prec@1 37.500 (33.095)	Prec@5 56.250 (63.624)
Test: [400/775]	Time 0.485 (0.504)	Loss 3.0745 (2.7725)	Prec@1 28.125 (33.058)	Prec@5 50.000 (63.646)
Test: [420/775]	Time 0.459 (0.503)	Loss 2.7044 (2.7732)	Prec@1 40.625 (33.017)	Prec@5 59.375 (63.636)
Test: [440/775]	Time 0.490 (0.502)	Loss 3.5261 (2.7732)	Prec@1 21.875 (32.944)	Prec@5 50.000 (63.570)
Test: [460/775]	Time 0.488 (0.502)	Loss 2.7339 (2.7715)	Prec@1 40.625 (33.006)	Prec@5 53.125 (63.612)
Test: [480/775]	Time 0.487 (0.501)	Loss 3.2350 (2.7759)	Prec@1 21.875 (33.043)	Prec@5 53.125 (63.559)
Test: [500/775]	Time 0.485 (0.500)	Loss 2.9168 (2.7762)	Prec@1 25.000 (32.990)	Prec@5 62.500 (63.654)
Test: [520/775]	Time 0.488 (0.500)	Loss 2.8044 (2.7784)	Prec@1 37.500 (32.983)	Prec@5 62.500 (63.532)
Test: [540/775]	Time 0.487 (0.500)	Loss 3.0372 (2.7764)	Prec@1 21.875 (33.116)	Prec@5 43.750 (63.505)
Test: [560/775]	Time 0.493 (0.499)	Loss 2.9444 (2.7798)	Prec@1 28.125 (33.094)	Prec@5 50.000 (63.397)
Test: [580/775]	Time 0.487 (0.499)	Loss 2.3789 (2.7830)	Prec@1 40.625 (32.928)	Prec@5 68.750 (63.291)
Test: [600/775]	Time 0.487 (0.499)	Loss 3.2070 (2.7841)	Prec@1 25.000 (32.898)	Prec@5 59.375 (63.275)
Test: [620/775]	Time 0.491 (0.498)	Loss 3.4421 (2.7811)	Prec@1 15.625 (32.916)	Prec@5 43.750 (63.330)
Test: [640/775]	Time 0.490 (0.498)	Loss 2.6990 (2.7805)	Prec@1 40.625 (32.937)	Prec@5 65.625 (63.314)
Test: [660/775]	Time 0.493 (0.498)	Loss 3.1697 (2.7804)	Prec@1 21.875 (32.938)	Prec@5 56.250 (63.294)
Test: [680/775]	Time 0.482 (0.498)	Loss 3.3484 (2.7771)	Prec@1 28.125 (33.044)	Prec@5 53.125 (63.390)
Test: [700/775]	Time 0.485 (0.497)	Loss 3.1912 (2.7788)	Prec@1 31.250 (32.984)	Prec@5 53.125 (63.360)
Test: [720/775]	Time 0.481 (0.497)	Loss 2.6864 (2.7794)	Prec@1 31.250 (32.962)	Prec@5 71.875 (63.402)
Test: [740/775]	Time 0.491 (0.497)	Loss 2.6942 (2.7789)	Prec@1 40.625 (33.047)	Prec@5 65.625 (63.381)
Test: [760/775]	Time 0.466 (0.496)	Loss 2.1652 (2.7803)	Prec@1 37.500 (33.032)	Prec@5 78.125 (63.342)
Testing Results: Prec@1 33.023 Prec@5 63.369 Loss 2.77956
Best Prec@1: 33.023

Freezing BatchNorm2D except the first one.
Epoch: [1][0/5278], lr: 0.00100	Time 8.232 (8.232)	Data 5.305 (5.305)	Loss 3.3230 (3.3230)	Prec@1 28.125 (28.125)	Prec@5 46.875 (46.875)
Epoch: [1][20/5278], lr: 0.00100	Time 1.649 (1.928)	Data 0.000 (0.253)	Loss 3.0903 (2.9355)	Prec@1 31.250 (31.250)	Prec@5 56.250 (57.738)
Epoch: [1][40/5278], lr: 0.00100	Time 1.588 (1.775)	Data 0.000 (0.130)	Loss 3.4273 (2.9570)	Prec@1 28.125 (29.878)	Prec@5 53.125 (58.689)
Epoch: [1][60/5278], lr: 0.00100	Time 1.586 (1.719)	Data 0.000 (0.087)	Loss 2.7562 (2.9059)	Prec@1 34.375 (30.430)	Prec@5 56.250 (60.400)
Epoch: [1][80/5278], lr: 0.00100	Time 1.647 (1.692)	Data 0.000 (0.066)	Loss 2.6248 (2.8891)	Prec@1 28.125 (30.671)	Prec@5 71.875 (60.571)
Epoch: [1][100/5278], lr: 0.00100	Time 1.591 (1.675)	Data 0.000 (0.053)	Loss 2.4814 (2.9129)	Prec@1 31.250 (30.755)	Prec@5 71.875 (59.994)
Epoch: [1][120/5278], lr: 0.00100	Time 1.591 (1.663)	Data 0.000 (0.044)	Loss 3.0796 (2.8778)	Prec@1 18.750 (31.560)	Prec@5 56.250 (60.408)
Epoch: [1][140/5278], lr: 0.00100	Time 1.589 (1.655)	Data 0.000 (0.038)	Loss 2.3698 (2.8785)	Prec@1 46.875 (31.161)	Prec@5 68.750 (60.439)
Epoch: [1][160/5278], lr: 0.00100	Time 1.602 (1.650)	Data 0.000 (0.033)	Loss 2.8486 (2.8817)	Prec@1 31.250 (31.153)	Prec@5 59.375 (60.326)
Epoch: [1][180/5278], lr: 0.00100	Time 1.590 (1.645)	Data 0.000 (0.030)	Loss 3.4797 (2.8773)	Prec@1 15.625 (31.060)	Prec@5 50.000 (60.584)
Epoch: [1][200/5278], lr: 0.00100	Time 1.574 (1.640)	Data 0.000 (0.027)	Loss 2.7808 (2.8846)	Prec@1 28.125 (30.908)	Prec@5 50.000 (60.557)
Epoch: [1][220/5278], lr: 0.00100	Time 1.669 (1.637)	Data 0.000 (0.024)	Loss 2.8507 (2.8909)	Prec@1 31.250 (30.953)	Prec@5 59.375 (60.393)
Epoch: [1][240/5278], lr: 0.00100	Time 1.594 (1.635)	Data 0.000 (0.022)	Loss 2.6526 (2.8976)	Prec@1 46.875 (30.757)	Prec@5 62.500 (60.386)
Epoch: [1][260/5278], lr: 0.00100	Time 1.578 (1.632)	Data 0.000 (0.021)	Loss 2.7119 (2.8982)	Prec@1 40.625 (30.759)	Prec@5 71.875 (60.369)
Epoch: [1][280/5278], lr: 0.00100	Time 1.591 (1.630)	Data 0.000 (0.019)	Loss 2.3499 (2.8956)	Prec@1 34.375 (30.950)	Prec@5 71.875 (60.431)
Epoch: [1][300/5278], lr: 0.00100	Time 1.588 (1.628)	Data 0.000 (0.018)	Loss 2.3668 (2.8936)	Prec@1 21.875 (30.876)	Prec@5 78.125 (60.579)
Epoch: [1][320/5278], lr: 0.00100	Time 1.591 (1.627)	Data 0.000 (0.017)	Loss 2.5786 (2.9036)	Prec@1 31.250 (30.695)	Prec@5 75.000 (60.456)
Epoch: [1][340/5278], lr: 0.00100	Time 1.584 (1.625)	Data 0.001 (0.016)	Loss 2.9072 (2.8998)	Prec@1 34.375 (30.691)	Prec@5 65.625 (60.539)
Epoch: [1][360/5278], lr: 0.00100	Time 1.598 (1.624)	Data 0.000 (0.015)	Loss 2.5419 (2.9021)	Prec@1 46.875 (30.661)	Prec@5 62.500 (60.526)
Epoch: [1][380/5278], lr: 0.00100	Time 1.590 (1.623)	Data 0.000 (0.014)	Loss 2.4045 (2.8929)	Prec@1 50.000 (30.807)	Prec@5 68.750 (60.581)
Epoch: [1][400/5278], lr: 0.00100	Time 1.583 (1.622)	Data 0.000 (0.013)	Loss 2.6617 (2.8857)	Prec@1 34.375 (31.110)	Prec@5 56.250 (60.700)
Epoch: [1][420/5278], lr: 0.00100	Time 1.588 (1.621)	Data 0.000 (0.013)	Loss 3.1800 (2.8794)	Prec@1 21.875 (31.176)	Prec@5 50.000 (60.830)
Epoch: [1][440/5278], lr: 0.00100	Time 1.594 (1.620)	Data 0.000 (0.012)	Loss 2.7526 (2.8808)	Prec@1 37.500 (31.037)	Prec@5 62.500 (60.806)
Epoch: [1][460/5278], lr: 0.00100	Time 1.641 (1.620)	Data 0.000 (0.012)	Loss 3.3559 (2.8737)	Prec@1 28.125 (31.128)	Prec@5 53.125 (60.968)
Epoch: [1][480/5278], lr: 0.00100	Time 1.684 (1.620)	Data 0.000 (0.011)	Loss 3.7447 (2.8770)	Prec@1 15.625 (31.088)	Prec@5 43.750 (60.895)
Epoch: [1][500/5278], lr: 0.00100	Time 1.590 (1.620)	Data 0.000 (0.011)	Loss 4.0866 (2.8802)	Prec@1 9.375 (31.032)	Prec@5 31.250 (60.753)
Epoch: [1][520/5278], lr: 0.00100	Time 1.587 (1.619)	Data 0.001 (0.010)	Loss 2.5765 (2.8772)	Prec@1 40.625 (31.154)	Prec@5 62.500 (60.863)
Epoch: [1][540/5278], lr: 0.00100	Time 1.592 (1.619)	Data 0.000 (0.010)	Loss 3.1284 (2.8736)	Prec@1 18.750 (31.227)	Prec@5 62.500 (60.981)
Epoch: [1][560/5278], lr: 0.00100	Time 1.655 (1.619)	Data 0.001 (0.010)	Loss 2.6151 (2.8655)	Prec@1 31.250 (31.434)	Prec@5 62.500 (61.063)
Epoch: [1][580/5278], lr: 0.00100	Time 1.603 (1.618)	Data 0.000 (0.009)	Loss 2.5918 (2.8664)	Prec@1 34.375 (31.427)	Prec@5 56.250 (61.048)
Epoch: [1][600/5278], lr: 0.00100	Time 1.604 (1.618)	Data 0.000 (0.009)	Loss 2.4530 (2.8624)	Prec@1 43.750 (31.500)	Prec@5 65.625 (61.148)
Epoch: [1][620/5278], lr: 0.00100	Time 1.643 (1.618)	Data 0.000 (0.009)	Loss 2.7268 (2.8571)	Prec@1 37.500 (31.683)	Prec@5 59.375 (61.177)
Epoch: [1][640/5278], lr: 0.00100	Time 1.587 (1.617)	Data 0.000 (0.009)	Loss 3.1045 (2.8565)	Prec@1 21.875 (31.640)	Prec@5 56.250 (61.193)
Epoch: [1][660/5278], lr: 0.00100	Time 1.648 (1.617)	Data 0.000 (0.008)	Loss 3.1573 (2.8585)	Prec@1 28.125 (31.586)	Prec@5 56.250 (61.134)
Epoch: [1][680/5278], lr: 0.00100	Time 1.589 (1.616)	Data 0.000 (0.008)	Loss 2.9933 (2.8578)	Prec@1 40.625 (31.622)	Prec@5 56.250 (61.119)
Epoch: [1][700/5278], lr: 0.00100	Time 1.591 (1.616)	Data 0.000 (0.008)	Loss 2.9603 (2.8570)	Prec@1 18.750 (31.624)	Prec@5 62.500 (61.109)
Epoch: [1][720/5278], lr: 0.00100	Time 1.593 (1.616)	Data 0.000 (0.008)	Loss 3.1689 (2.8541)	Prec@1 31.250 (31.735)	Prec@5 59.375 (61.226)
Epoch: [1][740/5278], lr: 0.00100	Time 1.590 (1.616)	Data 0.000 (0.007)	Loss 2.3493 (2.8503)	Prec@1 43.750 (31.840)	Prec@5 68.750 (61.290)
Epoch: [1][760/5278], lr: 0.00100	Time 1.597 (1.615)	Data 0.000 (0.007)	Loss 3.1902 (2.8485)	Prec@1 37.500 (31.891)	Prec@5 56.250 (61.354)
Epoch: [1][780/5278], lr: 0.00100	Time 1.591 (1.615)	Data 0.000 (0.007)	Loss 2.8198 (2.8490)	Prec@1 37.500 (31.886)	Prec@5 68.750 (61.388)
Epoch: [1][800/5278], lr: 0.00100	Time 1.590 (1.615)	Data 0.000 (0.007)	Loss 2.8385 (2.8496)	Prec@1 25.000 (31.886)	Prec@5 59.375 (61.353)
Epoch: [1][820/5278], lr: 0.00100	Time 1.590 (1.615)	Data 0.000 (0.007)	Loss 2.6585 (2.8511)	Prec@1 31.250 (31.882)	Prec@5 68.750 (61.354)
Epoch: [1][840/5278], lr: 0.00100	Time 1.592 (1.615)	Data 0.000 (0.007)	Loss 2.3894 (2.8513)	Prec@1 43.750 (31.897)	Prec@5 68.750 (61.359)
Epoch: [1][860/5278], lr: 0.00100	Time 1.589 (1.614)	Data 0.000 (0.006)	Loss 2.9314 (2.8507)	Prec@1 28.125 (31.885)	Prec@5 65.625 (61.378)
Epoch: [1][880/5278], lr: 0.00100	Time 1.593 (1.614)	Data 0.000 (0.006)	Loss 2.3627 (2.8472)	Prec@1 37.500 (31.959)	Prec@5 71.875 (61.418)
Epoch: [1][900/5278], lr: 0.00100	Time 1.627 (1.614)	Data 0.000 (0.006)	Loss 2.5381 (2.8445)	Prec@1 34.375 (31.919)	Prec@5 71.875 (61.442)
Epoch: [1][920/5278], lr: 0.00100	Time 1.599 (1.614)	Data 0.000 (0.006)	Loss 2.8894 (2.8431)	Prec@1 31.250 (31.929)	Prec@5 50.000 (61.428)
Epoch: [1][940/5278], lr: 0.00100	Time 1.612 (1.614)	Data 0.000 (0.006)	Loss 2.7942 (2.8403)	Prec@1 34.375 (31.971)	Prec@5 56.250 (61.487)
Epoch: [1][960/5278], lr: 0.00100	Time 1.581 (1.614)	Data 0.000 (0.006)	Loss 2.8481 (2.8407)	Prec@1 28.125 (31.969)	Prec@5 71.875 (61.524)
Epoch: [1][980/5278], lr: 0.00100	Time 1.604 (1.614)	Data 0.000 (0.006)	Loss 3.3035 (2.8404)	Prec@1 28.125 (31.941)	Prec@5 68.750 (61.532)
Epoch: [1][1000/5278], lr: 0.00100	Time 1.658 (1.614)	Data 0.000 (0.006)	Loss 3.8873 (2.8413)	Prec@1 12.500 (31.949)	Prec@5 43.750 (61.523)
Epoch: [1][1020/5278], lr: 0.00100	Time 1.585 (1.614)	Data 0.000 (0.005)	Loss 2.7740 (2.8416)	Prec@1 34.375 (31.963)	Prec@5 62.500 (61.511)
Epoch: [1][1040/5278], lr: 0.00100	Time 1.590 (1.614)	Data 0.000 (0.005)	Loss 2.8812 (2.8390)	Prec@1 34.375 (32.009)	Prec@5 62.500 (61.557)
Epoch: [1][1060/5278], lr: 0.00100	Time 1.600 (1.613)	Data 0.000 (0.005)	Loss 2.3414 (2.8391)	Prec@1 37.500 (31.977)	Prec@5 78.125 (61.560)
Epoch: [1][1080/5278], lr: 0.00100	Time 1.585 (1.613)	Data 0.000 (0.005)	Loss 2.7785 (2.8364)	Prec@1 37.500 (32.031)	Prec@5 65.625 (61.639)
Epoch: [1][1100/5278], lr: 0.00100	Time 1.681 (1.613)	Data 0.000 (0.005)	Loss 2.9242 (2.8350)	Prec@1 31.250 (32.107)	Prec@5 56.250 (61.671)
Epoch: [1][1120/5278], lr: 0.00100	Time 1.647 (1.613)	Data 0.000 (0.005)	Loss 2.8083 (2.8346)	Prec@1 31.250 (32.125)	Prec@5 71.875 (61.678)
Epoch: [1][1140/5278], lr: 0.00100	Time 1.595 (1.613)	Data 0.000 (0.005)	Loss 2.4229 (2.8358)	Prec@1 31.250 (32.083)	Prec@5 68.750 (61.695)
Epoch: [1][1160/5278], lr: 0.00100	Time 1.590 (1.613)	Data 0.000 (0.005)	Loss 2.5145 (2.8355)	Prec@1 31.250 (32.060)	Prec@5 71.875 (61.698)
Epoch: [1][1180/5278], lr: 0.00100	Time 1.668 (1.613)	Data 0.000 (0.005)	Loss 2.7508 (2.8350)	Prec@1 34.375 (32.049)	Prec@5 68.750 (61.706)
Epoch: [1][1200/5278], lr: 0.00100	Time 1.595 (1.613)	Data 0.000 (0.005)	Loss 3.1881 (2.8360)	Prec@1 25.000 (32.041)	Prec@5 50.000 (61.662)
Epoch: [1][1220/5278], lr: 0.00100	Time 1.658 (1.613)	Data 0.000 (0.005)	Loss 2.6362 (2.8343)	Prec@1 37.500 (32.092)	Prec@5 62.500 (61.684)
Epoch: [1][1240/5278], lr: 0.00100	Time 1.583 (1.613)	Data 0.000 (0.005)	Loss 3.1864 (2.8334)	Prec@1 28.125 (32.119)	Prec@5 53.125 (61.677)
Epoch: [1][1260/5278], lr: 0.00100	Time 1.594 (1.613)	Data 0.001 (0.004)	Loss 2.3531 (2.8337)	Prec@1 40.625 (32.125)	Prec@5 62.500 (61.695)
Epoch: [1][1280/5278], lr: 0.00100	Time 1.597 (1.613)	Data 0.000 (0.004)	Loss 2.8060 (2.8315)	Prec@1 25.000 (32.167)	Prec@5 56.250 (61.727)
Epoch: [1][1300/5278], lr: 0.00100	Time 1.598 (1.613)	Data 0.000 (0.004)	Loss 2.6654 (2.8286)	Prec@1 40.625 (32.264)	Prec@5 59.375 (61.772)
Epoch: [1][1320/5278], lr: 0.00100	Time 1.590 (1.613)	Data 0.000 (0.004)	Loss 3.3773 (2.8273)	Prec@1 12.500 (32.274)	Prec@5 50.000 (61.781)
Epoch: [1][1340/5278], lr: 0.00100	Time 1.638 (1.613)	Data 0.000 (0.004)	Loss 3.1715 (2.8280)	Prec@1 28.125 (32.257)	Prec@5 62.500 (61.785)
Epoch: [1][1360/5278], lr: 0.00100	Time 1.579 (1.613)	Data 0.000 (0.004)	Loss 3.1271 (2.8278)	Prec@1 28.125 (32.263)	Prec@5 46.875 (61.756)
Epoch: [1][1380/5278], lr: 0.00100	Time 1.598 (1.613)	Data 0.000 (0.004)	Loss 3.2421 (2.8289)	Prec@1 21.875 (32.239)	Prec@5 53.125 (61.728)
Epoch: [1][1400/5278], lr: 0.00100	Time 1.654 (1.613)	Data 0.000 (0.004)	Loss 2.6314 (2.8273)	Prec@1 31.250 (32.294)	Prec@5 71.875 (61.793)
Epoch: [1][1420/5278], lr: 0.00100	Time 1.665 (1.613)	Data 0.001 (0.004)	Loss 2.3901 (2.8259)	Prec@1 37.500 (32.332)	Prec@5 71.875 (61.853)
Epoch: [1][1440/5278], lr: 0.00100	Time 1.594 (1.613)	Data 0.000 (0.004)	Loss 2.3863 (2.8252)	Prec@1 37.500 (32.345)	Prec@5 71.875 (61.875)
Epoch: [1][1460/5278], lr: 0.00100	Time 1.589 (1.613)	Data 0.000 (0.004)	Loss 2.6281 (2.8241)	Prec@1 25.000 (32.354)	Prec@5 75.000 (61.922)
Epoch: [1][1480/5278], lr: 0.00100	Time 1.655 (1.613)	Data 0.000 (0.004)	Loss 2.6643 (2.8238)	Prec@1 31.250 (32.398)	Prec@5 59.375 (61.907)
Epoch: [1][1500/5278], lr: 0.00100	Time 1.756 (1.613)	Data 0.000 (0.004)	Loss 2.6562 (2.8251)	Prec@1 34.375 (32.389)	Prec@5 65.625 (61.880)
Epoch: [1][1520/5278], lr: 0.00100	Time 1.649 (1.613)	Data 0.000 (0.004)	Loss 2.8040 (2.8247)	Prec@1 31.250 (32.421)	Prec@5 65.625 (61.882)
Epoch: [1][1540/5278], lr: 0.00100	Time 1.584 (1.613)	Data 0.000 (0.004)	Loss 2.4236 (2.8222)	Prec@1 31.250 (32.463)	Prec@5 68.750 (61.936)
Epoch: [1][1560/5278], lr: 0.00100	Time 1.595 (1.613)	Data 0.000 (0.004)	Loss 2.6872 (2.8205)	Prec@1 31.250 (32.495)	Prec@5 50.000 (61.953)
Epoch: [1][1580/5278], lr: 0.00100	Time 1.656 (1.613)	Data 0.000 (0.004)	Loss 2.3521 (2.8194)	Prec@1 46.875 (32.515)	Prec@5 68.750 (61.994)
Epoch: [1][1600/5278], lr: 0.00100	Time 1.642 (1.613)	Data 0.000 (0.004)	Loss 2.2301 (2.8178)	Prec@1 43.750 (32.564)	Prec@5 75.000 (62.016)
Epoch: [1][1620/5278], lr: 0.00100	Time 1.588 (1.613)	Data 0.000 (0.004)	Loss 2.8772 (2.8164)	Prec@1 25.000 (32.586)	Prec@5 56.250 (62.041)
Epoch: [1][1640/5278], lr: 0.00100	Time 1.591 (1.613)	Data 0.000 (0.003)	Loss 2.6333 (2.8141)	Prec@1 37.500 (32.644)	Prec@5 56.250 (62.094)
Epoch: [1][1660/5278], lr: 0.00100	Time 1.605 (1.613)	Data 0.000 (0.003)	Loss 2.3941 (2.8123)	Prec@1 40.625 (32.672)	Prec@5 75.000 (62.141)
Epoch: [1][1680/5278], lr: 0.00100	Time 1.597 (1.613)	Data 0.000 (0.003)	Loss 1.7848 (2.8109)	Prec@1 59.375 (32.674)	Prec@5 75.000 (62.143)
Epoch: [1][1700/5278], lr: 0.00100	Time 1.578 (1.613)	Data 0.000 (0.003)	Loss 2.3230 (2.8100)	Prec@1 50.000 (32.725)	Prec@5 71.875 (62.160)
Epoch: [1][1720/5278], lr: 0.00100	Time 1.638 (1.613)	Data 0.000 (0.003)	Loss 2.4132 (2.8097)	Prec@1 34.375 (32.726)	Prec@5 68.750 (62.188)
Epoch: [1][1740/5278], lr: 0.00100	Time 1.590 (1.613)	Data 0.000 (0.003)	Loss 2.8242 (2.8090)	Prec@1 25.000 (32.716)	Prec@5 62.500 (62.206)
Epoch: [1][1760/5278], lr: 0.00100	Time 1.587 (1.613)	Data 0.000 (0.003)	Loss 2.2364 (2.8073)	Prec@1 37.500 (32.714)	Prec@5 75.000 (62.252)
Epoch: [1][1780/5278], lr: 0.00100	Time 1.581 (1.613)	Data 0.000 (0.003)	Loss 2.6036 (2.8066)	Prec@1 37.500 (32.727)	Prec@5 62.500 (62.265)
Epoch: [1][1800/5278], lr: 0.00100	Time 1.579 (1.613)	Data 0.000 (0.003)	Loss 2.7936 (2.8055)	Prec@1 28.125 (32.756)	Prec@5 68.750 (62.290)
Epoch: [1][1820/5278], lr: 0.00100	Time 1.591 (1.613)	Data 0.000 (0.003)	Loss 2.6996 (2.8031)	Prec@1 34.375 (32.801)	Prec@5 56.250 (62.339)
Epoch: [1][1840/5278], lr: 0.00100	Time 1.583 (1.613)	Data 0.000 (0.003)	Loss 2.9705 (2.8031)	Prec@1 12.500 (32.790)	Prec@5 59.375 (62.337)
Epoch: [1][1860/5278], lr: 0.00100	Time 1.596 (1.613)	Data 0.000 (0.003)	Loss 2.9997 (2.8019)	Prec@1 34.375 (32.808)	Prec@5 53.125 (62.357)
Epoch: [1][1880/5278], lr: 0.00100	Time 1.592 (1.613)	Data 0.000 (0.003)	Loss 2.3950 (2.8002)	Prec@1 34.375 (32.852)	Prec@5 75.000 (62.390)
Epoch: [1][1900/5278], lr: 0.00100	Time 1.592 (1.613)	Data 0.000 (0.003)	Loss 2.6725 (2.7990)	Prec@1 50.000 (32.871)	Prec@5 68.750 (62.434)
Epoch: [1][1920/5278], lr: 0.00100	Time 1.592 (1.613)	Data 0.000 (0.003)	Loss 3.1333 (2.7990)	Prec@1 21.875 (32.867)	Prec@5 53.125 (62.440)
Epoch: [1][1940/5278], lr: 0.00100	Time 1.656 (1.613)	Data 0.000 (0.003)	Loss 2.4133 (2.7999)	Prec@1 34.375 (32.854)	Prec@5 78.125 (62.423)
Epoch: [1][1960/5278], lr: 0.00100	Time 1.577 (1.612)	Data 0.000 (0.003)	Loss 2.7475 (2.7988)	Prec@1 37.500 (32.875)	Prec@5 68.750 (62.467)
Epoch: [1][1980/5278], lr: 0.00100	Time 1.658 (1.612)	Data 0.000 (0.003)	Loss 2.7477 (2.7982)	Prec@1 25.000 (32.898)	Prec@5 62.500 (62.478)
Epoch: [1][2000/5278], lr: 0.00100	Time 1.593 (1.612)	Data 0.000 (0.003)	Loss 2.6462 (2.7982)	Prec@1 31.250 (32.913)	Prec@5 71.875 (62.497)
Epoch: [1][2020/5278], lr: 0.00100	Time 1.588 (1.612)	Data 0.000 (0.003)	Loss 3.0544 (2.7982)	Prec@1 28.125 (32.922)	Prec@5 46.875 (62.492)
Epoch: [1][2040/5278], lr: 0.00100	Time 1.581 (1.612)	Data 0.000 (0.003)	Loss 3.4940 (2.7976)	Prec@1 15.625 (32.934)	Prec@5 43.750 (62.509)
Epoch: [1][2060/5278], lr: 0.00100	Time 1.591 (1.612)	Data 0.000 (0.003)	Loss 2.5334 (2.7976)	Prec@1 37.500 (32.969)	Prec@5 65.625 (62.515)
Epoch: [1][2080/5278], lr: 0.00100	Time 1.586 (1.612)	Data 0.000 (0.003)	Loss 3.0210 (2.7976)	Prec@1 28.125 (32.969)	Prec@5 65.625 (62.517)
Epoch: [1][2100/5278], lr: 0.00100	Time 1.658 (1.612)	Data 0.000 (0.003)	Loss 2.6877 (2.7978)	Prec@1 37.500 (32.995)	Prec@5 65.625 (62.519)
Epoch: [1][2120/5278], lr: 0.00100	Time 1.596 (1.612)	Data 0.000 (0.003)	Loss 2.5723 (2.7960)	Prec@1 43.750 (33.039)	Prec@5 59.375 (62.562)
Epoch: [1][2140/5278], lr: 0.00100	Time 1.588 (1.612)	Data 0.000 (0.003)	Loss 3.0601 (2.7958)	Prec@1 18.750 (33.061)	Prec@5 59.375 (62.573)
Epoch: [1][2160/5278], lr: 0.00100	Time 1.585 (1.612)	Data 0.000 (0.003)	Loss 2.7281 (2.7966)	Prec@1 40.625 (33.074)	Prec@5 62.500 (62.567)
Epoch: [1][2180/5278], lr: 0.00100	Time 1.582 (1.612)	Data 0.000 (0.003)	Loss 2.8720 (2.7960)	Prec@1 25.000 (33.083)	Prec@5 65.625 (62.585)
Epoch: [1][2200/5278], lr: 0.00100	Time 1.602 (1.611)	Data 0.000 (0.003)	Loss 2.8696 (2.7957)	Prec@1 18.750 (33.100)	Prec@5 53.125 (62.567)
Epoch: [1][2220/5278], lr: 0.00100	Time 1.576 (1.611)	Data 0.000 (0.003)	Loss 2.7655 (2.7951)	Prec@1 31.250 (33.109)	Prec@5 56.250 (62.569)
Epoch: [1][2240/5278], lr: 0.00100	Time 1.653 (1.611)	Data 0.000 (0.003)	Loss 2.6927 (2.7945)	Prec@1 34.375 (33.127)	Prec@5 68.750 (62.589)
Epoch: [1][2260/5278], lr: 0.00100	Time 1.602 (1.611)	Data 0.000 (0.003)	Loss 2.4424 (2.7929)	Prec@1 43.750 (33.164)	Prec@5 65.625 (62.638)
Epoch: [1][2280/5278], lr: 0.00100	Time 1.590 (1.611)	Data 0.000 (0.003)	Loss 2.5783 (2.7918)	Prec@1 34.375 (33.193)	Prec@5 65.625 (62.667)
Epoch: [1][2300/5278], lr: 0.00100	Time 1.580 (1.611)	Data 0.000 (0.003)	Loss 3.0572 (2.7924)	Prec@1 31.250 (33.198)	Prec@5 56.250 (62.643)
Epoch: [1][2320/5278], lr: 0.00100	Time 1.571 (1.611)	Data 0.000 (0.003)	Loss 2.6886 (2.7932)	Prec@1 31.250 (33.175)	Prec@5 68.750 (62.637)
Epoch: [1][2340/5278], lr: 0.00100	Time 1.583 (1.611)	Data 0.000 (0.003)	Loss 2.3280 (2.7916)	Prec@1 40.625 (33.204)	Prec@5 62.500 (62.651)
Epoch: [1][2360/5278], lr: 0.00100	Time 1.583 (1.611)	Data 0.000 (0.002)	Loss 3.6531 (2.7924)	Prec@1 18.750 (33.217)	Prec@5 43.750 (62.623)
Epoch: [1][2380/5278], lr: 0.00100	Time 1.590 (1.611)	Data 0.000 (0.002)	Loss 2.7746 (2.7918)	Prec@1 34.375 (33.223)	Prec@5 56.250 (62.629)
Epoch: [1][2400/5278], lr: 0.00100	Time 1.589 (1.611)	Data 0.000 (0.002)	Loss 2.6333 (2.7916)	Prec@1 37.500 (33.237)	Prec@5 62.500 (62.625)
Epoch: [1][2420/5278], lr: 0.00100	Time 1.581 (1.611)	Data 0.000 (0.002)	Loss 3.1322 (2.7908)	Prec@1 21.875 (33.249)	Prec@5 43.750 (62.639)
Epoch: [1][2440/5278], lr: 0.00100	Time 1.587 (1.611)	Data 0.000 (0.002)	Loss 3.1893 (2.7898)	Prec@1 21.875 (33.261)	Prec@5 56.250 (62.669)
Epoch: [1][2460/5278], lr: 0.00100	Time 1.582 (1.611)	Data 0.000 (0.002)	Loss 2.4727 (2.7884)	Prec@1 34.375 (33.297)	Prec@5 68.750 (62.684)
Epoch: [1][2480/5278], lr: 0.00100	Time 1.634 (1.611)	Data 0.000 (0.002)	Loss 2.7842 (2.7877)	Prec@1 31.250 (33.323)	Prec@5 62.500 (62.698)
Epoch: [1][2500/5278], lr: 0.00100	Time 1.575 (1.611)	Data 0.000 (0.002)	Loss 2.3414 (2.7873)	Prec@1 40.625 (33.337)	Prec@5 68.750 (62.694)
Epoch: [1][2520/5278], lr: 0.00100	Time 1.584 (1.610)	Data 0.000 (0.002)	Loss 2.3482 (2.7859)	Prec@1 43.750 (33.360)	Prec@5 84.375 (62.719)
Epoch: [1][2540/5278], lr: 0.00100	Time 1.650 (1.610)	Data 0.000 (0.002)	Loss 2.6780 (2.7852)	Prec@1 50.000 (33.391)	Prec@5 65.625 (62.714)
Epoch: [1][2560/5278], lr: 0.00100	Time 1.591 (1.610)	Data 0.000 (0.002)	Loss 2.2727 (2.7848)	Prec@1 46.875 (33.406)	Prec@5 75.000 (62.727)
Epoch: [1][2580/5278], lr: 0.00100	Time 1.589 (1.610)	Data 0.000 (0.002)	Loss 2.6479 (2.7850)	Prec@1 34.375 (33.404)	Prec@5 71.875 (62.726)
Epoch: [1][2600/5278], lr: 0.00100	Time 1.599 (1.610)	Data 0.000 (0.002)	Loss 2.6694 (2.7845)	Prec@1 31.250 (33.428)	Prec@5 65.625 (62.744)
Epoch: [1][2620/5278], lr: 0.00100	Time 1.583 (1.610)	Data 0.000 (0.002)	Loss 2.6933 (2.7840)	Prec@1 40.625 (33.437)	Prec@5 68.750 (62.758)
Epoch: [1][2640/5278], lr: 0.00100	Time 1.585 (1.610)	Data 0.000 (0.002)	Loss 2.6366 (2.7836)	Prec@1 31.250 (33.458)	Prec@5 65.625 (62.771)
Epoch: [1][2660/5278], lr: 0.00100	Time 1.587 (1.610)	Data 0.000 (0.002)	Loss 2.6106 (2.7823)	Prec@1 43.750 (33.487)	Prec@5 59.375 (62.783)
Epoch: [1][2680/5278], lr: 0.00100	Time 1.683 (1.610)	Data 0.000 (0.002)	Loss 3.1153 (2.7825)	Prec@1 18.750 (33.489)	Prec@5 56.250 (62.783)
Epoch: [1][2700/5278], lr: 0.00100	Time 1.661 (1.610)	Data 0.000 (0.002)	Loss 2.8339 (2.7817)	Prec@1 34.375 (33.501)	Prec@5 56.250 (62.797)
Epoch: [1][2720/5278], lr: 0.00100	Time 1.655 (1.610)	Data 0.000 (0.002)	Loss 2.5630 (2.7814)	Prec@1 40.625 (33.518)	Prec@5 56.250 (62.797)
Epoch: [1][2740/5278], lr: 0.00100	Time 1.585 (1.610)	Data 0.000 (0.002)	Loss 3.0741 (2.7815)	Prec@1 34.375 (33.521)	Prec@5 56.250 (62.796)
Epoch: [1][2760/5278], lr: 0.00100	Time 1.582 (1.610)	Data 0.000 (0.002)	Loss 2.4757 (2.7802)	Prec@1 34.375 (33.554)	Prec@5 56.250 (62.820)
Epoch: [1][2780/5278], lr: 0.00100	Time 1.642 (1.610)	Data 0.000 (0.002)	Loss 2.2803 (2.7780)	Prec@1 43.750 (33.592)	Prec@5 68.750 (62.846)
Epoch: [1][2800/5278], lr: 0.00100	Time 1.587 (1.610)	Data 0.000 (0.002)	Loss 2.6887 (2.7769)	Prec@1 31.250 (33.594)	Prec@5 65.625 (62.872)
Epoch: [1][2820/5278], lr: 0.00100	Time 1.590 (1.610)	Data 0.000 (0.002)	Loss 2.6846 (2.7775)	Prec@1 40.625 (33.587)	Prec@5 59.375 (62.859)
Epoch: [1][2840/5278], lr: 0.00100	Time 1.595 (1.610)	Data 0.000 (0.002)	Loss 2.5995 (2.7764)	Prec@1 46.875 (33.616)	Prec@5 68.750 (62.881)
Epoch: [1][2860/5278], lr: 0.00100	Time 1.584 (1.610)	Data 0.000 (0.002)	Loss 2.7365 (2.7762)	Prec@1 43.750 (33.631)	Prec@5 68.750 (62.887)
Epoch: [1][2880/5278], lr: 0.00100	Time 1.591 (1.609)	Data 0.000 (0.002)	Loss 2.6578 (2.7757)	Prec@1 31.250 (33.646)	Prec@5 56.250 (62.898)
Epoch: [1][2900/5278], lr: 0.00100	Time 1.590 (1.609)	Data 0.000 (0.002)	Loss 2.3761 (2.7746)	Prec@1 37.500 (33.668)	Prec@5 65.625 (62.925)
Epoch: [1][2920/5278], lr: 0.00100	Time 1.644 (1.609)	Data 0.000 (0.002)	Loss 2.5625 (2.7737)	Prec@1 37.500 (33.687)	Prec@5 62.500 (62.936)
Epoch: [1][2940/5278], lr: 0.00100	Time 1.591 (1.609)	Data 0.000 (0.002)	Loss 2.1518 (2.7717)	Prec@1 43.750 (33.730)	Prec@5 75.000 (62.978)
Epoch: [1][2960/5278], lr: 0.00100	Time 1.662 (1.609)	Data 0.000 (0.002)	Loss 2.6379 (2.7707)	Prec@1 34.375 (33.757)	Prec@5 71.875 (63.000)
Epoch: [1][2980/5278], lr: 0.00100	Time 1.646 (1.609)	Data 0.000 (0.002)	Loss 3.2415 (2.7695)	Prec@1 28.125 (33.794)	Prec@5 46.875 (63.014)
Epoch: [1][3000/5278], lr: 0.00100	Time 1.643 (1.609)	Data 0.000 (0.002)	Loss 2.8009 (2.7695)	Prec@1 31.250 (33.794)	Prec@5 56.250 (63.021)
Epoch: [1][3020/5278], lr: 0.00100	Time 1.594 (1.609)	Data 0.000 (0.002)	Loss 2.5758 (2.7693)	Prec@1 31.250 (33.810)	Prec@5 68.750 (63.021)
Epoch: [1][3040/5278], lr: 0.00100	Time 1.592 (1.609)	Data 0.000 (0.002)	Loss 3.0632 (2.7691)	Prec@1 31.250 (33.832)	Prec@5 53.125 (63.024)
Epoch: [1][3060/5278], lr: 0.00100	Time 1.588 (1.609)	Data 0.000 (0.002)	Loss 2.3574 (2.7690)	Prec@1 43.750 (33.844)	Prec@5 71.875 (63.020)
Epoch: [1][3080/5278], lr: 0.00100	Time 1.679 (1.609)	Data 0.000 (0.002)	Loss 3.0727 (2.7685)	Prec@1 18.750 (33.862)	Prec@5 62.500 (63.028)
Epoch: [1][3100/5278], lr: 0.00100	Time 1.593 (1.609)	Data 0.000 (0.002)	Loss 2.6097 (2.7678)	Prec@1 31.250 (33.867)	Prec@5 71.875 (63.047)
Epoch: [1][3120/5278], lr: 0.00100	Time 1.593 (1.609)	Data 0.000 (0.002)	Loss 2.4062 (2.7667)	Prec@1 50.000 (33.876)	Prec@5 65.625 (63.070)
Epoch: [1][3140/5278], lr: 0.00100	Time 1.590 (1.609)	Data 0.000 (0.002)	Loss 3.0459 (2.7661)	Prec@1 34.375 (33.905)	Prec@5 59.375 (63.076)
Epoch: [1][3160/5278], lr: 0.00100	Time 1.655 (1.609)	Data 0.000 (0.002)	Loss 2.5511 (2.7659)	Prec@1 40.625 (33.908)	Prec@5 65.625 (63.076)
Epoch: [1][3180/5278], lr: 0.00100	Time 1.591 (1.609)	Data 0.000 (0.002)	Loss 2.4980 (2.7660)	Prec@1 37.500 (33.921)	Prec@5 75.000 (63.062)
Epoch: [1][3200/5278], lr: 0.00100	Time 1.594 (1.609)	Data 0.000 (0.002)	Loss 2.6311 (2.7655)	Prec@1 37.500 (33.922)	Prec@5 75.000 (63.076)
Epoch: [1][3220/5278], lr: 0.00100	Time 1.591 (1.609)	Data 0.000 (0.002)	Loss 2.6768 (2.7643)	Prec@1 31.250 (33.936)	Prec@5 53.125 (63.100)
Epoch: [1][3240/5278], lr: 0.00100	Time 1.582 (1.609)	Data 0.000 (0.002)	Loss 2.5404 (2.7632)	Prec@1 43.750 (33.957)	Prec@5 71.875 (63.116)
Epoch: [1][3260/5278], lr: 0.00100	Time 1.591 (1.609)	Data 0.000 (0.002)	Loss 2.9520 (2.7627)	Prec@1 31.250 (33.981)	Prec@5 62.500 (63.121)
Epoch: [1][3280/5278], lr: 0.00100	Time 1.599 (1.609)	Data 0.000 (0.002)	Loss 2.7673 (2.7622)	Prec@1 40.625 (33.992)	Prec@5 65.625 (63.131)
Epoch: [1][3300/5278], lr: 0.00100	Time 1.579 (1.609)	Data 0.000 (0.002)	Loss 2.5000 (2.7609)	Prec@1 31.250 (34.017)	Prec@5 68.750 (63.158)
Epoch: [1][3320/5278], lr: 0.00100	Time 1.586 (1.609)	Data 0.000 (0.002)	Loss 2.8046 (2.7601)	Prec@1 28.125 (34.041)	Prec@5 65.625 (63.173)
Epoch: [1][3340/5278], lr: 0.00100	Time 1.664 (1.609)	Data 0.000 (0.002)	Loss 2.4790 (2.7600)	Prec@1 43.750 (34.036)	Prec@5 71.875 (63.186)
Epoch: [1][3360/5278], lr: 0.00100	Time 1.589 (1.609)	Data 0.000 (0.002)	Loss 2.6851 (2.7592)	Prec@1 37.500 (34.058)	Prec@5 59.375 (63.193)
Epoch: [1][3380/5278], lr: 0.00100	Time 1.582 (1.609)	Data 0.000 (0.002)	Loss 2.7321 (2.7594)	Prec@1 37.500 (34.051)	Prec@5 65.625 (63.203)
Epoch: [1][3400/5278], lr: 0.00100	Time 1.574 (1.609)	Data 0.000 (0.002)	Loss 2.5872 (2.7592)	Prec@1 40.625 (34.056)	Prec@5 71.875 (63.215)
Epoch: [1][3420/5278], lr: 0.00100	Time 1.631 (1.609)	Data 0.000 (0.002)	Loss 2.9487 (2.7583)	Prec@1 28.125 (34.069)	Prec@5 59.375 (63.237)
Epoch: [1][3440/5278], lr: 0.00100	Time 1.591 (1.609)	Data 0.000 (0.002)	Loss 2.6184 (2.7580)	Prec@1 37.500 (34.081)	Prec@5 59.375 (63.246)
Epoch: [1][3460/5278], lr: 0.00100	Time 1.657 (1.609)	Data 0.000 (0.002)	Loss 3.2019 (2.7579)	Prec@1 25.000 (34.092)	Prec@5 62.500 (63.253)
Epoch: [1][3480/5278], lr: 0.00100	Time 1.582 (1.609)	Data 0.000 (0.002)	Loss 3.0477 (2.7583)	Prec@1 31.250 (34.091)	Prec@5 53.125 (63.233)
Epoch: [1][3500/5278], lr: 0.00100	Time 1.580 (1.609)	Data 0.000 (0.002)	Loss 2.3483 (2.7575)	Prec@1 40.625 (34.110)	Prec@5 65.625 (63.248)
Epoch: [1][3520/5278], lr: 0.00100	Time 1.579 (1.609)	Data 0.000 (0.002)	Loss 2.6206 (2.7563)	Prec@1 34.375 (34.128)	Prec@5 62.500 (63.267)
Epoch: [1][3540/5278], lr: 0.00100	Time 1.635 (1.609)	Data 0.000 (0.002)	Loss 2.8705 (2.7568)	Prec@1 31.250 (34.126)	Prec@5 53.125 (63.257)
Epoch: [1][3560/5278], lr: 0.00100	Time 1.582 (1.609)	Data 0.000 (0.002)	Loss 3.0961 (2.7558)	Prec@1 15.625 (34.142)	Prec@5 59.375 (63.271)
Epoch: [1][3580/5278], lr: 0.00100	Time 1.655 (1.609)	Data 0.000 (0.002)	Loss 2.5043 (2.7559)	Prec@1 40.625 (34.143)	Prec@5 65.625 (63.274)
Epoch: [1][3600/5278], lr: 0.00100	Time 1.597 (1.609)	Data 0.000 (0.002)	Loss 2.6348 (2.7546)	Prec@1 37.500 (34.179)	Prec@5 62.500 (63.304)
Epoch: [1][3620/5278], lr: 0.00100	Time 1.660 (1.609)	Data 0.000 (0.002)	Loss 2.2956 (2.7547)	Prec@1 46.875 (34.184)	Prec@5 65.625 (63.303)
Epoch: [1][3640/5278], lr: 0.00100	Time 1.589 (1.609)	Data 0.000 (0.002)	Loss 2.4807 (2.7545)	Prec@1 50.000 (34.190)	Prec@5 65.625 (63.296)
Epoch: [1][3660/5278], lr: 0.00100	Time 1.579 (1.609)	Data 0.000 (0.002)	Loss 2.3653 (2.7539)	Prec@1 43.750 (34.188)	Prec@5 71.875 (63.322)
Epoch: [1][3680/5278], lr: 0.00100	Time 1.582 (1.609)	Data 0.000 (0.002)	Loss 2.0720 (2.7529)	Prec@1 53.125 (34.219)	Prec@5 68.750 (63.343)
Epoch: [1][3700/5278], lr: 0.00100	Time 1.581 (1.609)	Data 0.000 (0.002)	Loss 2.2439 (2.7522)	Prec@1 53.125 (34.229)	Prec@5 71.875 (63.362)
Epoch: [1][3720/5278], lr: 0.00100	Time 1.595 (1.609)	Data 0.000 (0.002)	Loss 2.2020 (2.7515)	Prec@1 43.750 (34.242)	Prec@5 78.125 (63.376)
Epoch: [1][3740/5278], lr: 0.00100	Time 1.593 (1.609)	Data 0.000 (0.002)	Loss 2.8332 (2.7510)	Prec@1 31.250 (34.255)	Prec@5 62.500 (63.381)
Epoch: [1][3760/5278], lr: 0.00100	Time 1.654 (1.608)	Data 0.000 (0.002)	Loss 2.1954 (2.7503)	Prec@1 46.875 (34.263)	Prec@5 75.000 (63.403)
Epoch: [1][3780/5278], lr: 0.00100	Time 1.657 (1.608)	Data 0.000 (0.002)	Loss 2.6274 (2.7494)	Prec@1 46.875 (34.287)	Prec@5 59.375 (63.412)
Epoch: [1][3800/5278], lr: 0.00100	Time 1.576 (1.608)	Data 0.000 (0.002)	Loss 2.2909 (2.7482)	Prec@1 50.000 (34.304)	Prec@5 75.000 (63.440)
Epoch: [1][3820/5278], lr: 0.00100	Time 1.597 (1.608)	Data 0.000 (0.002)	Loss 2.2136 (2.7475)	Prec@1 56.250 (34.314)	Prec@5 71.875 (63.449)
Epoch: [1][3840/5278], lr: 0.00100	Time 1.656 (1.608)	Data 0.000 (0.002)	Loss 3.2640 (2.7472)	Prec@1 18.750 (34.320)	Prec@5 56.250 (63.459)
Epoch: [1][3860/5278], lr: 0.00100	Time 1.590 (1.608)	Data 0.000 (0.002)	Loss 2.7608 (2.7464)	Prec@1 31.250 (34.343)	Prec@5 62.500 (63.479)
Epoch: [1][3880/5278], lr: 0.00100	Time 1.593 (1.608)	Data 0.000 (0.002)	Loss 2.0830 (2.7461)	Prec@1 50.000 (34.358)	Prec@5 84.375 (63.483)
Epoch: [1][3900/5278], lr: 0.00100	Time 1.591 (1.608)	Data 0.000 (0.002)	Loss 2.8582 (2.7457)	Prec@1 25.000 (34.365)	Prec@5 62.500 (63.493)
Epoch: [1][3920/5278], lr: 0.00100	Time 1.590 (1.608)	Data 0.000 (0.002)	Loss 3.1856 (2.7449)	Prec@1 25.000 (34.389)	Prec@5 46.875 (63.516)
Epoch: [1][3940/5278], lr: 0.00100	Time 1.590 (1.608)	Data 0.000 (0.002)	Loss 3.0963 (2.7444)	Prec@1 18.750 (34.393)	Prec@5 59.375 (63.529)
Epoch: [1][3960/5278], lr: 0.00100	Time 1.590 (1.608)	Data 0.000 (0.002)	Loss 2.4304 (2.7437)	Prec@1 40.625 (34.405)	Prec@5 65.625 (63.544)
Epoch: [1][3980/5278], lr: 0.00100	Time 1.598 (1.608)	Data 0.000 (0.002)	Loss 2.4054 (2.7425)	Prec@1 50.000 (34.438)	Prec@5 62.500 (63.579)
Epoch: [1][4000/5278], lr: 0.00100	Time 1.589 (1.608)	Data 0.000 (0.002)	Loss 2.5733 (2.7418)	Prec@1 43.750 (34.441)	Prec@5 71.875 (63.587)
Epoch: [1][4020/5278], lr: 0.00100	Time 1.658 (1.609)	Data 0.000 (0.002)	Loss 2.5465 (2.7412)	Prec@1 40.625 (34.452)	Prec@5 62.500 (63.596)
Epoch: [1][4040/5278], lr: 0.00100	Time 1.586 (1.609)	Data 0.000 (0.002)	Loss 2.4894 (2.7405)	Prec@1 34.375 (34.453)	Prec@5 68.750 (63.615)
Epoch: [1][4060/5278], lr: 0.00100	Time 1.645 (1.609)	Data 0.000 (0.002)	Loss 3.5597 (2.7405)	Prec@1 21.875 (34.451)	Prec@5 37.500 (63.613)
Epoch: [1][4080/5278], lr: 0.00100	Time 1.657 (1.609)	Data 0.000 (0.002)	Loss 2.8693 (2.7397)	Prec@1 28.125 (34.468)	Prec@5 71.875 (63.626)
Epoch: [1][4100/5278], lr: 0.00100	Time 1.593 (1.608)	Data 0.000 (0.002)	Loss 2.1811 (2.7392)	Prec@1 34.375 (34.466)	Prec@5 71.875 (63.631)
Epoch: [1][4120/5278], lr: 0.00100	Time 1.596 (1.608)	Data 0.000 (0.002)	Loss 2.2277 (2.7386)	Prec@1 43.750 (34.476)	Prec@5 68.750 (63.649)
Epoch: [1][4140/5278], lr: 0.00100	Time 1.595 (1.608)	Data 0.000 (0.002)	Loss 2.2318 (2.7378)	Prec@1 40.625 (34.487)	Prec@5 65.625 (63.658)
Epoch: [1][4160/5278], lr: 0.00100	Time 1.586 (1.608)	Data 0.000 (0.002)	Loss 3.1511 (2.7375)	Prec@1 37.500 (34.497)	Prec@5 59.375 (63.669)
Epoch: [1][4180/5278], lr: 0.00100	Time 1.592 (1.608)	Data 0.000 (0.002)	Loss 2.5268 (2.7371)	Prec@1 43.750 (34.508)	Prec@5 68.750 (63.672)
Epoch: [1][4200/5278], lr: 0.00100	Time 1.580 (1.608)	Data 0.000 (0.001)	Loss 2.7874 (2.7364)	Prec@1 34.375 (34.530)	Prec@5 75.000 (63.686)
Epoch: [1][4220/5278], lr: 0.00100	Time 1.646 (1.608)	Data 0.000 (0.001)	Loss 2.6938 (2.7360)	Prec@1 31.250 (34.547)	Prec@5 65.625 (63.696)
Epoch: [1][4240/5278], lr: 0.00100	Time 1.640 (1.608)	Data 0.000 (0.001)	Loss 3.5017 (2.7356)	Prec@1 21.875 (34.559)	Prec@5 43.750 (63.702)
Epoch: [1][4260/5278], lr: 0.00100	Time 1.681 (1.608)	Data 0.000 (0.001)	Loss 2.3491 (2.7346)	Prec@1 31.250 (34.585)	Prec@5 68.750 (63.726)
Epoch: [1][4280/5278], lr: 0.00100	Time 1.653 (1.608)	Data 0.001 (0.001)	Loss 2.2039 (2.7344)	Prec@1 56.250 (34.591)	Prec@5 81.250 (63.737)
Epoch: [1][4300/5278], lr: 0.00100	Time 1.580 (1.608)	Data 0.000 (0.001)	Loss 3.0458 (2.7341)	Prec@1 31.250 (34.600)	Prec@5 59.375 (63.741)
Epoch: [1][4320/5278], lr: 0.00100	Time 1.578 (1.608)	Data 0.000 (0.001)	Loss 2.8321 (2.7332)	Prec@1 37.500 (34.610)	Prec@5 68.750 (63.756)
Epoch: [1][4340/5278], lr: 0.00100	Time 1.590 (1.608)	Data 0.001 (0.001)	Loss 2.7140 (2.7330)	Prec@1 37.500 (34.617)	Prec@5 62.500 (63.749)
Epoch: [1][4360/5278], lr: 0.00100	Time 1.578 (1.608)	Data 0.000 (0.001)	Loss 1.8822 (2.7321)	Prec@1 50.000 (34.624)	Prec@5 78.125 (63.769)
Epoch: [1][4380/5278], lr: 0.00100	Time 1.592 (1.608)	Data 0.000 (0.001)	Loss 2.8735 (2.7321)	Prec@1 34.375 (34.617)	Prec@5 62.500 (63.763)
Epoch: [1][4400/5278], lr: 0.00100	Time 1.591 (1.608)	Data 0.000 (0.001)	Loss 2.5644 (2.7313)	Prec@1 43.750 (34.637)	Prec@5 62.500 (63.782)
Epoch: [1][4420/5278], lr: 0.00100	Time 1.594 (1.608)	Data 0.000 (0.001)	Loss 2.7034 (2.7305)	Prec@1 31.250 (34.653)	Prec@5 53.125 (63.794)
Epoch: [1][4440/5278], lr: 0.00100	Time 1.583 (1.608)	Data 0.000 (0.001)	Loss 2.7162 (2.7297)	Prec@1 37.500 (34.658)	Prec@5 71.875 (63.807)
Epoch: [1][4460/5278], lr: 0.00100	Time 1.582 (1.608)	Data 0.000 (0.001)	Loss 2.7367 (2.7285)	Prec@1 43.750 (34.685)	Prec@5 62.500 (63.824)
Epoch: [1][4480/5278], lr: 0.00100	Time 1.654 (1.608)	Data 0.000 (0.001)	Loss 3.0433 (2.7281)	Prec@1 31.250 (34.697)	Prec@5 59.375 (63.840)
Epoch: [1][4500/5278], lr: 0.00100	Time 1.582 (1.608)	Data 0.000 (0.001)	Loss 2.4217 (2.7276)	Prec@1 37.500 (34.708)	Prec@5 71.875 (63.842)
Epoch: [1][4520/5278], lr: 0.00100	Time 1.657 (1.608)	Data 0.000 (0.001)	Loss 3.3012 (2.7274)	Prec@1 21.875 (34.710)	Prec@5 46.875 (63.842)
Epoch: [1][4540/5278], lr: 0.00100	Time 1.656 (1.608)	Data 0.000 (0.001)	Loss 2.1504 (2.7265)	Prec@1 46.875 (34.731)	Prec@5 75.000 (63.869)
Epoch: [1][4560/5278], lr: 0.00100	Time 1.585 (1.608)	Data 0.000 (0.001)	Loss 2.6421 (2.7263)	Prec@1 46.875 (34.734)	Prec@5 71.875 (63.872)
Epoch: [1][4580/5278], lr: 0.00100	Time 1.589 (1.608)	Data 0.000 (0.001)	Loss 2.5521 (2.7261)	Prec@1 37.500 (34.742)	Prec@5 59.375 (63.878)
Epoch: [1][4600/5278], lr: 0.00100	Time 1.593 (1.608)	Data 0.000 (0.001)	Loss 2.1187 (2.7256)	Prec@1 56.250 (34.752)	Prec@5 71.875 (63.887)
Epoch: [1][4620/5278], lr: 0.00100	Time 1.657 (1.608)	Data 0.000 (0.001)	Loss 2.7696 (2.7252)	Prec@1 34.375 (34.758)	Prec@5 65.625 (63.892)
Epoch: [1][4640/5278], lr: 0.00100	Time 1.577 (1.608)	Data 0.000 (0.001)	Loss 2.8771 (2.7248)	Prec@1 28.125 (34.760)	Prec@5 62.500 (63.901)
Epoch: [1][4660/5278], lr: 0.00100	Time 1.740 (1.608)	Data 0.000 (0.001)	Loss 2.6595 (2.7240)	Prec@1 43.750 (34.777)	Prec@5 65.625 (63.927)
Epoch: [1][4680/5278], lr: 0.00100	Time 1.593 (1.608)	Data 0.000 (0.001)	Loss 3.3524 (2.7236)	Prec@1 31.250 (34.796)	Prec@5 46.875 (63.945)
Epoch: [1][4700/5278], lr: 0.00100	Time 1.582 (1.608)	Data 0.000 (0.001)	Loss 2.9858 (2.7227)	Prec@1 43.750 (34.811)	Prec@5 59.375 (63.973)
Epoch: [1][4720/5278], lr: 0.00100	Time 1.650 (1.608)	Data 0.000 (0.001)	Loss 2.3854 (2.7226)	Prec@1 50.000 (34.813)	Prec@5 68.750 (63.971)
Epoch: [1][4740/5278], lr: 0.00100	Time 1.658 (1.608)	Data 0.000 (0.001)	Loss 2.6716 (2.7221)	Prec@1 43.750 (34.834)	Prec@5 68.750 (63.972)
Epoch: [1][4760/5278], lr: 0.00100	Time 1.584 (1.608)	Data 0.000 (0.001)	Loss 2.5848 (2.7216)	Prec@1 40.625 (34.844)	Prec@5 59.375 (63.979)
Epoch: [1][4780/5278], lr: 0.00100	Time 1.651 (1.608)	Data 0.000 (0.001)	Loss 2.2838 (2.7206)	Prec@1 43.750 (34.859)	Prec@5 75.000 (63.989)
Epoch: [1][4800/5278], lr: 0.00100	Time 1.589 (1.608)	Data 0.000 (0.001)	Loss 2.9851 (2.7201)	Prec@1 28.125 (34.877)	Prec@5 62.500 (63.998)
Epoch: [1][4820/5278], lr: 0.00100	Time 1.672 (1.608)	Data 0.000 (0.001)	Loss 2.5617 (2.7196)	Prec@1 37.500 (34.889)	Prec@5 62.500 (64.001)
Epoch: [1][4840/5278], lr: 0.00100	Time 1.580 (1.608)	Data 0.000 (0.001)	Loss 2.3505 (2.7192)	Prec@1 40.625 (34.900)	Prec@5 62.500 (64.007)
Epoch: [1][4860/5278], lr: 0.00100	Time 1.583 (1.608)	Data 0.000 (0.001)	Loss 2.4465 (2.7186)	Prec@1 53.125 (34.921)	Prec@5 65.625 (64.020)
Epoch: [1][4880/5278], lr: 0.00100	Time 1.592 (1.608)	Data 0.000 (0.001)	Loss 2.4501 (2.7179)	Prec@1 40.625 (34.936)	Prec@5 75.000 (64.037)
Epoch: [1][4900/5278], lr: 0.00100	Time 1.660 (1.608)	Data 0.000 (0.001)	Loss 2.5845 (2.7174)	Prec@1 34.375 (34.949)	Prec@5 71.875 (64.044)
Epoch: [1][4920/5278], lr: 0.00100	Time 1.625 (1.608)	Data 0.000 (0.001)	Loss 2.2365 (2.7167)	Prec@1 37.500 (34.962)	Prec@5 65.625 (64.060)
Epoch: [1][4940/5278], lr: 0.00100	Time 1.652 (1.608)	Data 0.000 (0.001)	Loss 2.1726 (2.7160)	Prec@1 50.000 (34.969)	Prec@5 71.875 (64.079)
Epoch: [1][4960/5278], lr: 0.00100	Time 1.660 (1.608)	Data 0.000 (0.001)	Loss 2.2764 (2.7161)	Prec@1 40.625 (34.962)	Prec@5 75.000 (64.071)
Epoch: [1][4980/5278], lr: 0.00100	Time 1.591 (1.608)	Data 0.000 (0.001)	Loss 2.2976 (2.7158)	Prec@1 46.875 (34.962)	Prec@5 71.875 (64.073)
Epoch: [1][5000/5278], lr: 0.00100	Time 1.653 (1.608)	Data 0.000 (0.001)	Loss 2.2999 (2.7158)	Prec@1 34.375 (34.966)	Prec@5 71.875 (64.073)
Epoch: [1][5020/5278], lr: 0.00100	Time 1.584 (1.608)	Data 0.000 (0.001)	Loss 1.8938 (2.7152)	Prec@1 53.125 (34.979)	Prec@5 71.875 (64.081)
Epoch: [1][5040/5278], lr: 0.00100	Time 1.583 (1.608)	Data 0.000 (0.001)	Loss 2.4978 (2.7149)	Prec@1 28.125 (34.982)	Prec@5 75.000 (64.088)
Epoch: [1][5060/5278], lr: 0.00100	Time 1.578 (1.608)	Data 0.000 (0.001)	Loss 2.2613 (2.7143)	Prec@1 46.875 (34.989)	Prec@5 75.000 (64.101)
Epoch: [1][5080/5278], lr: 0.00100	Time 1.580 (1.609)	Data 0.000 (0.001)	Loss 2.7142 (2.7136)	Prec@1 28.125 (35.008)	Prec@5 78.125 (64.118)
Epoch: [1][5100/5278], lr: 0.00100	Time 1.578 (1.609)	Data 0.000 (0.001)	Loss 2.8233 (2.7126)	Prec@1 31.250 (35.023)	Prec@5 62.500 (64.134)
Epoch: [1][5120/5278], lr: 0.00100	Time 1.577 (1.609)	Data 0.000 (0.001)	Loss 2.7447 (2.7117)	Prec@1 37.500 (35.043)	Prec@5 71.875 (64.154)
Epoch: [1][5140/5278], lr: 0.00100	Time 1.587 (1.609)	Data 0.000 (0.001)	Loss 3.1807 (2.7107)	Prec@1 28.125 (35.055)	Prec@5 59.375 (64.175)
Epoch: [1][5160/5278], lr: 0.00100	Time 1.655 (1.609)	Data 0.000 (0.001)	Loss 2.3754 (2.7103)	Prec@1 56.250 (35.069)	Prec@5 71.875 (64.180)
Epoch: [1][5180/5278], lr: 0.00100	Time 1.594 (1.609)	Data 0.000 (0.001)	Loss 2.3750 (2.7101)	Prec@1 28.125 (35.069)	Prec@5 75.000 (64.183)
Epoch: [1][5200/5278], lr: 0.00100	Time 1.663 (1.609)	Data 0.000 (0.001)	Loss 2.6128 (2.7096)	Prec@1 43.750 (35.082)	Prec@5 65.625 (64.199)
Epoch: [1][5220/5278], lr: 0.00100	Time 1.579 (1.609)	Data 0.000 (0.001)	Loss 2.5768 (2.7085)	Prec@1 40.625 (35.096)	Prec@5 62.500 (64.218)
Epoch: [1][5240/5278], lr: 0.00100	Time 1.584 (1.609)	Data 0.000 (0.001)	Loss 2.5927 (2.7083)	Prec@1 37.500 (35.096)	Prec@5 65.625 (64.219)
Epoch: [1][5260/5278], lr: 0.00100	Time 1.652 (1.609)	Data 0.000 (0.001)	Loss 1.9739 (2.7076)	Prec@1 34.375 (35.106)	Prec@5 90.625 (64.233)
Test: [0/775]	Time 10.319 (10.319)	Loss 2.3516 (2.3516)	Prec@1 46.875 (46.875)	Prec@5 71.875 (71.875)
Test: [20/775]	Time 0.468 (0.986)	Loss 2.4372 (2.4806)	Prec@1 31.250 (40.030)	Prec@5 78.125 (70.685)
Test: [40/775]	Time 0.486 (0.737)	Loss 2.8310 (2.4487)	Prec@1 25.000 (39.787)	Prec@5 59.375 (70.884)
Test: [60/775]	Time 0.466 (0.653)	Loss 2.2559 (2.4118)	Prec@1 31.250 (40.215)	Prec@5 75.000 (71.260)
Test: [80/775]	Time 0.495 (0.612)	Loss 2.3707 (2.4546)	Prec@1 40.625 (39.892)	Prec@5 75.000 (70.525)
Test: [100/775]	Time 0.488 (0.586)	Loss 2.1932 (2.4636)	Prec@1 37.500 (39.542)	Prec@5 78.125 (70.111)
Test: [120/775]	Time 0.485 (0.569)	Loss 3.1178 (2.4820)	Prec@1 31.250 (39.127)	Prec@5 59.375 (69.267)
Test: [140/775]	Time 0.507 (0.557)	Loss 2.1074 (2.4919)	Prec@1 43.750 (38.852)	Prec@5 81.250 (68.927)
Test: [160/775]	Time 0.479 (0.549)	Loss 3.3618 (2.4860)	Prec@1 18.750 (38.665)	Prec@5 50.000 (68.886)
Test: [180/775]	Time 0.485 (0.541)	Loss 2.8817 (2.4933)	Prec@1 46.875 (38.795)	Prec@5 59.375 (68.750)
Test: [200/775]	Time 0.494 (0.536)	Loss 2.2825 (2.4986)	Prec@1 43.750 (38.853)	Prec@5 78.125 (68.626)
Test: [220/775]	Time 0.465 (0.531)	Loss 2.6260 (2.5087)	Prec@1 50.000 (38.716)	Prec@5 62.500 (68.481)
Test: [240/775]	Time 0.486 (0.528)	Loss 2.7055 (2.5066)	Prec@1 31.250 (38.771)	Prec@5 65.625 (68.646)
Test: [260/775]	Time 0.486 (0.524)	Loss 2.7575 (2.5100)	Prec@1 34.375 (38.673)	Prec@5 59.375 (68.678)
Test: [280/775]	Time 0.487 (0.522)	Loss 2.7489 (2.5012)	Prec@1 37.500 (38.923)	Prec@5 68.750 (68.717)
Test: [300/775]	Time 0.480 (0.520)	Loss 2.2729 (2.5033)	Prec@1 37.500 (38.829)	Prec@5 75.000 (68.781)
Test: [320/775]	Time 0.487 (0.518)	Loss 2.8342 (2.5000)	Prec@1 31.250 (38.951)	Prec@5 65.625 (68.867)
Test: [340/775]	Time 0.469 (0.516)	Loss 2.8195 (2.5012)	Prec@1 34.375 (38.893)	Prec@5 56.250 (68.759)
Test: [360/775]	Time 0.488 (0.514)	Loss 2.4246 (2.4988)	Prec@1 46.875 (38.980)	Prec@5 65.625 (68.906)
Test: [380/775]	Time 0.494 (0.513)	Loss 2.4461 (2.4992)	Prec@1 28.125 (38.862)	Prec@5 71.875 (68.865)
Test: [400/775]	Time 0.488 (0.512)	Loss 2.6544 (2.4948)	Prec@1 28.125 (39.027)	Prec@5 65.625 (68.945)
Test: [420/775]	Time 0.488 (0.510)	Loss 2.6139 (2.4947)	Prec@1 25.000 (39.096)	Prec@5 62.500 (68.936)
Test: [440/775]	Time 0.465 (0.509)	Loss 3.0964 (2.4973)	Prec@1 28.125 (39.066)	Prec@5 65.625 (68.870)
Test: [460/775]	Time 0.481 (0.508)	Loss 2.5211 (2.4964)	Prec@1 37.500 (39.059)	Prec@5 53.125 (68.906)
Test: [480/775]	Time 0.490 (0.507)	Loss 2.8132 (2.5012)	Prec@1 34.375 (38.994)	Prec@5 59.375 (68.802)
Test: [500/775]	Time 0.484 (0.507)	Loss 2.5318 (2.5030)	Prec@1 37.500 (38.922)	Prec@5 75.000 (68.825)
Test: [520/775]	Time 0.467 (0.506)	Loss 2.6008 (2.5057)	Prec@1 31.250 (38.874)	Prec@5 71.875 (68.714)
Test: [540/775]	Time 0.487 (0.505)	Loss 2.5493 (2.5045)	Prec@1 37.500 (38.933)	Prec@5 59.375 (68.658)
Test: [560/775]	Time 0.492 (0.504)	Loss 2.5967 (2.5087)	Prec@1 34.375 (38.870)	Prec@5 59.375 (68.544)
Test: [580/775]	Time 0.492 (0.503)	Loss 2.0712 (2.5090)	Prec@1 46.875 (38.748)	Prec@5 78.125 (68.551)
Test: [600/775]	Time 0.470 (0.503)	Loss 2.5608 (2.5078)	Prec@1 31.250 (38.795)	Prec@5 84.375 (68.646)
Test: [620/775]	Time 0.466 (0.502)	Loss 3.2814 (2.5049)	Prec@1 15.625 (38.803)	Prec@5 56.250 (68.720)
Test: [640/775]	Time 0.498 (0.502)	Loss 2.2326 (2.5030)	Prec@1 37.500 (38.821)	Prec@5 78.125 (68.760)
Test: [660/775]	Time 0.489 (0.501)	Loss 3.0070 (2.5037)	Prec@1 25.000 (38.687)	Prec@5 56.250 (68.755)
Test: [680/775]	Time 0.491 (0.501)	Loss 2.8926 (2.4996)	Prec@1 40.625 (38.762)	Prec@5 65.625 (68.856)
Test: [700/775]	Time 0.484 (0.501)	Loss 2.6310 (2.4999)	Prec@1 46.875 (38.717)	Prec@5 59.375 (68.835)
Test: [720/775]	Time 0.489 (0.500)	Loss 2.5706 (2.5018)	Prec@1 46.875 (38.640)	Prec@5 71.875 (68.828)
Test: [740/775]	Time 0.484 (0.500)	Loss 2.4023 (2.5018)	Prec@1 43.750 (38.723)	Prec@5 68.750 (68.868)
Test: [760/775]	Time 0.465 (0.499)	Loss 1.8806 (2.5021)	Prec@1 46.875 (38.781)	Prec@5 81.250 (68.877)
Testing Results: Prec@1 38.822 Prec@5 68.907 Loss 2.50085
Best Prec@1: 38.822

Freezing BatchNorm2D except the first one.
Epoch: [2][0/5278], lr: 0.00100	Time 8.128 (8.128)	Data 6.420 (6.420)	Loss 2.6022 (2.6022)	Prec@1 37.500 (37.500)	Prec@5 71.875 (71.875)
Epoch: [2][20/5278], lr: 0.00100	Time 1.589 (1.918)	Data 0.000 (0.306)	Loss 3.0514 (2.6969)	Prec@1 25.000 (36.458)	Prec@5 56.250 (66.369)
Epoch: [2][40/5278], lr: 0.00100	Time 1.665 (1.764)	Data 0.000 (0.157)	Loss 2.8016 (2.5577)	Prec@1 37.500 (38.796)	Prec@5 68.750 (68.064)
Epoch: [2][60/5278], lr: 0.00100	Time 1.586 (1.710)	Data 0.000 (0.105)	Loss 2.0464 (2.5220)	Prec@1 53.125 (38.986)	Prec@5 84.375 (68.340)
Epoch: [2][80/5278], lr: 0.00100	Time 1.591 (1.684)	Data 0.000 (0.079)	Loss 2.6883 (2.5274)	Prec@1 31.250 (38.349)	Prec@5 68.750 (67.940)
Epoch: [2][100/5278], lr: 0.00100	Time 1.649 (1.669)	Data 0.000 (0.064)	Loss 2.2960 (2.5138)	Prec@1 43.750 (38.583)	Prec@5 75.000 (68.410)
Epoch: [2][120/5278], lr: 0.00100	Time 1.588 (1.659)	Data 0.000 (0.053)	Loss 2.4631 (2.5196)	Prec@1 53.125 (39.360)	Prec@5 71.875 (67.665)
Epoch: [2][140/5278], lr: 0.00100	Time 1.584 (1.651)	Data 0.000 (0.046)	Loss 2.7309 (2.5155)	Prec@1 37.500 (39.317)	Prec@5 62.500 (67.642)
Epoch: [2][160/5278], lr: 0.00100	Time 1.594 (1.647)	Data 0.000 (0.040)	Loss 2.1464 (2.5199)	Prec@1 37.500 (39.266)	Prec@5 75.000 (67.508)
Epoch: [2][180/5278], lr: 0.00100	Time 1.592 (1.642)	Data 0.000 (0.036)	Loss 1.8454 (2.5071)	Prec@1 53.125 (39.537)	Prec@5 81.250 (67.697)
Epoch: [2][200/5278], lr: 0.00100	Time 1.651 (1.639)	Data 0.000 (0.032)	Loss 2.9402 (2.5194)	Prec@1 34.375 (39.335)	Prec@5 62.500 (67.444)
Epoch: [2][220/5278], lr: 0.00100	Time 1.671 (1.637)	Data 0.000 (0.029)	Loss 2.3726 (2.5200)	Prec@1 43.750 (39.239)	Prec@5 68.750 (67.562)
Epoch: [2][240/5278], lr: 0.00100	Time 1.597 (1.635)	Data 0.000 (0.027)	Loss 2.4273 (2.5258)	Prec@1 31.250 (39.160)	Prec@5 78.125 (67.544)
Epoch: [2][260/5278], lr: 0.00100	Time 1.597 (1.633)	Data 0.000 (0.025)	Loss 2.1066 (2.5222)	Prec@1 46.875 (39.212)	Prec@5 84.375 (67.601)
Epoch: [2][280/5278], lr: 0.00100	Time 1.584 (1.633)	Data 0.000 (0.023)	Loss 2.6515 (2.5287)	Prec@1 34.375 (39.001)	Prec@5 68.750 (67.504)
Epoch: [2][300/5278], lr: 0.00100	Time 1.581 (1.631)	Data 0.000 (0.022)	Loss 1.7178 (2.5330)	Prec@1 56.250 (38.953)	Prec@5 84.375 (67.473)
Epoch: [2][320/5278], lr: 0.00100	Time 1.655 (1.630)	Data 0.000 (0.020)	Loss 2.8556 (2.5195)	Prec@1 31.250 (39.272)	Prec@5 53.125 (67.650)
Epoch: [2][340/5278], lr: 0.00100	Time 1.597 (1.629)	Data 0.000 (0.019)	Loss 2.1622 (2.5182)	Prec@1 43.750 (39.397)	Prec@5 75.000 (67.724)
Epoch: [2][360/5278], lr: 0.00100	Time 1.597 (1.628)	Data 0.000 (0.018)	Loss 2.6941 (2.5202)	Prec@1 43.750 (39.413)	Prec@5 59.375 (67.659)
Epoch: [2][380/5278], lr: 0.00100	Time 1.660 (1.627)	Data 0.000 (0.017)	Loss 1.9784 (2.5252)	Prec@1 46.875 (39.296)	Prec@5 81.250 (67.577)
Epoch: [2][400/5278], lr: 0.00100	Time 1.620 (1.627)	Data 0.000 (0.016)	Loss 2.2759 (2.5215)	Prec@1 50.000 (39.207)	Prec@5 78.125 (67.698)
Epoch: [2][420/5278], lr: 0.00100	Time 1.582 (1.626)	Data 0.000 (0.015)	Loss 2.9987 (2.5239)	Prec@1 25.000 (39.103)	Prec@5 53.125 (67.577)
Epoch: [2][440/5278], lr: 0.00100	Time 1.652 (1.625)	Data 0.000 (0.015)	Loss 2.6502 (2.5242)	Prec@1 34.375 (39.109)	Prec@5 68.750 (67.588)
Epoch: [2][460/5278], lr: 0.00100	Time 1.582 (1.624)	Data 0.000 (0.014)	Loss 2.6187 (2.5228)	Prec@1 34.375 (39.059)	Prec@5 71.875 (67.604)
Epoch: [2][480/5278], lr: 0.00100	Time 1.583 (1.624)	Data 0.000 (0.014)	Loss 2.1510 (2.5195)	Prec@1 40.625 (39.033)	Prec@5 75.000 (67.769)
Epoch: [2][500/5278], lr: 0.00100	Time 1.651 (1.623)	Data 0.000 (0.013)	Loss 2.7583 (2.5175)	Prec@1 28.125 (39.122)	Prec@5 59.375 (67.808)
Epoch: [2][520/5278], lr: 0.00100	Time 1.603 (1.622)	Data 0.000 (0.013)	Loss 2.4405 (2.5195)	Prec@1 37.500 (39.036)	Prec@5 81.250 (67.820)
Epoch: [2][540/5278], lr: 0.00100	Time 1.659 (1.622)	Data 0.000 (0.012)	Loss 2.5667 (2.5177)	Prec@1 37.500 (39.077)	Prec@5 68.750 (67.832)
Epoch: [2][560/5278], lr: 0.00100	Time 1.584 (1.621)	Data 0.000 (0.012)	Loss 2.9921 (2.5216)	Prec@1 40.625 (39.104)	Prec@5 53.125 (67.758)
Epoch: [2][580/5278], lr: 0.00100	Time 1.582 (1.621)	Data 0.000 (0.011)	Loss 2.8364 (2.5229)	Prec@1 37.500 (39.049)	Prec@5 56.250 (67.739)
Epoch: [2][600/5278], lr: 0.00100	Time 1.606 (1.621)	Data 0.000 (0.011)	Loss 2.7055 (2.5245)	Prec@1 37.500 (38.946)	Prec@5 68.750 (67.689)
Epoch: [2][620/5278], lr: 0.00100	Time 1.686 (1.621)	Data 0.000 (0.011)	Loss 1.8904 (2.5238)	Prec@1 53.125 (38.934)	Prec@5 78.125 (67.718)
Epoch: [2][640/5278], lr: 0.00100	Time 1.588 (1.620)	Data 0.000 (0.010)	Loss 2.3497 (2.5208)	Prec@1 40.625 (38.958)	Prec@5 68.750 (67.770)
Epoch: [2][660/5278], lr: 0.00100	Time 1.597 (1.620)	Data 0.000 (0.010)	Loss 2.7469 (2.5216)	Prec@1 37.500 (38.928)	Prec@5 56.250 (67.715)
Epoch: [2][680/5278], lr: 0.00100	Time 1.639 (1.620)	Data 0.000 (0.010)	Loss 2.2897 (2.5262)	Prec@1 46.875 (38.826)	Prec@5 75.000 (67.617)
Epoch: [2][700/5278], lr: 0.00100	Time 1.655 (1.619)	Data 0.000 (0.009)	Loss 1.7914 (2.5233)	Prec@1 43.750 (38.882)	Prec@5 84.375 (67.689)
Epoch: [2][720/5278], lr: 0.00100	Time 1.645 (1.619)	Data 0.000 (0.009)	Loss 2.0827 (2.5186)	Prec@1 46.875 (38.891)	Prec@5 78.125 (67.783)
Epoch: [2][740/5278], lr: 0.00100	Time 1.585 (1.618)	Data 0.000 (0.009)	Loss 2.4926 (2.5183)	Prec@1 43.750 (38.921)	Prec@5 62.500 (67.831)
Epoch: [2][760/5278], lr: 0.00100	Time 1.580 (1.618)	Data 0.000 (0.009)	Loss 2.6853 (2.5178)	Prec@1 28.125 (38.921)	Prec@5 62.500 (67.859)
Epoch: [2][780/5278], lr: 0.00100	Time 1.589 (1.618)	Data 0.000 (0.008)	Loss 2.7437 (2.5191)	Prec@1 28.125 (38.896)	Prec@5 65.625 (67.850)
Epoch: [2][800/5278], lr: 0.00100	Time 1.652 (1.618)	Data 0.000 (0.008)	Loss 2.5148 (2.5177)	Prec@1 43.750 (38.932)	Prec@5 65.625 (67.880)
Epoch: [2][820/5278], lr: 0.00100	Time 1.642 (1.617)	Data 0.000 (0.008)	Loss 1.8751 (2.5138)	Prec@1 53.125 (39.049)	Prec@5 78.125 (67.954)
Epoch: [2][840/5278], lr: 0.00100	Time 1.660 (1.617)	Data 0.000 (0.008)	Loss 2.3057 (2.5159)	Prec@1 46.875 (39.012)	Prec@5 68.750 (67.929)
Epoch: [2][860/5278], lr: 0.00100	Time 1.643 (1.617)	Data 0.000 (0.008)	Loss 2.3323 (2.5180)	Prec@1 40.625 (38.984)	Prec@5 71.875 (67.901)
Epoch: [2][880/5278], lr: 0.00100	Time 1.653 (1.617)	Data 0.000 (0.008)	Loss 2.4951 (2.5158)	Prec@1 37.500 (39.022)	Prec@5 65.625 (67.902)
Epoch: [2][900/5278], lr: 0.00100	Time 1.595 (1.617)	Data 0.000 (0.007)	Loss 2.1312 (2.5140)	Prec@1 43.750 (39.012)	Prec@5 78.125 (67.921)
Epoch: [2][920/5278], lr: 0.00100	Time 1.592 (1.617)	Data 0.000 (0.007)	Loss 2.2733 (2.5142)	Prec@1 40.625 (39.037)	Prec@5 68.750 (67.942)
Epoch: [2][940/5278], lr: 0.00100	Time 1.635 (1.617)	Data 0.000 (0.007)	Loss 2.5228 (2.5132)	Prec@1 37.500 (39.041)	Prec@5 68.750 (67.986)
Epoch: [2][960/5278], lr: 0.00100	Time 1.580 (1.616)	Data 0.000 (0.007)	Loss 2.3241 (2.5093)	Prec@1 43.750 (39.093)	Prec@5 68.750 (68.064)
Epoch: [2][980/5278], lr: 0.00100	Time 1.664 (1.616)	Data 0.000 (0.007)	Loss 1.9711 (2.5069)	Prec@1 50.000 (39.131)	Prec@5 81.250 (68.097)
Epoch: [2][1000/5278], lr: 0.00100	Time 1.611 (1.616)	Data 0.000 (0.007)	Loss 2.1721 (2.5053)	Prec@1 40.625 (39.161)	Prec@5 78.125 (68.138)
Epoch: [2][1020/5278], lr: 0.00100	Time 1.579 (1.616)	Data 0.000 (0.007)	Loss 1.7227 (2.5052)	Prec@1 50.000 (39.177)	Prec@5 87.500 (68.141)
Epoch: [2][1040/5278], lr: 0.00100	Time 1.675 (1.616)	Data 0.000 (0.006)	Loss 2.2120 (2.5049)	Prec@1 46.875 (39.196)	Prec@5 81.250 (68.135)
Epoch: [2][1060/5278], lr: 0.00100	Time 1.596 (1.616)	Data 0.000 (0.006)	Loss 2.8570 (2.5062)	Prec@1 34.375 (39.202)	Prec@5 62.500 (68.114)
Epoch: [2][1080/5278], lr: 0.00100	Time 1.657 (1.616)	Data 0.000 (0.006)	Loss 3.0098 (2.5070)	Prec@1 37.500 (39.185)	Prec@5 50.000 (68.123)
Epoch: [2][1100/5278], lr: 0.00100	Time 1.585 (1.616)	Data 0.000 (0.006)	Loss 2.4755 (2.5067)	Prec@1 43.750 (39.212)	Prec@5 68.750 (68.128)
Epoch: [2][1120/5278], lr: 0.00100	Time 1.578 (1.615)	Data 0.000 (0.006)	Loss 2.2193 (2.5063)	Prec@1 56.250 (39.267)	Prec@5 81.250 (68.137)
Epoch: [2][1140/5278], lr: 0.00100	Time 1.589 (1.616)	Data 0.000 (0.006)	Loss 2.5269 (2.5069)	Prec@1 40.625 (39.245)	Prec@5 65.625 (68.139)
Epoch: [2][1160/5278], lr: 0.00100	Time 1.581 (1.616)	Data 0.000 (0.006)	Loss 2.1816 (2.5051)	Prec@1 46.875 (39.293)	Prec@5 71.875 (68.185)
Epoch: [2][1180/5278], lr: 0.00100	Time 1.655 (1.615)	Data 0.000 (0.006)	Loss 2.3697 (2.5068)	Prec@1 43.750 (39.257)	Prec@5 75.000 (68.157)
Epoch: [2][1200/5278], lr: 0.00100	Time 1.597 (1.615)	Data 0.000 (0.006)	Loss 2.3478 (2.5070)	Prec@1 40.625 (39.233)	Prec@5 71.875 (68.172)
Epoch: [2][1220/5278], lr: 0.00100	Time 1.593 (1.615)	Data 0.000 (0.005)	Loss 2.7731 (2.5065)	Prec@1 28.125 (39.238)	Prec@5 65.625 (68.169)
Epoch: [2][1240/5278], lr: 0.00100	Time 1.592 (1.615)	Data 0.000 (0.005)	Loss 2.6018 (2.5056)	Prec@1 34.375 (39.265)	Prec@5 65.625 (68.181)
Epoch: [2][1260/5278], lr: 0.00100	Time 1.589 (1.615)	Data 0.000 (0.005)	Loss 3.0243 (2.5040)	Prec@1 34.375 (39.324)	Prec@5 56.250 (68.170)
Epoch: [2][1280/5278], lr: 0.00100	Time 1.644 (1.615)	Data 0.000 (0.005)	Loss 2.8036 (2.5056)	Prec@1 40.625 (39.266)	Prec@5 56.250 (68.135)
Epoch: [2][1300/5278], lr: 0.00100	Time 1.580 (1.615)	Data 0.000 (0.005)	Loss 3.3348 (2.5066)	Prec@1 28.125 (39.225)	Prec@5 53.125 (68.089)
Epoch: [2][1320/5278], lr: 0.00100	Time 1.592 (1.615)	Data 0.000 (0.005)	Loss 2.6143 (2.5077)	Prec@1 40.625 (39.206)	Prec@5 62.500 (68.047)
Epoch: [2][1340/5278], lr: 0.00100	Time 1.639 (1.615)	Data 0.000 (0.005)	Loss 2.2286 (2.5067)	Prec@1 46.875 (39.255)	Prec@5 81.250 (68.074)
Epoch: [2][1360/5278], lr: 0.00100	Time 1.586 (1.615)	Data 0.000 (0.005)	Loss 2.2960 (2.5059)	Prec@1 43.750 (39.279)	Prec@5 65.625 (68.084)
Epoch: [2][1380/5278], lr: 0.00100	Time 1.593 (1.615)	Data 0.000 (0.005)	Loss 2.7265 (2.5065)	Prec@1 34.375 (39.290)	Prec@5 68.750 (68.094)
Epoch: [2][1400/5278], lr: 0.00100	Time 1.593 (1.614)	Data 0.000 (0.005)	Loss 2.1879 (2.5056)	Prec@1 46.875 (39.311)	Prec@5 71.875 (68.123)
Epoch: [2][1420/5278], lr: 0.00100	Time 1.641 (1.614)	Data 0.000 (0.005)	Loss 2.6365 (2.5054)	Prec@1 40.625 (39.332)	Prec@5 62.500 (68.108)
Epoch: [2][1440/5278], lr: 0.00100	Time 1.644 (1.614)	Data 0.000 (0.005)	Loss 2.4699 (2.5051)	Prec@1 37.500 (39.322)	Prec@5 59.375 (68.095)
Epoch: [2][1460/5278], lr: 0.00100	Time 1.592 (1.614)	Data 0.000 (0.005)	Loss 2.4436 (2.5046)	Prec@1 34.375 (39.297)	Prec@5 71.875 (68.102)
Epoch: [2][1480/5278], lr: 0.00100	Time 1.627 (1.614)	Data 0.000 (0.005)	Loss 2.1660 (2.5030)	Prec@1 34.375 (39.304)	Prec@5 68.750 (68.136)
Epoch: [2][1500/5278], lr: 0.00100	Time 1.641 (1.614)	Data 0.000 (0.004)	Loss 2.1059 (2.5027)	Prec@1 40.625 (39.324)	Prec@5 75.000 (68.098)
Epoch: [2][1520/5278], lr: 0.00100	Time 1.590 (1.614)	Data 0.000 (0.004)	Loss 2.6726 (2.5021)	Prec@1 25.000 (39.345)	Prec@5 71.875 (68.105)
Epoch: [2][1540/5278], lr: 0.00100	Time 1.652 (1.614)	Data 0.000 (0.004)	Loss 2.8606 (2.5013)	Prec@1 25.000 (39.349)	Prec@5 62.500 (68.115)
Epoch: [2][1560/5278], lr: 0.00100	Time 1.585 (1.614)	Data 0.000 (0.004)	Loss 2.5602 (2.5009)	Prec@1 37.500 (39.360)	Prec@5 71.875 (68.099)
Epoch: [2][1580/5278], lr: 0.00100	Time 1.640 (1.614)	Data 0.000 (0.004)	Loss 2.0138 (2.5010)	Prec@1 50.000 (39.384)	Prec@5 71.875 (68.096)
Epoch: [2][1600/5278], lr: 0.00100	Time 1.588 (1.614)	Data 0.000 (0.004)	Loss 2.2983 (2.4998)	Prec@1 43.750 (39.382)	Prec@5 71.875 (68.125)
Epoch: [2][1620/5278], lr: 0.00100	Time 1.583 (1.614)	Data 0.000 (0.004)	Loss 2.5801 (2.4996)	Prec@1 34.375 (39.364)	Prec@5 68.750 (68.118)
Epoch: [2][1640/5278], lr: 0.00100	Time 1.641 (1.613)	Data 0.000 (0.004)	Loss 2.3463 (2.5017)	Prec@1 50.000 (39.347)	Prec@5 68.750 (68.074)
Epoch: [2][1660/5278], lr: 0.00100	Time 1.652 (1.613)	Data 0.000 (0.004)	Loss 2.5704 (2.5004)	Prec@1 31.250 (39.349)	Prec@5 65.625 (68.095)
